      96281, 95,1851,-1162,120,25,-46, 151.8741, 169.3644, 157.3218, 173928
      96281, 110,-2749,2097,1053,25,714, 151.8741, 169.3644, 157.3218, 173928
      96281, 104,-2708,1668,174,25,-115, 151.8741, 169.3644, 157.3218, 173928
      96578, 95,2629,-1475,120,25,-46, 153.5002, 169.9920, 151.7706, 174131
      96578, 110,-2749,2097,1053,25,128, 153.5002, 169.9920, 151.7706, 174131
      96578, 104,-2749,1276,248,25,159, 153.5002, 169.9920, 151.7706, 174131
      96859, 95,2639,-1779,120,25,-329, 155.4971, 171.4735, 137.6299, 174556
      96859, 104,-2749,1276,248,25,18, 155.4971, 171.4735, 137.6299, 174556
      97171, 95,2639,-1189,120,25,-81, 156.0346, 171.2491, 138.3166, 174729
      97171, 104,-693,899,184,25,262, 156.0346, 171.2491, 138.3166, 174729
      97468, 95,2306,-1178,120,25,-81, 157.1497, 171.2066, 140.2916, 175164
      97468, 104,-469,813,152,25,262, 157.1497, 171.2066, 140.2916, 175164
      97765, 95,1566,-1162,174,25,-329, 157.6750, 170.7786, 146.0272, 175351
      97765, 104,-2749,1276,400,25,268, 157.6750, 170.7786, 146.0272, 175351
      98078, 95,1501,-1100,241,25,-329, 158.5244, 170.5816, 152.9955, 175746
      98078, 104,-2749,1276,400,25,268, 158.5244, 170.5816, 152.9955, 175746
      98359, 95,1501,-1100,241,25,123, 159.6284, 170.3659, 151.4622, 176041
      98359, 104,-1058,2054,406,25,-135, 159.6284, 170.3659, 151.4622, 176041
      98671, 95,1501,-1100,241,25,27, 160.0418, 170.1326, 151.6374, 176248
      98671, 104,-1058,2054,406,25,-135, 160.0418, 170.1326, 151.6374, 176248
      98968, 95,1496,-1100,150,25,591, 161.2782, 169.8119, 154.0444, 176657
      98968, 104,-873,2047,191,25,-132, 161.2782, 169.8119, 154.0444, 176657
      99265, 95,1496,-1100,150,25,769, 162.6175, 169.7275, 155.3852, 176956
      99265, 104,-859,2047,137,25,-711, 162.6175, 169.7275, 155.3852, 176956
      99578, 95,1496,-1100,150,25,627, 164.2726, 169.8766, 156.5746, 177270
      99578, 104,-859,2047,124,25,-249, 164.2726, 169.8766, 156.5746, 177270
      99875, 95,1496,-1881,121,25,310, 166.9780, 170.4404, 156.9389, 177670
      99875, 104,-511,1683,338,25,126, 166.9780, 170.4404, 156.9389, 177670
     100156, 95,1496,-1881,121,25,310, 167.5100, 170.5509, 156.8705, 177748
     100156, 104,-511,1683,338,25,520, 167.5100, 170.5509, 156.8705, 177748
     100468, 95,1556,-1942,120,25,-184, 169.8977, 170.9724, 158.2977, 178152
     100468, 104,-856,2042,133,25,-54, 169.8977, 170.9724, 158.2977, 178152
     100781, 95,1501,-1964,120,25,-212, 171.7723, 171.0840, 162.9693, 178470
     100781, 104,-856,2042,123,25,-35, 171.7723, 171.0840, 162.9693, 178470
     100781, 110,-1621,1571,471,25,-294, 171.7723, 171.0840, 162.9693, 178470
     101078, 95,1496,-1964,120,25,-216, 174.3182, 170.9263, 166.7298, 178863
     101078, 104,-856,2042,123,25,-39, 174.3182, 170.9263, 166.7298, 178863
     101078, 110,-1641,1571,383,25,-284, 174.3182, 170.9263, 166.7298, 178863
     101375, 95,1496,-1964,120,25,46, 175.1949, 170.9251, 167.1336, 178971
     101375, 104,-856,2042,120,25,-39, 175.1949, 170.9251, 167.1336, 178971
     101375, 110,-1641,1571,383,25,-221, 175.1949, 170.9251, 167.1336, 178971
     101671, 95,1556,-1964,120,25,46, 178.5131, 171.0352, 169.4843, 179408
     101671, 104,-856,2042,120,25,71, 178.5131, 171.0352, 169.4843, 179408
     101671, 110,-1641,1571,383,25,-309, 178.5131, 171.0352, 169.4843, 179408
     101984, 95,1072,-1964,207,25,149, 179.7582, 170.9778, 170.0680, 179565
     101984, 104,-856,2042,120,25,60, 179.7582, 170.9778, 170.0680, 179565
     101984, 110,-1646,2017,294,25,-193, 179.7582, 170.9778, 170.0680, 179565
     102281, 95,729,-1890,385,25,136, 182.6186, 170.8587, 172.3640, 179979
     102281, 104,-856,2042,120,25,60, 182.6186, 170.8587, 172.3640, 179979
     102281, 110,-1646,2042,339,25,-248, 182.6186, 170.8587, 172.3640, 179979
     102578, 95,1065,-1964,207,25,135, 185.1495, 170.5427, 171.0611, 180324
     102578, 104,-856,2042,120,25,56, 185.1495, 170.5427, 171.0611, 180324
     102578, 110,-1646,2042,339,25,-275, 185.1495, 170.5427, 171.0611, 180324
     102875, 95,1150,-1964,163,25,135, 186.3230, 170.6293, 170.1384, 180481
     102875, 104,-511,1683,120,25,56, 186.3230, 170.6293, 170.1384, 180481
     102875, 110,-1646,2042,339,25,-196, 186.3230, 170.6293, 170.1384, 180481
     103171, 95,852,-1964,183,25,128, 189.1717, 170.6532, 167.8669, 180880
     103171, 104,-421,1596,120,25,56, 189.1717, 170.6532, 167.8669, 180880
     103171, 110,-1646,2042,485,25,-178, 189.1717, 170.6532, 167.8669, 180880
     103468, 95,712,-1890,244,25,82, 191.9664, 170.3415, 170.6361, 181291
     103468, 104,-398,1576,120,25,56, 191.9664, 170.3415, 170.6361, 181291
     103468, 110,-1646,2042,181,25,0, 191.9664, 170.3415, 170.6361, 181291
     103781, 95,712,-1890,244,25,-97, 192.5764, 170.4016, 170.5931, 181394
     103781, 104,-398,1576,120,25,-164, 192.5764, 170.4016, 170.5931, 181394
     103781, 110,-1646,2042,378,25,127, 192.5764, 170.4016, 170.5931, 181394
     104078, 95,705,-1885,326,25,-107, 195.2352, 170.2362, 171.0630, 181774
     104078, 104,-393,1571,120,25,-587, 195.2352, 170.2362, 171.0630, 181774
     104078, 110,-1296,1683,249,25,131, 195.2352, 170.2362, 171.0630, 181774
     104375, 95,471,-1942,270,25,-218, 197.6926, 170.4397, 170.2478, 182090
     104375, 104,-393,1571,120,25,-587, 197.6926, 170.4397, 170.2478, 182090
     104375, 110,-1626,1576,463,25,81, 197.6926, 170.4397, 170.2478, 182090
     104671, 95,691,-1885,265,25,147, 199.3538, 170.2570, 171.6255, 182290
     104671, 104,-832,2479,120,25,-666, 199.3538, 170.2570, 171.6255, 182290
     104671, 110,-1646,2017,381,25,81, 199.3538, 170.2570, 171.6255, 182290
     104968, 95,691,-1885,265,25,147, 202.4883, 169.8433, 175.4281, 182679
     104968, 104,-856,2807,120,25,-704, 202.4883, 169.8433, 175.4281, 182679
     104968, 110,-1296,1678,250,25,0, 202.4883, 169.8433, 175.4281, 182679
     105281, 95,691,-1885,265,25,-218, 204.4773, 170.1804, 170.5364, 182914
     105281, 104,-511,2470,120,25,-797, 204.4773, 170.1804, 170.5364, 182914
     105281, 110,-1210,1596,185,25,-214, 204.4773, 170.1804, 170.5364, 182914
     105578, 95,705,-1885,264,25,-54, 207.9162, 170.5949, 166.6075, 183311
     105578, 104,-511,2470,120,25,117, 207.9162, 170.5949, 166.6075, 183311
     105578, 110,-1189,1871,152,25,-347, 207.9162, 170.5949, 166.6075, 183311
     105875, 95,471,-1942,293,25,-7, 209.5252, 170.9177, 166.8199, 183503
     105875, 104,-421,2390,120,25,96, 209.5252, 170.9177, 166.8199, 183503
     105875, 110,-1182,1942,136,25,-357, 209.5252, 170.9177, 166.8199, 183503
     106171, 95,471,-1942,293,25,-2, 212.8327, 171.1514, 167.5123, 183883
     106171, 104,-398,2374,120,25,47, 212.8327, 171.1514, 167.5123, 183883
     106171, 110,-1178,1958,128,25,0, 212.8327, 171.1514, 167.5123, 183883
     106484, 95,691,-1885,339,25,0, 214.7719, 171.4294, 166.6314, 184106
     106484, 104,-393,2368,120,25,289, 214.7719, 171.4294, 166.6314, 184106
     106484, 110,-1178,1964,124,25,122, 214.7719, 171.4294, 166.6314, 184106
     106781, 95,691,-1885,339,25,0, 218.1868, 171.9403, 165.1577, 184511
     106781, 104,-856,2828,197,25,365, 218.1868, 171.9403, 165.1577, 184511
     106781, 110,-1178,1964,122,25,108, 218.1868, 171.9403, 165.1577, 184511
     107078, 95,1546,-1964,138,25,57, 220.5906, 172.4637, 164.2970, 184809
     107078, 104,-856,2828,197,25,365, 220.5906, 172.4637, 164.2970, 184809
     107078, 110,-1178,1964,122,25,-150, 220.5906, 172.4637, 164.2970, 184809
     107375, 95,1501,-1964,124,25,-177, 224.4072, 173.3649, 159.9076, 185247
     107375, 104,-856,2828,139,25,39, 224.4072, 173.3649, 159.9076, 185247
     107375, 110,-1178,1964,121,25,-277, 224.4072, 173.3649, 159.9076, 185247
     107671, 95,1501,-1964,124,25,-177, 224.9836, 173.5223, 160.7912, 185300
     107671, 104,-856,2828,300,25,-168, 224.9836, 173.5223, 160.7912, 185300
     107671, 110,-1178,1964,120,25,-175, 224.9836, 173.5223, 160.7912, 185300
     107968, 95,1556,-1964,120,25,116, 228.2947, 174.3351, 160.2860, 185689
     107968, 104,-511,2477,210,25,-199, 228.2947, 174.3351, 160.2860, 185689
     107968, 110,-1178,1964,120,25,-69, 228.2947, 174.3351, 160.2860, 185689
     108281, 95,1501,-1964,120,25,116, 230.9937, 175.0400, 160.1196, 186003
     108281, 104,-511,2477,210,25,-26, 230.9937, 175.0400, 160.1196, 186003
     108281, 110,-1178,1964,120,25,89, 230.9937, 175.0400, 160.1196, 186003
     108578, 95,1556,-1964,120,25,-171, 234.5317, 175.7893, 162.0089, 186415
     108578, 104,-839,2807,142,25,297, 234.5317, 175.7893, 162.0089, 186415
     108578, 110,-1178,1964,120,25,-3, 234.5317, 175.7893, 162.0089, 186415
     108875, 95,1271,-1964,120,25,-171, 235.2857, 175.9193, 163.1042, 186509
     108875, 104,-506,2470,131,25,300, 235.2857, 175.9193, 163.1042, 186509
     108875, 110,-1178,1964,120,25,-3, 235.2857, 175.9193, 163.1042, 186509
     109171, 95,708,-1964,356,25,116, 238.7736, 176.6442, 161.9538, 186907
     109171, 104,-836,2807,122,25,-167, 238.7736, 176.6442, 161.9538, 186907
     109171, 110,-1178,1964,120,25,-153, 238.7736, 176.6442, 161.9538, 186907
     109468, 95,708,-1964,356,25,116, 241.3070, 177.0250, 164.2109, 187205
     109468, 104,-856,2828,120,25,-167, 241.3070, 177.0250, 164.2109, 187205
     109468, 110,-1178,1964,120,25,-25, 241.3070, 177.0250, 164.2109, 187205
     109781, 95,1448,-1964,179,25,-16, 243.0638, 177.5557, 160.7666, 187418
     109781, 104,-856,2828,120,25,-84, 243.0638, 177.5557, 160.7666, 187418
     109781, 110,-1178,1964,120,25,25, 243.0638, 177.5557, 160.7666, 187418
     110078, 95,1448,-1964,179,25,-16, 246.6156, 178.5311, 157.9763, 187844
     110078, 104,-856,2828,295,25,-84, 246.6156, 178.5311, 157.9763, 187844
     110078, 110,-1178,1964,120,25,47, 246.6156, 178.5311, 157.9763, 187844
     110375, 95,1556,-1964,127,25,-180, 248.9661, 179.2015, 157.2751, 188132
     110375, 104,-856,2828,295,25,163, 248.9661, 179.2015, 157.2751, 188132
     110375, 110,-1178,1964,120,25,-112, 248.9661, 179.2015, 157.2751, 188132
     110671, 95,1496,-1964,120,25,57, 250.5190, 179.6545, 157.0005, 188333
     110671, 104,-511,2477,207,25,-65, 250.5190, 179.6545, 157.0005, 188333
     110671, 110,-1178,1964,120,25,-53, 250.5190, 179.6545, 157.0005, 188333
     110984, 95,1496,-1964,120,25,57, 253.9332, 180.8186, 156.1585, 188737
     110984, 104,-511,2477,207,25,-72, 253.9332, 180.8186, 156.1585, 188737
     110984, 110,-1178,1964,120,25,-131, 253.9332, 180.8186, 156.1585, 188737
     111281, 95,1496,-1964,120,25,116, 255.4254, 181.2400, 158.0595, 188926
     111281, 104,-421,2390,163,25,-72, 255.4254, 181.2400, 158.0595, 188926
     111281, 110,-1178,1964,120,25,-61, 255.4254, 181.2400, 158.0595, 188926
     111578, 95,1496,-1964,120,25,235, 259.1707, 182.0389, 160.3832, 189349
     111578, 104,-836,2802,130,25,-78, 259.1707, 182.0389, 160.3832, 189349
     111578, 110,-1178,1964,120,25,-61, 259.1707, 182.0389, 160.3832, 189349
     111875, 95,1496,-1964,120,25,159, 262.7273, 182.7783, 162.7129, 189762
     111875, 104,-856,2828,122,25,-78, 262.7273, 182.7783, 162.7129, 189762
     111875, 110,-1178,1964,120,25,26, 262.7273, 182.7783, 162.7129, 189762
     112171, 95,1496,-1964,120,25,-165, 263.2314, 183.0229, 162.3716, 189842
     112171, 104,-856,2828,122,25,-26, 263.2314, 183.0229, 162.3716, 189842
     112171, 110,-1178,1964,120,25,34, 263.2314, 183.0229, 162.3716, 189842
     112468, 95,1496,-1964,120,25,-165, 264.8748, 183.3243, 162.0436, 190032
     112468, 104,-856,2828,120,25,19, 264.8748, 183.3243, 162.0436, 190032
     112468, 110,-1178,1964,120,25,104, 264.8748, 183.3243, 162.0436, 190032
     112781, 95,1072,-1964,275,25,-187, 270.1410, 184.5883, 160.7824, 190649
     112781, 104,-856,2828,120,25,19, 270.1410, 184.5883, 160.7824, 190649
     112781, 110,-1178,1964,120,25,53, 270.1410, 184.5883, 160.7824, 190649
     113078, 95,1469,-1964,158,25,-187, 270.1410, 184.5883, 160.7824, 190649
     113078, 104,-856,2828,120,25,23, 270.1410, 184.5883, 160.7824, 190649
     113078, 110,-1178,1964,120,25,7, 270.1410, 184.5883, 160.7824, 190649
     113375, 95,1496,-1964,129,25,116, 273.3354, 185.3987, 159.3890, 191027
     113375, 104,-856,2828,120,25,23, 273.3354, 185.3987, 159.3890, 191027
     113375, 110,-1178,1964,120,25,23, 273.3354, 185.3987, 159.3890, 191027
     113671, 95,1496,-1964,129,25,116, 276.6809, 186.3427, 158.9387, 191443
     113671, 104,-856,2828,120,25,182, 276.6809, 186.3427, 158.9387, 191443
     113671, 110,-1178,1964,120,25,23, 276.6809, 186.3427, 158.9387, 191443
     113984, 95,1556,-1964,121,25,57, 277.8489, 186.6555, 158.6543, 191578
     113984, 104,-856,2828,120,25,31, 277.8489, 186.6555, 158.6543, 191578
     113984, 110,-1178,1964,120,25,44, 277.8489, 186.6555, 158.6543, 191578
     114281, 95,1556,-1964,121,25,57, 280.9950, 187.4959, 158.4144, 191935
     114281, 104,-856,2828,120,25,-62, 280.9950, 187.4959, 158.4144, 191935
     114281, 110,-1178,1964,120,25,22, 280.9950, 187.4959, 158.4144, 191935
     114578, 95,1501,-1964,120,25,-174, 283.7705, 188.3824, 158.1193, 192292
     114578, 104,-511,2477,120,25,-62, 283.7705, 188.3824, 158.1193, 192292
     114578, 110,-1178,1964,120,25,133, 283.7705, 188.3824, 158.1193, 192292
     114875, 95,1501,-1964,120,25,-174, 285.2935, 188.7573, 157.3001, 192449
     114875, 104,-839,2807,228,25,-154, 285.2935, 188.7573, 157.3001, 192449
     114875, 110,-1178,1964,120,25,-52, 285.2935, 188.7573, 157.3001, 192449
     115171, 95,1261,-1964,120,25,57, 288.4409, 189.4335, 160.2131, 192838
     115171, 104,-839,2807,228,25,-154, 288.4409, 189.4335, 160.2131, 192838
     115171, 110,-1178,1964,120,25,-49, 288.4409, 189.4335, 160.2131, 192838
     115468, 95,1480,-1964,120,25,13, 292.0332, 190.4283, 159.0637, 193252
     115468, 104,-506,2470,174,25,25, 292.0332, 190.4283, 159.0637, 193252
     115468, 110,-1178,1964,120,25,-116, 292.0332, 190.4283, 159.0637, 193252
     115781, 95,1257,-1964,120,25,4, 292.7995, 190.7364, 159.0457, 193359
     115781, 104,-836,2807,133,25,189, 292.7995, 190.7364, 159.0457, 193359
     115781, 110,-1178,1964,120,25,-135, 292.7995, 190.7364, 159.0457, 193359
     116078, 95,1257,-1964,120,25,4, 296.3667, 191.5252, 160.6295, 193764
     116078, 104,-836,2807,133,25,27, 296.3667, 191.5252, 160.6295, 193764
     116078, 110,-1178,1964,120,25,-136, 296.3667, 191.5252, 160.6295, 193764
     116375, 95,1480,-1964,120,25,105, 298.8342, 192.2239, 159.7246, 194061
     116375, 104,-856,2828,123,25,27, 298.8342, 192.2239, 159.7246, 194061
     116375, 110,-1178,1964,120,25,-74, 298.8342, 192.2239, 159.7246, 194061
     116671, 95,1257,-1964,120,25,128, 301.2820, 192.9026, 158.6192, 194341
     116671, 104,-856,2828,120,25,23, 301.2820, 192.9026, 158.6192, 194341
     116671, 110,-1178,1964,120,25,-153, 301.2820, 192.9026, 158.6192, 194341
     116968, 95,1257,-1964,120,25,128, 302.8370, 193.4729, 158.1462, 194550
     116968, 104,-856,2828,120,25,-189, 302.8370, 193.4729, 158.1462, 194550
     116968, 110,-1178,1964,120,25,-147, 302.8370, 193.4729, 158.1462, 194550
     117281, 95,1551,-1964,120,25,134, 306.3158, 194.5233, 157.1692, 194972
     117281, 104,-856,2828,228,25,-199, 306.3158, 194.5233, 157.1692, 194972
     117281, 110,-1178,1964,120,25,23, 306.3158, 194.5233, 157.1692, 194972
     117578, 95,1501,-1964,120,25,134, 308.7955, 195.2441, 155.7748, 195269
     117578, 104,-511,2477,174,25,80, 308.7955, 195.2441, 155.7748, 195269
     117578, 110,-1178,1964,120,25,-18, 308.7955, 195.2441, 155.7748, 195269
     117875, 95,1501,-1964,120,25,134, 311.2218, 196.1978, 155.4093, 195562
     117875, 104,-511,2477,174,25,80, 311.2218, 196.1978, 155.4093, 195562
     117875, 110,-1178,1964,120,25,30, 311.2218, 196.1978, 155.4093, 195562
     118171, 95,1496,-1964,120,25,-512, 313.8288, 196.9148, 157.3565, 195867
     118171, 104,-839,2807,133,25,119, 313.8288, 196.9148, 157.3565, 195867
     118171, 110,-1178,1964,120,25,34, 313.8288, 196.9148, 157.3565, 195867
     118484, 95,1496,-1964,120,25,-512, 315.4836, 197.5233, 158.3657, 196080
     118484, 104,-856,2828,163,25,-63, 315.4836, 197.5233, 158.3657, 196080
     118484, 110,-1178,1964,120,25,34, 315.4836, 197.5233, 158.3657, 196080
     118781, 95,1496,-1964,120,25,-73, 318.6417, 198.4189, 158.3526, 196453
     118781, 104,-856,2828,163,25,-63, 318.6417, 198.4189, 158.3526, 196453
     118781, 110,-1178,1964,120,25,-77, 318.6417, 198.4189, 158.3526, 196453
     119078, 95,1257,-1964,120,25,157, 320.4142, 198.8558, 157.8239, 196659
     119078, 104,-856,2828,122,25,-247, 320.4142, 198.8558, 157.8239, 196659
     119078, 110,-1178,1964,120,25,-77, 320.4142, 198.8558, 157.8239, 196659
     119375, 95,1496,-1964,120,25,159, 324.1737, 199.9023, 157.1139, 197082
     119375, 104,-856,2828,122,25,-247, 324.1737, 199.9023, 157.1139, 197082
     119375, 110,-1178,1964,120,25,30, 324.1737, 199.9023, 157.1139, 197082
     119671, 95,1496,-1964,120,25,159, 326.7113, 200.7588, 156.0010, 197385
     119671, 104,-421,2390,120,25,139, 326.7113, 200.7588, 156.0010, 197385
     119671, 110,-1178,1964,120,25,30, 326.7113, 200.7588, 156.0010, 197385
     119968, 95,1496,-1964,120,25,-165, 328.9663, 201.4455, 156.6206, 197671
     119968, 104,-421,2390,120,25,139, 328.9663, 201.4455, 156.6206, 197671
     119968, 110,-1178,1964,120,25,104, 328.9663, 201.4455, 156.6206, 197671
     120281, 95,1257,-1964,120,25,-165, 330.5559, 201.9040, 157.8755, 197852
     120281, 104,-836,2802,120,25,186, 330.5559, 201.9040, 157.8755, 197852
     120281, 110,-1178,1964,120,25,47, 330.5559, 201.9040, 157.8755, 197852
     120578, 95,1257,-1964,120,25,93, 334.2244, 202.8262, 161.4571, 198290
     120578, 104,-856,2828,120,25,163, 334.2244, 202.8262, 161.4571, 198290
     120578, 110,-1178,1964,120,25,32, 334.2244, 202.8262, 161.4571, 198290
     120875, 95,1200,-1964,120,25,-171, 336.1077, 203.3606, 160.2502, 198515
     120875, 104,-856,2828,120,25,163, 336.1077, 203.3606, 160.2502, 198515
     120875, 110,-1178,1964,120,25,-185, 336.1077, 203.3606, 160.2502, 198515
     121171, 95,1184,-1964,120,25,57, 339.5970, 204.3190, 158.6008, 198921
     121171, 104,-856,2828,120,25,-14, 339.5970, 204.3190, 158.6008, 198921
     121171, 110,-1178,1964,120,25,-260, 339.5970, 204.3190, 158.6008, 198921
     121484, 95,1496,-1964,120,25,131, 341.8466, 205.0041, 156.6868, 199185
     121484, 104,-856,2828,228,25,-185, 341.8466, 205.0041, 156.6868, 199185
     121484, 110,-1178,1964,120,25,-124, 341.8466, 205.0041, 156.6868, 199185
     121781, 95,1496,-1964,120,25,131, 343.6226, 205.5589, 156.0046, 199387
     121781, 104,-856,2828,255,25,-86, 343.6226, 205.5589, 156.0046, 199387
     121781, 110,-1178,1964,120,25,25, 343.6226, 205.5589, 156.0046, 199387
     122078, 95,1496,-1964,120,25,-171, 346.8381, 206.6584, 155.5654, 199799
     122078, 104,-856,2828,255,25,-86, 346.8381, 206.6584, 155.5654, 199799
     122078, 110,-1178,1964,120,25,100, 346.8381, 206.6584, 155.5654, 199799
     122375, 95,1496,-1964,120,25,57, 349.3506, 207.5840, 155.2978, 200092
     122375, 104,-856,2828,397,25,-78, 349.3506, 207.5840, 155.2978, 200092
     122375, 110,-1178,1964,120,25,53, 349.3506, 207.5840, 155.2978, 200092
     122671, 95,1496,-1964,120,25,-43, 351.7496, 208.3268, 155.5976, 200387
     122671, 104,-511,2477,258,25,-78, 351.7496, 208.3268, 155.5976, 200387
     122671, 110,-1178,1964,120,25,53, 351.7496, 208.3268, 155.5976, 200387
     122968, 95,1496,-1964,120,25,-43, 355.0542, 209.4563, 156.1683, 200799
     122968, 104,-421,2390,189,25,112, 355.0542, 209.4563, 156.1683, 200799
     122968, 110,-1178,1964,120,25,0, 355.0542, 209.4563, 156.1683, 200799
     123281, 95,1200,-1964,120,25,-10, 357.4636, 210.2003, 157.7631, 201092
     123281, 104,-421,2390,189,25,143, 357.4636, 210.2003, 157.7631, 201092
     123281, 110,-1178,1964,120,25,-30, 357.4636, 210.2003, 157.7631, 201092
     123578, 95,1200,-1964,120,25,-10, 360.3274, 210.8400, 160.5044, 201431
     123578, 104,-836,2802,137,25,88, 360.3274, 210.8400, 160.5044, 201431
     123578, 110,-1178,1964,120,25,34, 360.3274, 210.8400, 160.5044, 201431
     123875, 95,1184,-1964,120,25,-180, 361.2345, 211.1239, 160.2930, 201512
     123875, 104,-856,2828,124,25,88, 361.2345, 211.1239, 160.2930, 201512
     123875, 110,-1178,1964,120,25,38, 361.2345, 211.1239, 160.2930, 201512
     124171, 95,732,-1964,431,25,57, 364.3262, 212.0097, 159.5687, 201889
     124171, 104,-856,2828,121,25,-199, 364.3262, 212.0097, 159.5687, 201889
     124171, 110,-1178,1964,120,25,-14, 364.3262, 212.0097, 159.5687, 201889
     124484, 95,1065,-1964,275,25,116, 366.9730, 212.8015, 157.7631, 202206
     124484, 104,-856,2828,170,25,-26, 366.9730, 212.8015, 157.7631, 202206
     124484, 110,-1178,1964,120,25,-141, 366.9730, 212.8015, 157.7631, 202206
     124781, 95,1469,-1964,158,25,131, 368.6169, 213.4849, 155.5767, 202421
     124781, 104,-856,2828,170,25,-26, 368.6169, 213.4849, 155.5767, 202421
     124781, 110,-1178,1964,120,25,137, 368.6169, 213.4849, 155.5767, 202421
     125078, 95,1496,-1964,129,25,134, 371.5950, 214.6202, 153.5462, 202791
     125078, 104,-856,2828,170,25,-141, 371.5950, 214.6202, 153.5462, 202791
     125078, 110,-1178,1964,120,25,137, 371.5950, 214.6202, 153.5462, 202791
     125375, 95,1556,-1964,121,25,134, 374.2482, 215.6492, 152.9230, 203109
     125375, 104,-856,2828,375,25,-105, 374.2482, 215.6492, 152.9230, 203109
     125375, 110,-1178,1964,120,25,137, 374.2482, 215.6492, 152.9230, 203109
     125671, 95,1556,-1964,121,25,32, 377.4860, 217.0000, 152.6494, 203516
     125671, 104,-511,2771,247,25,126, 377.4860, 217.0000, 152.6494, 203516
     125671, 110,-1178,1964,120,25,30, 377.4860, 217.0000, 152.6494, 203516
     125968, 95,1072,-1964,275,25,7, 378.3982, 217.3015, 152.5863, 203624
     125968, 104,-421,2755,183,25,15, 378.3982, 217.3015, 152.5863, 203624
     125968, 110,-1178,1964,120,25,-238, 378.3982, 217.3015, 152.5863, 203624
     126281, 95,1496,-1964,129,25,-16, 381.3849, 218.4943, 153.6670, 204002
     126281, 104,-285,2387,112,25,27, 381.3849, 218.4943, 153.6670, 204002
     126281, 110,-1178,1964,120,25,-238, 381.3849, 218.4943, 153.6670, 204002
     126578, 95,1072,-1964,242,25,-338, 384.8384, 219.7810, 154.8889, 204419
     126578, 104,-826,2802,118,25,105, 384.8384, 219.7810, 154.8889, 204419
     126578, 110,-1178,1964,120,25,-77, 384.8384, 219.7810, 154.8889, 204419
     126875, 95,1072,-1964,242,25,-338, 387.5185, 220.6529, 155.3998, 204727
     126875, 104,-826,2802,118,25,105, 387.5185, 220.6529, 155.3998, 204727
     126875, 110,-1178,1964,120,25,14, 387.5185, 220.6529, 155.3998, 204727
     127171, 95,1469,-1964,150,25,-229, 389.9063, 221.5407, 154.4137, 205026
     127171, 104,-826,2802,118,25,27, 389.9063, 221.5407, 154.4137, 205026
     127171, 110,-1178,1964,120,25,-72, 389.9063, 221.5407, 154.4137, 205026
     127484, 95,1496,-1890,127,25,-201, 392.3303, 222.5260, 152.6857, 205330
     127484, 104,-826,2802,118,25,23, 392.3303, 222.5260, 152.6857, 205330
     127484, 110,-1178,1964,120,25,-263, 392.3303, 222.5260, 152.6857, 205330
     127765, 95,1496,-1890,127,25,-201, 392.9024, 222.7276, 152.5853, 205420
     127765, 110,-1178,1964,120,25,-173, 392.9024, 222.7276, 152.5853, 205420
     128062, 95,1496,-1885,121,25,132, 395.3234, 223.7156, 152.5588, 205715
     128062, 110,-1178,1964,120,25,-493, 395.3234, 223.7156, 152.5588, 205715
     128375, 95,1072,-1964,275,25,195, 398.6189, 225.1719, 153.4210, 206118
     128375, 110,-1178,1964,120,25,-371, 398.6189, 225.1719, 153.4210, 206118
     128375, 104,-265,2828,427,25,-185, 398.6189, 225.1719, 153.4210, 206118
     128671, 95,1065,-1964,227,25,148, 401.1169, 226.0729, 155.0152, 206420
     128671, 110,-1178,1964,120,25,-224, 401.1169, 226.0729, 155.0152, 206420
     128671, 104,-208,2828,422,25,-107, 401.1169, 226.0729, 155.0152, 206420
     128968, 95,729,-1964,388,25,137, 403.6784, 226.9221, 155.0321, 206718
     128968, 110,-1178,2265,120,25,221, 403.6784, 226.9221, 155.0321, 206718
     128968, 104,-208,2828,422,25,-107, 403.6784, 226.9221, 155.0321, 206718
     129281, 95,729,-1964,388,25,137, 406.0318, 227.7972, 155.4157, 207018
     129281, 110,-1178,2042,120,25,233, 406.0318, 227.7972, 155.4157, 207018
     129281, 104,55,2462,489,25,-169, 406.0318, 227.7972, 155.4157, 207018
     129578, 95,1065,-1881,207,25,-171, 408.5651, 228.6987, 153.5445, 207334
     129578, 110,-1178,1980,120,25,209, 408.5651, 228.6987, 153.5445, 207334
     129578, 104,55,2462,489,25,-169, 408.5651, 228.6987, 153.5445, 207334
     129875, 95,1065,-1964,151,25,-18, 409.9242, 229.2412, 153.3812, 207492
     129875, 110,-1178,1980,120,25,-66, 409.9242, 229.2412, 153.3812, 207492
     129875, 104,75,2374,388,25,-169, 409.9242, 229.2412, 153.3812, 207492
     130171, 95,1065,-1964,151,25,-18, 411.7690, 229.8911, 155.2080, 207728
     130171, 110,-1178,1969,120,25,-66, 411.7690, 229.8911, 155.2080, 207728
     130171, 104,75,2374,388,25,-80, 411.7690, 229.8911, 155.2080, 207728
     130484, 95,729,-1964,236,25,-74, 415.2221, 230.8463, 158.6824, 208160
     130484, 110,-1178,1969,120,25,-161, 415.2221, 230.8463, 158.6824, 208160
     130484, 104,-592,2802,187,25,-80, 415.2221, 230.8463, 158.6824, 208160
     130484, 113,-1964,3142,688,25,242, 415.2221, 230.8463, 158.6824, 208160
     130781, 95,1469,-1964,134,25,-74, 417.4495, 231.3564, 160.6774, 208428
     130781, 110,-1178,1969,120,25,-698, 417.4495, 231.3564, 160.6774, 208428
     130781, 104,-592,2802,187,25,156, 417.4495, 231.3564, 160.6774, 208428
     130781, 113,-1964,3142,620,25,242, 417.4495, 231.3564, 160.6774, 208428
     131078, 95,1469,-1964,134,25,-74, 420.2842, 232.2549, 155.6652, 208766
     131078, 110,-1178,1969,120,25,-142, 420.2842, 232.2549, 155.6652, 208766
     131078, 104,-592,2802,187,25,156, 420.2842, 232.2549, 155.6652, 208766
     131078, 113,-1964,3142,620,25,242, 420.2842, 232.2549, 155.6652, 208766
     131375, 95,1496,-1890,123,25,674, 421.7949, 232.9418, 153.9380, 208955
     131375, 110,-1178,2265,120,25,-142, 421.7949, 232.9418, 153.9380, 208955
     131375, 104,-592,2802,187,25,-209, 421.7949, 232.9418, 153.9380, 208955
     131375, 113,-1964,3142,856,25,242, 421.7949, 232.9418, 153.9380, 208955
     131671, 95,1072,-1541,208,25,674, 424.5938, 234.2273, 149.0781, 209333
     131671, 110,-1178,2336,120,25,-122, 424.5938, 234.2273, 149.0781, 209333
     131671, 104,-174,2755,380,25,-475, 424.5938, 234.2273, 149.0781, 209333
     131671, 113,-1964,3142,856,25,219, 424.5938, 234.2273, 149.0781, 209333
     131968, 95,1072,-1541,208,25,-539, 426.3208, 235.2033, 145.9454, 209560
     131968, 110,-1178,2352,120,25,-130, 426.3208, 235.2033, 145.9454, 209560
     131968, 104,60,2422,293,25,-489, 426.3208, 235.2033, 145.9454, 209560
     131968, 113,-1964,3142,856,25,219, 426.3208, 235.2033, 145.9454, 209560
     132281, 95,1496,-1881,233,25,-191, 429.1007, 237.1197, 139.0236, 209944
     132281, 110,-1178,2352,120,25,-130, 429.1007, 237.1197, 139.0236, 209944
     132281, 104,75,2657,271,25,-503, 429.1007, 237.1197, 139.0236, 209944
     132281, 113,-1964,3142,856,25,219, 429.1007, 237.1197, 139.0236, 209944
     132578, 95,1496,-1881,233,25,-191, 430.4323, 238.2637, 135.7495, 210140
     132578, 110,-877,2726,160,25,-160, 430.4323, 238.2637, 135.7495, 210140
     132578, 104,75,2657,271,25,-328, 430.4323, 238.2637, 135.7495, 210140
     132578, 113,-1368,3142,704,25,219, 430.4323, 238.2637, 135.7495, 210140
     132875, 95,1496,-1667,329,25,-273, 433.0885, 240.7277, 130.9544, 210550
     132875, 110,-877,2726,160,25,7, 433.0885, 240.7277, 130.9544, 210550
     132875, 104,75,2657,271,25,507, 433.0885, 240.7277, 130.9544, 210550
     132875, 113,-1368,3142,704,25,363, 433.0885, 240.7277, 130.9544, 210550
     133171, 95,1496,-1667,329,25,-198, 435.4680, 243.4107, 128.5321, 210962
     133171, 110,-859,2823,170,25,7, 435.4680, 243.4107, 128.5321, 210962
     133171, 104,75,2671,198,25,-48, 435.4680, 243.4107, 128.5321, 210962
     133171, 113,-1226,3142,628,25,370, 435.4680, 243.4107, 128.5321, 210962
     133484, 95,1496,-1667,329,25,584, 436.0128, 243.9608, 127.2579, 211054
     133484, 110,-859,2823,170,25,14, 436.0128, 243.9608, 127.2579, 211054
     133484, 104,75,-2877,180,25,-1290, 436.0128, 243.9608, 127.2579, 211054
     133484, 113,-1189,3142,590,25,370, 436.0128, 243.9608, 127.2579, 211054
     133781, 95,1496,-1667,329,25,584, 438.4142, 246.9496, 124.0429, 211495
     133781, 110,-859,2828,240,25,-78, 438.4142, 246.9496, 124.0429, 211495
     133781, 104,464,-2842,120,25,-747, 438.4142, 246.9496, 124.0429, 211495
     133781, 113,-1182,3142,571,25,370, 438.4142, 246.9496, 124.0429, 211495
     134078, 95,1496,-1871,280,25,-51, 439.7999, 248.9126, 119.8119, 211772
     134078, 110,-859,2828,258,25,-339, 439.7999, 248.9126, 119.8119, 211772
     134078, 104,464,-2842,120,25,-747, 439.7999, 248.9126, 119.8119, 211772
     134078, 113,-1178,3142,562,25,-146, 439.7999, 248.9126, 119.8119, 211772
     134375, 95,1496,-1662,268,25,305, 440.8089, 250.6749, 116.8649, 211999
     134375, 110,-859,2828,330,25,-145, 440.8089, 250.6749, 116.8649, 211999
     134375, 104,464,3077,120,25,206, 440.8089, 250.6749, 116.8649, 211999
     134375, 113,-1178,3142,562,25,-146, 440.8089, 250.6749, 116.8649, 211999
     134671, 95,1496,-1662,268,25,-471, 442.1678, 253.2349, 114.4672, 212360
     134671, 110,-511,2477,225,25,-116, 442.1678, 253.2349, 114.4672, 212360
     134671, 104,464,-2847,120,25,811, 442.1678, 253.2349, 114.4672, 212360
     134671, 113,-1178,3142,562,25,57, 442.1678, 253.2349, 114.4672, 212360
     134968, 95,1496,-1662,268,25,-471, 443.0515, 254.6949, 111.5963, 212562
     134968, 110,-421,2678,172,25,-67, 443.0515, 254.6949, 111.5963, 212562
     134968, 104,464,-2847,120,25,273, 443.0515, 254.6949, 111.5963, 212562
     134984, 113,-1178,3142,557,25,57, 443.0515, 254.6949, 111.5963, 212562
     135281, 95,1496,-1662,268,25,-459, 444.2671, 257.8070, 110.4906, 212947
     135281, 110,-398,2733,146,25,-142, 444.2671, 257.8070, 110.4906, 212947
     135281, 104,464,-2847,120,25,237, 444.2671, 257.8070, 110.4906, 212947
     135281, 113,-1178,3142,557,25,57, 444.2671, 257.8070, 110.4906, 212947
     135578, 95,1846,-1866,192,25,-459, 445.2797, 260.2214, 109.0380, 213263
     135578, 110,-398,2733,146,25,-142, 445.2797, 260.2214, 109.0380, 213263
     135578, 104,464,2685,120,25,449, 445.2797, 260.2214, 109.0380, 213263
     135578, 113,-1178,3142,690,25,57, 445.2797, 260.2214, 109.0380, 213263
     135875, 95,1851,-80,182,25,305, 446.5688, 263.4421, 107.1901, 213670
     135875, 110,-393,2744,133,25,-172, 446.5688, 263.4421, 107.1901, 213670
     135875, 104,464,2685,120,25,449, 446.5688, 263.4421, 107.1901, 213670
     135875, 113,-1178,3142,621,25,57, 446.5688, 263.4421, 107.1901, 213670
     136171, 95,1851,-80,182,25,305, 446.9228, 264.2129, 108.0128, 213763
     136171, 110,-393,2749,126,25,-176, 446.9228, 264.2129, 108.0128, 213763
     136171, 104,464,2293,120,25,505, 446.9228, 264.2129, 108.0128, 213763
     136171, 113,-1178,3142,722,25,84, 446.9228, 264.2129, 108.0128, 213763
     136468, 95,1851,-80,182,25,311, 448.1760, 267.4010, 104.8792, 214171
     136468, 110,-393,2749,123,25,-107, 448.1760, 267.4010, 104.8792, 214171
     136468, 104,464,2744,120,25,79, 448.1760, 267.4010, 104.8792, 214171
     136468, 113,-1178,3142,722,25,-48, 448.1760, 267.4010, 104.8792, 214171
     136781, 95,1851,-80,182,25,396, 448.7719, 269.2635, 101.8275, 214399
     136781, 110,-393,3046,121,25,-157, 448.7719, 269.2635, 101.8275, 214399
     136781, 104,464,2744,120,25,79, 448.7719, 269.2635, 101.8275, 214399
     136781, 113,-1178,3142,637,25,226, 448.7719, 269.2635, 101.8275, 214399
     137078, 113,-1178,3142,637,25,-45, 449.2766, 272.5080, 96.1378, 214779
     137078, 110,-393,3046,121,25,-286, 449.2766, 272.5080, 96.1378, 214779
     137078, 104,691,2771,120,25,88, 449.2766, 272.5080, 96.1378, 214779
     137375, 113,-859,3142,558,25,-45, 449.7782, 274.1017, 93.1066, 214969
     137375, 110,-393,3046,121,25,-3, 449.7782, 274.1017, 93.1066, 214969
     137375, 104,691,2771,120,25,88, 449.7782, 274.1017, 93.1066, 214969
     137671, 113,-859,3142,558,25,-45, 449.8903, 277.4447, 90.0937, 215374
     137671, 110,50,2692,296,25,-109, 449.8903, 277.4447, 90.0937, 215374
     137671, 104,705,2749,120,25,1416, 449.8903, 277.4447, 90.0937, 215374
     137984, 113,-859,3142,558,25,-54, 449.9900, 278.9687, 90.6855, 215570
     137984, 110,70,2671,339,25,-380, 449.9900, 278.9687, 90.6855, 215570
     137984, 104,705,2749,120,25,1416, 449.9900, 278.9687, 90.6855, 215570
     137984, 95,2300,-1586,120,25,-105, 449.9900, 278.9687, 90.6855, 215570
     138281, 113,-1100,2847,555,25,-54, 450.5240, 282.5254, 94.1292, 215984
     138281, 110,-275,3030,229,25,-100, 450.5240, 282.5254, 94.1292, 215984
     138281, 104,705,2749,120,25,-734, 450.5240, 282.5254, 94.1292, 215984
     138281, 95,2286,-1571,120,25,-294, 450.5240, 282.5254, 94.1292, 215984
     138578, 113,-1162,2776,554,25,-213, 450.9609, 284.3076, 97.5488, 216178
     138578, 110,-361,3117,174,25,175, 450.9609, 284.3076, 97.5488, 216178
     138578, 104,705,2749,120,25,-734, 450.9609, 284.3076, 97.5488, 216178
     138578, 95,2286,-1571,120,25,-294, 450.9609, 284.3076, 97.5488, 216178
     138875, 113,-877,2749,553,25,-213, 451.9525, 287.5850, 103.1223, 216585
     138875, 110,-361,3117,174,25,164, 451.9525, 287.5850, 103.1223, 216585
     138875, 104,705,2749,120,25,-71, 451.9525, 287.5850, 103.1223, 216585
     138875, 95,2286,-1571,120,25,-116, 451.9525, 287.5850, 103.1223, 216585
     139171, 113,-1100,2455,553,25,242, 452.8346, 289.1733, 105.1606, 216781
     139171, 110,-382,3137,147,25,-291, 452.8346, 289.1733, 105.1606, 216781
     139171, 104,705,2749,120,25,-371, 452.8346, 289.1733, 105.1606, 216781
     139171, 95,2286,-1571,120,25,159, 452.8346, 289.1733, 105.1606, 216781
     139468, 113,-1100,2455,553,25,242, 453.8814, 292.4248, 107.9647, 217193
     139468, 110,-389,3142,133,25,-252, 453.8814, 292.4248, 107.9647, 217193
     139468, 104,705,2749,120,25,-371, 453.8814, 292.4248, 107.9647, 217193
     139468, 95,1541,-1571,363,25,-37, 453.8814, 292.4248, 107.9647, 217193
     139781, 113,-1100,2455,553,25,469, 454.7050, 294.0671, 109.5780, 217381
     139781, 110,-832,3142,93,25,-40, 454.7050, 294.0671, 109.5780, 217381
     139781, 104,471,1646,120,25,-611, 454.7050, 294.0671, 109.5780, 217381
     139781, 95,1501,-1571,424,25,-571, 454.7050, 294.0671, 109.5780, 217381
     140078, 113,-1100,2455,553,25,-126, 456.2760, 297.3379, 111.1421, 217791
     140078, 110,-503,3142,106,25,-359, 456.2760, 297.3379, 111.1421, 217791
     140078, 104,471,1646,120,25,-613, 456.2760, 297.3379, 111.1421, 217791
     140078, 95,1501,-1571,424,25,-571, 456.2760, 297.3379, 111.1421, 217791
     140375, 113,-1162,2387,417,25,-221, 456.9049, 298.7859, 110.6063, 217983
     140375, 110,-421,3142,113,25,290, 456.9049, 298.7859, 110.6063, 217983
     140375, 104,691,-3092,120,25,-247, 456.9049, 298.7859, 110.6063, 217983
     140375, 95,1846,-1571,353,25,-723, 456.9049, 298.7859, 110.6063, 217983
     140671, 113,-1162,2387,417,25,182, 458.2236, 301.6744, 110.9897, 218387
     140671, 110,-421,3142,113,25,68, 458.2236, 301.6744, 110.9897, 218387
     140671, 104,705,-2771,120,25,-328, 458.2236, 301.6744, 110.9897, 218387
     140671, 95,1846,-1571,353,25,-587, 458.2236, 301.6744, 110.9897, 218387
     140984, 113,-1162,2387,417,25,275, 459.2695, 303.5816, 111.5971, 218606
     140984, 110,-836,3142,118,25,64, 459.2695, 303.5816, 111.5971, 218606
     140984, 104,705,-2771,120,25,-328, 459.2695, 303.5816, 111.5971, 218606
     140984, 95,1516,-663,354,25,-352, 459.2695, 303.5816, 111.5971, 218606
     141281, 113,-1173,2371,268,25,240, 460.8712, 306.7490, 111.0126, 218997
     141281, 110,-856,3142,362,25,42, 460.8712, 306.7490, 111.0126, 218997
     141281, 104,705,-2771,120,25,-546, 460.8712, 306.7490, 111.0126, 218997
     141281, 95,1937,-768,178,25,354, 460.8712, 306.7490, 111.0126, 218997
     141578, 113,-1173,2371,268,25,263, 461.4716, 308.3387, 107.8894, 219215
     141578, 110,-511,3142,241,25,91, 461.4716, 308.3387, 107.8894, 219215
     141578, 104,705,-2771,120,25,-114, 461.4716, 308.3387, 107.8894, 219215
     141578, 95,1937,-768,178,25,354, 461.4716, 308.3387, 107.8894, 219215
     141875, 113,-1173,2371,268,25,263, 462.3369, 310.9578, 104.6721, 219549
     141875, 110,-421,2847,180,25,62, 462.3369, 310.9578, 104.6721, 219549
     141875, 104,705,-2749,120,25,-114, 462.3369, 310.9578, 104.6721, 219549
     141875, 95,2265,-1075,256,25,354, 462.3369, 310.9578, 104.6721, 219549
     142171, 113,-1178,2368,194,25,179, 462.8881, 313.1617, 101.6465, 219799
     142171, 110,45,2685,310,25,-148, 462.8881, 313.1617, 101.6465, 219799
     142171, 104,705,-2749,120,25,123, 462.8881, 313.1617, 101.6465, 219799
     142171, 95,2283,-1095,275,25,480, 462.8881, 313.1617, 101.6465, 219799
     142484, 113,-1178,2368,157,25,179, 463.9941, 316.5632, 101.6866, 220205
     142484, 110,-285,2733,215,25,75, 463.9941, 316.5632, 101.6866, 220205
     142484, 104,705,-2749,120,25,219, 463.9941, 316.5632, 101.6866, 220205
     142484, 95,2283,-1571,281,25,207, 463.9941, 316.5632, 101.6866, 220205
     142781, 113,-1178,2368,138,25,227, 464.4996, 318.6313, 104.1475, 220439
     142781, 110,-366,2744,167,25,86, 464.4996, 318.6313, 104.1475, 220439
     142781, 104,705,-2749,120,25,-135, 464.4996, 318.6313, 104.1475, 220439
     142781, 95,2283,-1571,281,25,37, 464.4996, 318.6313, 104.1475, 220439
     143078, 113,-1178,2368,129,25,320, 465.6220, 321.7515, 105.9724, 220817
     143078, 110,-832,2823,240,25,-210, 465.6220, 321.7515, 105.9724, 220817
     143078, 104,705,-2749,120,25,-931, 465.6220, 321.7515, 105.9724, 220817
     143078, 95,2283,-1571,281,25,37, 465.6220, 321.7515, 105.9724, 220817
     143375, 113,-1178,2368,124,25,317, 466.4206, 323.3276, 106.8002, 221014
     143375, 110,-832,2823,240,25,-104, 466.4206, 323.3276, 106.8002, 221014
     143375, 104,705,-2749,120,25,-931, 466.4206, 323.3276, 106.8002, 221014
     143375, 95,2283,-1571,160,25,-193, 466.4206, 323.3276, 106.8002, 221014
     143671, 113,-1178,2368,338,25,240, 467.7942, 326.7714, 108.3542, 221421
     143671, 110,-856,2828,150,25,-171, 467.7942, 326.7714, 108.3542, 221421
     143671, 104,705,2673,120,25,-208, 467.7942, 326.7714, 108.3542, 221421
     143671, 95,2283,-1571,130,25,-480, 467.7942, 326.7714, 108.3542, 221421
     143968, 113,-1178,2368,580,25,322, 468.5196, 328.3978, 108.1269, 221622
     143968, 110,-856,2828,127,25,-313, 468.5196, 328.3978, 108.1269, 221622
     143968, 104,471,2430,120,25,-165, 468.5196, 328.3978, 108.1269, 221622
     143968, 95,2283,-1571,130,25,-480, 468.5196, 328.3978, 108.1269, 221622
     144281, 113,-1651,2368,691,25,228, 469.7901, 331.2460, 112.2750, 221996
     144281, 110,-856,2828,127,25,-203, 469.7901, 331.2460, 112.2750, 221996
     144281, 104,471,2430,120,25,-340, 469.7901, 331.2460, 112.2750, 221996
     144281, 95,2042,-1571,125,25,-414, 469.7901, 331.2460, 112.2750, 221996
     144578, 113,-1651,2368,691,25,228, 470.8013, 332.9027, 113.4632, 222222
     144578, 110,-856,2755,121,25,99, 470.8013, 332.9027, 113.4632, 222222
     144578, 104,464,-2297,120,25,47, 470.8013, 332.9027, 113.4632, 222222
     144578, 95,1969,-1571,121,25,-478, 470.8013, 332.9027, 113.4632, 222222
     144875, 113,-1651,2368,691,25,301, 472.4757, 335.9601, 114.4599, 222611
     144875, 110,-856,2749,120,25,130, 472.4757, 335.9601, 114.4599, 222611
     144875, 104,464,-2297,120,25,52, 472.4757, 335.9601, 114.4599, 222611
     144875, 95,2265,-1571,120,25,-582, 472.4757, 335.9601, 114.4599, 222611
     145171, 113,-1651,2368,691,25,418, 473.4352, 337.7315, 112.4346, 222826
     145171, 110,-511,2455,120,25,130, 473.4352, 337.7315, 112.4346, 222826
     145171, 104,464,-2063,120,25,379, 473.4352, 337.7315, 112.4346, 222826
     145171, 95,2283,-1571,241,25,-559, 473.4352, 337.7315, 112.4346, 222826
     145484, 113,-1296,2368,486,25,734, 474.6981, 340.7322, 109.0419, 223214
     145484, 110,-839,2733,120,25,157, 474.6981, 340.7322, 109.0419, 223214
     145484, 104,464,2792,120,25,-42, 474.6981, 340.7322, 109.0419, 223214
     145484, 95,2283,-1571,241,25,-559, 474.6981, 340.7322, 109.0419, 223214
     145781, 113,-1210,2368,303,25,-128, 475.4181, 342.4070, 107.9510, 223407
     145781, 110,-839,2733,120,25,-5, 475.4181, 342.4070, 107.9510, 223407
     145781, 104,464,3067,120,25,41, 475.4181, 342.4070, 107.9510, 223407
     145781, 95,2283,-1571,241,25,-754, 475.4181, 342.4070, 107.9510, 223407
     146078, 113,-1621,2368,355,25,-224, 476.8154, 345.4252, 110.0966, 223823
     146078, 110,-856,2441,120,25,130, 476.8154, 345.4252, 110.0966, 223823
     146078, 104,464,3067,120,25,41, 476.8154, 345.4252, 110.0966, 223823
     146078, 95,2283,-1571,475,25,-683, 476.8154, 345.4252, 110.0966, 223823
     146375, 113,-1621,2368,355,25,-172, 477.5510, 346.8884, 111.2453, 224019
     146375, 110,-856,2437,120,25,-11, 477.5510, 346.8884, 111.2453, 224019
     146375, 104,464,3067,120,25,182, 477.5510, 346.8884, 111.2453, 224019
     146375, 95,2283,-1125,736,25,-683, 477.5510, 346.8884, 111.2453, 224019
     146687, 113,-1641,2067,503,25,-172, 479.1602, 349.9721, 112.1257, 224424
     146687, 110,-856,2437,120,25,133, 479.1602, 349.9721, 112.1257, 224424
     146687, 104,464,3072,120,25,259, 479.1602, 349.9721, 112.1257, 224424
     146687, 95,2283,-1100,598,25,-371, 479.1602, 349.9721, 112.1257, 224424
     146984, 113,-1646,2047,337,25,-173, 479.9189, 351.3708, 112.6443, 224617
     146984, 110,-856,2437,120,25,-664, 479.9189, 351.3708, 112.6443, 224617
     146984, 104,464,3072,120,25,-117, 479.9189, 351.3708, 112.6443, 224617
     146984, 95,2283,-1100,631,25,-483, 479.9189, 351.3708, 112.6443, 224617
