      96187, 156.0119, 110.4815, 159.9669, 173763
      96187, 156.2333, 110.6166, 159.6004, 173791
      96187, 156.4731, 110.7609, 159.9230, 173818
      96187, 156.8129, 110.8141, 159.6083, 173872
      96187, 157.1487, 110.9836, 158.1672, 173899
      96187, 157.2083, 110.9578, 159.2093, 173928
      96375, 157.5920, 111.2875, 158.6771, 173955
      96375, 157.6982, 111.2914, 158.8527, 173983
      96390, 158.2666, 111.5903, 158.8957, 174046
      96390, 158.4185, 111.5605, 158.7623, 174072
      96390, 158.6829, 111.6435, 158.9321, 174099
      96390, 158.7842, 111.7220, 158.6757, 174131
      96578, 159.1853, 111.9305, 159.1980, 174158
      96578, 159.3599, 111.9730, 158.9297, 174186
      96578, 159.6056, 112.2362, 158.1659, 174214
      96578, 159.6998, 112.2614, 158.4055, 174266
      96578, 160.4277, 112.4404, 158.3400, 174322
      96578, 160.5858, 112.6094, 158.4390, 174349
      96781, 160.7595, 112.6981, 158.3420, 174378
      96781, 161.1437, 112.8393, 158.4373, 174406
      96781, 161.2547, 112.9174, 158.5748, 174435
      96781, 161.5480, 113.0993, 158.0049, 174462
      96781, 161.7138, 113.1969, 158.0080, 174490
      96781, 161.9836, 113.3199, 157.6914, 174527
      96984, 162.3921, 113.4584, 157.3600, 174556
      96984, 162.5366, 113.5226, 157.0595, 174585
      96984, 162.8174, 113.6804, 155.6426, 174613
      96984, 162.9042, 113.7651, 155.5924, 174644
      96984, 163.2027, 113.9567, 155.2731, 174671
      96984, 163.6834, 114.2177, 153.7615, 174729
      97187, 163.8639, 114.3754, 153.6209, 174767
      97187, 164.4040, 114.7624, 152.8930, 174823
      97187, 164.6982, 114.8812, 152.9073, 174849
      97187, 164.7081, 115.0119, 153.4240, 174884
      97187, 165.1526, 115.1468, 152.3469, 174912
      97187, 165.2490, 115.2418, 152.5421, 174941
      97187, 165.4945, 115.4209, 152.6242, 174967
      97390, 165.5918, 115.4855, 152.6855, 174994
      97390, 165.8849, 115.5950, 152.1533, 175024
      97390, 165.9454, 115.7103, 152.5481, 175051
      97390, 166.4452, 116.0310, 151.7934, 175080
      97390, 166.5226, 116.1141, 151.9498, 175108
      97390, 166.7782, 116.2293, 151.7315, 175136
      97593, 166.8488, 116.2839, 151.7000, 175164
      97593, 167.2177, 116.4524, 152.0159, 175193
      97593, 167.3686, 116.5531, 151.9755, 175219
      97593, 167.6481, 116.8863, 151.3066, 175269
      97593, 167.8047, 116.8558, 150.6995, 175296
      97593, 168.1388, 117.1591, 150.9498, 175323
      97593, 168.6012, 117.3393, 150.6034, 175377
      97796, 168.7209, 117.4507, 150.6017, 175404
      97796, 169.0403, 117.7613, 150.1506, 175434
      97796, 169.1803, 117.8946, 150.1238, 175461
      97796, 169.3847, 118.0149, 149.1378, 175489
      97796, 169.4470, 118.0901, 148.8877, 175524
      97796, 169.6743, 118.3232, 147.8931, 175551
      97984, 169.7921, 118.4621, 147.9542, 175578
      97984, 170.2158, 118.5973, 147.2668, 175603
      97984, 170.3015, 118.7035, 146.8600, 175630
      97984, 170.4938, 119.0300, 146.0479, 175658
      97984, 170.6049, 119.1401, 145.9857, 175685
      97984, 170.8299, 119.2306, 145.3628, 175712
      97984, 171.0086, 119.4120, 145.1336, 175746
      98093, 171.3303, 119.6822, 143.7719, 175773
      98093, 171.6080, 120.0041, 143.3230, 175826
      98093, 171.7071, 120.1163, 143.3720, 175853
      98093, 171.9280, 120.2718, 142.7140, 175879
      98093, 172.1964, 120.4845, 141.9844, 175904
      98093, 172.2945, 120.5595, 141.7290, 175932
      98093, 172.4324, 120.8660, 141.6630, 175959
      98296, 172.8504, 121.2378, 140.3577, 176015
      98500, 173.1989, 121.4728, 141.0472, 176067
      98500, 173.3445, 121.5889, 141.5090, 176094
      98500, 173.4289, 121.7086, 141.1078, 176121
      98500, 173.6184, 121.9195, 141.8573, 176149
      98500, 173.7390, 122.1016, 141.6166, 176176
      98500, 174.0150, 122.2877, 141.7334, 176220
      98500, 174.2923, 122.3881, 142.0259, 176248
      98687, 174.4036, 122.5027, 142.1000, 176274
      98687, 174.6378, 122.8129, 142.6965, 176301
      98687, 174.8058, 122.8670, 143.1413, 176327
      98687, 175.0108, 123.0532, 143.1457, 176353
      98687, 175.1124, 123.2415, 142.7328, 176378
      98687, 175.2892, 123.3105, 142.1349, 176404
      98796, 175.6416, 123.5525, 142.8314, 176474
      98796, 175.8698, 123.8517, 143.1285, 176500
      98796, 176.0830, 124.0125, 143.5170, 176527
      98796, 176.2481, 124.0976, 143.0333, 176553
      98796, 176.4625, 124.3938, 142.5519, 176579
      98796, 176.6735, 124.5745, 142.8560, 176605
      98796, 177.0279, 124.8477, 144.3223, 176657
      99000, 177.4963, 125.0879, 146.1021, 176714
      99000, 177.5763, 125.1211, 146.6137, 176740
      99000, 177.7704, 125.3000, 147.8920, 176765
      99187, 178.0307, 125.3332, 148.5419, 176791
      99187, 178.2214, 125.3625, 148.7710, 176817
      99187, 178.5409, 125.5667, 151.5727, 176867
      99187, 178.7485, 125.5642, 151.9318, 176894
      99187, 179.0753, 125.7779, 153.4394, 176930
      99187, 179.0663, 125.6312, 156.7100, 176956
      99296, 179.2613, 125.5784, 157.3092, 176981
      99296, 179.5847, 125.7564, 158.6629, 177007
      99296, 179.7810, 125.7519, 159.5857, 177033
      99296, 179.9854, 125.7547, 160.1426, 177058
      99296, 180.1759, 125.8628, 161.4424, 177084
      99296, 180.4904, 125.7932, 161.8345, 177109
      99296, 180.6807, 125.8876, 162.5711, 177139
      99296, 181.0050, 125.8554, 164.7754, 177164
      99500, 181.1165, 125.9814, 165.3301, 177192
      99500, 181.3615, 125.9429, 166.6266, 177218
      99500, 181.6248, 125.9176, 166.6451, 177244
      99703, 182.2577, 126.2843, 168.3071, 177295
      99703, 182.5641, 126.0949, 168.7927, 177321
      99703, 183.2892, 126.0637, 171.1679, 177406
      99703, 183.6561, 125.9870, 175.0115, 177457
      99796, 183.8983, 126.0574, 174.5918, 177482
      99796, 184.1018, 126.1310, 175.0498, 177507
      99796, 184.7421, 126.1125, 177.1526, 177590
      99796, 184.8074, 125.9382, 178.8082, 177617
      99796, 184.9419, 125.9189, 178.9514, 177643
      99796, 185.3709, 126.0571, -178.8997, 177670
     100000, 185.4876, 126.0392, -178.6450, 177697
     100000, 186.1024, 125.8851, -178.2868, 177748
     100000, 186.2614, 125.9007, -178.0770, 177775
     100203, 186.6740, 126.0237, -177.5504, 177820
     100203, 186.9347, 125.9543, -176.3062, 177845
     100203, 187.1678, 125.9731, -175.6080, 177872
     100203, 187.3662, 125.8899, -175.9032, 177898
     100203, 187.5166, 125.7049, -175.4960, 177926
     100203, 188.1518, 125.7190, -174.8917, 177952
     100390, 188.5279, 125.7532, -173.8164, 178006
     100390, 188.7253, 125.6731, -173.0933, 178031
     100390, 188.7292, 125.6089, -173.2805, 178074
     100390, 189.2103, 125.4921, -172.3021, 178099
     100390, 189.4848, 125.6516, -172.2417, 178126
     100390, 189.6807, 125.6606, -172.3895, 178152
     100500, 190.1130, 125.6322, -173.2955, 178204
     100500, 190.4480, 125.5495, -174.0303, 178231
     100500, 190.6122, 125.6728, -173.4336, 178259
     100500, 191.0080, 125.6698, -174.1622, 178288
     100500, 191.5259, 125.6142, -174.2520, 178340
     100515, 191.6787, 125.5639, -175.0071, 178366
     100703, 192.0988, 125.6484, -175.2137, 178418
     100703, 192.0957, 125.7241, -175.1599, 178445
     100703, 192.2926, 125.8043, -175.2358, 178470
     100890, 192.9769, 125.7668, -176.1566, 178531
     100890, 193.0612, 125.7504, -175.9961, 178556
     100890, 193.2870, 125.7442, -176.4798, 178582
     100890, 193.7453, 125.7848, -176.7197, 178608
     100890, 193.9815, 125.8647, -176.7509, 178634
     100890, 194.2409, 125.7928, -177.1522, 178659
     101015, 194.3929, 125.8111, -177.4886, 178684
     101015, 194.5198, 125.8569, -177.4467, 178709
     101015, 194.6574, 125.8498, -177.8747, 178737
     101015, 194.8752, 125.6509, -179.6420, 178763
     101015, 195.5146, 125.8352, -179.6647, 178814
     101203, 196.0942, 125.8833, 178.8201, 178888
     101203, 196.1409, 125.8325, 178.9121, 178914
     101203, 196.4110, 125.8221, 178.3370, 178944
     101218, 196.7300, 125.9557, 178.4602, 178971
     101218, 196.9902, 125.9678, 177.9098, 178997
     101406, 197.1642, 126.0212, 177.3198, 179024
     101406, 197.2389, 126.0283, 177.3279, 179049
     101406, 197.9382, 126.0480, 177.0809, 179100
     101406, 198.0896, 126.1277, 176.4223, 179126
     101609, 199.0949, 126.4219, 174.4628, 179223
     101609, 199.7517, 126.5653, 172.6276, 179303
     101609, 200.0452, 126.4560, 174.3480, 179354
     101609, 200.4905, 126.6786, 173.0964, 179379
     101812, 200.5566, 126.4947, 174.1713, 179408
     101812, 200.9267, 126.6707, 172.8918, 179435
     101812, 201.0618, 126.6669, 173.2599, 179462
     101812, 201.1307, 127.0565, 176.1911, 179488
     101812, 201.7565, 126.6987, 173.2411, 179540
     101812, 201.7609, 126.7473, 175.7686, 179565
     101812, 202.0462, 126.6886, 175.3917, 179590
     102015, 202.4367, 126.9513, 174.0842, 179625
     102015, 202.6083, 126.8903, 175.5474, 179653
     102015, 202.9333, 126.8952, 175.5421, 179679
     102015, 203.1343, 127.0124, 176.3064, 179705
     102015, 203.4565, 126.9988, 174.8314, 179731
     102015, 203.6393, 127.0242, 176.1030, 179757
     102015, 203.8199, 127.0473, 176.6511, 179782
     102218, 204.2009, 126.9615, 176.7126, 179807
     102218, 204.3496, 127.0418, 176.7776, 179833
     102218, 204.3825, 126.9861, 176.8682, 179875
     102218, 204.9917, 127.0152, 177.2757, 179901
     102218, 205.1412, 127.0409, 177.2608, 179927
     102218, 205.2757, 127.0463, 177.4816, 179953
     102218, 205.4693, 127.0248, 177.7162, 179979
     102312, 205.8900, 127.1652, 176.5290, 180004
     102312, 206.1260, 127.0940, 177.7021, 180029
     102312, 206.1129, 127.1999, 179.0968, 180054
     102312, 206.3447, 127.0604, 178.4076, 180080
     102312, 206.7655, 127.1998, 178.8833, 180106
     102312, 206.8529, 127.2256, 179.1778, 180133
     102312, 206.9927, 127.1849, 179.2087, 180158
     102312, 207.4696, 127.3044, 179.6161, 180185
     102515, 207.6506, 127.1465, 179.2563, 180210
     102515, 208.1946, 127.2502, 179.6301, 180260
     102515, 208.3107, 127.2015, -179.2861, 180287
     102718, 208.5369, 127.2215, -179.1154, 180325
     102718, 208.9064, 127.2084, -179.4033, 180352
     102718, 209.1029, 127.1073, -179.2157, 180378
     102718, 209.2715, 127.1984, -179.2038, 180403
     102718, 209.5555, 127.2135, -178.5886, 180429
     102718, 209.6970, 127.1097, -178.3270, 180454
     102718, 210.1641, 127.0216, -178.8029, 180481
     102921, 210.2519, 127.0278, -178.5403, 180507
     102921, 210.8148, 127.0383, -177.8831, 180575
     102921, 211.2187, 127.0398, -178.0574, 180602
     102921, 211.3211, 127.0355, -177.9416, 180628
     102921, 211.8225, 127.0115, -177.5849, 180680
     103125, 212.2993, 127.0398, -177.7580, 180707
     103125, 212.1081, 127.1754, -174.0502, 180733
     103125, 212.5457, 127.0766, -177.4265, 180758
     103125, 212.7834, 127.1431, -176.8675, 180784
     103125, 213.3335, 126.9664, -176.7815, 180853
     103125, 213.4443, 127.2020, -173.0239, 180880
     103125, 213.7507, 127.0487, -176.5269, 180907
     103312, 214.1527, 126.9043, -176.2672, 180934
     103312, 214.3133, 126.8680, -175.7990, 180962
     103328, 214.4343, 127.1638, -172.2751, 180989
     103328, 214.5385, 127.1569, -172.4708, 181015
     103328, 214.8703, 126.8870, -175.5878, 181047
     103421, 215.6411, 126.9501, -174.4543, 181102
     103421, 215.8764, 126.7537, -174.9693, 181128
     103421, 215.9449, 126.8613, -174.8495, 181156
     103421, 216.4023, 126.7494, -174.2262, 181183
     103421, 216.5627, 126.6561, -174.6698, 181209
     103421, 216.9525, 126.7539, -174.6519, 181236
     103421, 217.0492, 126.7192, -174.3432, 181262
     103421, 217.4048, 126.6332, -173.7788, 181291
     103625, 217.4582, 126.7000, -173.5205, 181317
     103625, 217.7013, 126.6522, -173.4458, 181342
     103625, 218.0540, 126.6143, -172.7042, 181368
     103625, 218.1069, 126.7990, -172.6542, 181394
     103828, 218.5477, 126.6092, -173.2147, 181421
     103828, 218.5880, 126.6074, -173.2232, 181448
     103828, 218.7992, 126.4893, -173.7358, 181473
     103828, 219.2093, 126.6679, -173.6471, 181506
     103828, 219.3856, 126.6146, -173.7225, 181532
     103828, 219.5813, 126.5750, -173.2966, 181557
     103828, 219.7499, 126.4932, -173.9190, 181583
     104015, 220.1659, 126.6471, -174.0287, 181610
     104015, 220.3091, 126.6389, -173.9458, 181637
     104015, 220.4821, 126.5591, -173.6863, 181664
     104015, 220.7746, 126.4827, -174.1149, 181690
     104015, 220.9683, 126.5522, -174.2024, 181723
     104015, 221.2874, 126.6429, -174.2393, 181750
     104015, 221.5530, 126.5612, -173.9789, 181774
     104125, 221.8540, 126.5611, -174.5450, 181800
     104125, 221.9726, 126.5461, -174.6647, 181825
     104125, 222.4547, 126.5661, -174.5760, 181852
     104125, 222.3133, 126.5595, -174.2542, 181878
     104125, 222.7472, 126.5617, -175.1349, 181904
     104125, 223.0116, 126.5652, -174.9827, 181929
     104125, 223.2707, 126.5054, -175.0291, 181958
     104328, 223.7835, 126.6122, -175.5691, 182011
     104328, 223.9129, 126.5782, -175.5564, 182037
     104328, 224.0808, 126.6791, -175.6191, 182064
     104328, 224.2715, 126.5919, -177.0566, 182090
     104531, 224.5335, 126.6948, -176.5519, 182116
     104531, 224.8591, 126.8073, -176.5597, 182142
     104531, 225.1334, 126.6895, -177.7728, 182186
     104531, 225.4612, 126.8239, -177.3877, 182212
     104531, 225.5930, 126.8674, -177.4587, 182239
     104531, 226.2299, 126.8056, -179.5042, 182290
     104734, 226.5246, 126.8176, 178.9375, 182316
     104734, 226.8311, 126.6355, 179.2190, 182342
     104734, 226.8169, 126.8193, 179.5779, 182370
     104734, 227.4294, 126.8826, 178.5643, 182439
     104734, 227.6346, 126.7990, 178.2531, 182465
     104734, 227.9831, 126.8585, 177.6929, 182492
     104937, 228.1012, 126.8547, 177.7497, 182518
     104937, 228.4235, 126.9741, 177.5041, 182546
     104937, 228.5949, 127.0466, 177.2922, 182571
     104937, 228.7508, 127.1369, 177.3259, 182597
     104937, 229.1413, 127.0576, 176.6867, 182623
     104937, 229.3808, 127.1114, 177.0541, 182653
     104937, 229.6644, 127.1588, 177.8276, 182679
     105140, 229.8827, 127.1372, 177.7503, 182706
     105140, 230.0242, 127.0452, 177.8877, 182732
     105140, 230.2393, 127.0763, 178.2590, 182759
     105140, 230.4658, 127.1615, 178.0689, 182785
     105140, 230.7980, 127.0628, 178.3147, 182812
     105140, 230.9376, 127.2082, 179.1963, 182838
     105140, 231.2095, 127.3872, 179.3641, 182887
     105328, 231.8079, 127.2899, 179.3226, 182940
     105328, 232.3005, 127.4686, 178.6641, 182966
     105328, 232.3133, 127.4139, 178.3414, 182993
     105328, 232.9219, 127.4388, 177.5659, 183020
     105328, 232.8980, 127.5122, 177.2107, 183046
     105328, 233.2156, 127.4101, 176.3952, 183073
     105328, 233.3635, 127.4674, 175.7845, 183098
     105531, 233.4469, 127.5044, 176.2247, 183126
     105531, 233.7167, 127.4395, 176.4866, 183152
     105531, 233.9512, 127.3665, 175.4550, 183179
     105531, 234.3228, 127.6308, 174.7845, 183205
     105531, 234.7087, 127.3914, 174.8285, 183259
     105531, 234.9934, 127.9175, 176.1283, 183284
     105734, 235.3891, 127.9065, 174.1169, 183311
     105734, 235.5545, 127.8751, 175.2710, 183369
     105734, 236.0764, 128.0268, 175.0798, 183423
     105734, 236.4557, 128.1343, 174.3943, 183450
     105734, 236.6794, 128.0056, 174.0137, 183476
     105734, 236.8959, 128.0470, 173.4403, 183502
     105937, 237.0927, 128.2367, 174.4782, 183528
     105937, 237.2075, 128.3308, 174.5652, 183554
     105937, 237.5113, 128.2580, 174.7370, 183601
     105937, 237.9856, 128.2211, 173.6300, 183628
     106140, 239.0988, 128.2450, 173.9596, 183764
     106140, 239.6698, 128.3657, 174.1003, 183818
     106140, 240.3233, 128.5402, 174.1139, 183884
     106343, 240.9853, 128.6306, 172.8456, 183936
     106343, 240.9419, 128.5346, 174.3029, 183968
     106343, 241.4393, 128.6996, 172.8887, 183994
     106343, 241.5398, 128.5650, 174.0847, 184021
     106343, 241.6709, 128.5814, 174.3374, 184047
     106343, 241.9178, 128.6114, 174.3924, 184079
     106546, 243.0397, 128.8613, 173.0477, 184185
     106546, 243.3971, 129.1460, 174.6260, 184237
     106546, 243.7934, 128.8925, 173.1631, 184262
     106546, 243.7894, 129.0302, 173.9355, 184289
     106640, 244.1952, 129.3304, 173.4490, 184320
     106640, 244.2797, 129.1969, 174.2490, 184347
     106640, 244.7211, 129.2362, 173.3635, 184375
     106640, 244.9257, 129.1679, 173.3759, 184402
     106640, 245.2486, 129.3104, 173.5335, 184430
     106640, 245.3527, 129.3275, 174.1358, 184458
     106640, 245.8734, 129.4004, 172.0975, 184485
     106640, 246.0241, 129.4797, 172.2842, 184510
     106843, 246.3247, 129.6026, 172.5066, 184560
     106843, 246.5705, 129.2732, 173.6435, 184587
     107046, 247.1961, 129.6739, 172.3761, 184638
     107046, 247.2826, 129.4980, 173.8400, 184666
     107046, 247.6329, 129.5752, 173.9538, 184720
     107046, 248.5634, 129.7519, 171.7160, 184809
     107250, 248.7424, 129.9243, 171.8828, 184835
     107250, 249.1828, 129.8207, 171.4799, 184887
     107250, 249.5369, 130.0477, 171.0990, 184914
     107250, 249.8156, 130.0718, 170.0430, 184940
     107343, 250.2702, 130.0457, 170.9179, 185031
     107343, 250.7187, 130.3533, 170.0688, 185058
     107343, 251.1100, 130.2404, 170.4477, 185086
     107343, 251.1105, 130.3496, 171.0963, 185111
     107343, 251.3272, 130.4171, 172.2512, 185137
     107343, 251.6645, 130.5060, 170.5857, 185163
     107343, 251.6448, 130.4921, 171.9966, 185189
     107343, 252.1319, 130.4602, 170.9160, 185216
     107546, 252.2933, 130.4298, 170.7120, 185248
     107546, 252.5029, 130.5481, 171.9391, 185274
     107546, 252.6716, 130.5820, 172.2375, 185300
     107750, 253.0970, 130.5945, 171.1955, 185328
     107750, 253.1955, 130.6979, 170.6411, 185354
     107750, 253.3576, 130.6936, 170.4994, 185381
     107750, 253.6995, 130.8949, 170.6700, 185407
     107750, 253.8863, 130.8404, 170.4562, 185433
     107937, 254.9923, 130.9735, 169.9667, 185585
     107937, 255.5559, 131.1862, 168.5501, 185611
     107937, 255.6823, 131.2132, 168.8738, 185638
     107937, 256.0360, 131.3065, 169.5418, 185663
     107937, 256.2788, 131.2224, 169.1799, 185689
     108046, 256.4069, 131.3102, 169.2775, 185723
     108046, 256.9261, 131.6691, 170.0094, 185777
     108046, 257.0928, 131.5699, 169.5911, 185803
     108046, 257.2606, 131.5911, 169.9122, 185830
     108046, 257.6435, 131.8338, 170.0995, 185857
     108046, 257.8297, 131.8256, 170.2029, 185885
     108250, 258.3271, 131.8736, 170.3403, 185942
     108250, 258.9999, 131.9743, 171.1620, 186003
     108437, 259.3040, 132.0055, 169.4556, 186030
     108437, 259.6383, 132.0303, 170.9296, 186081
     108437, 259.8881, 132.1469, 170.2033, 186108
     108437, 260.0949, 132.1082, 171.7513, 186134
     108546, 261.0755, 132.4064, 171.4373, 186232
     108546, 261.1903, 132.4679, 171.6210, 186258
     108546, 261.7233, 132.5573, 172.2218, 186312
     108546, 261.9489, 132.3528, 171.5319, 186337
     108546, 262.2329, 132.6002, 172.1882, 186364
     108546, 262.3249, 132.4658, 173.4857, 186390
     108546, 262.9477, 132.5190, 172.3109, 186458
     108953, 263.5980, 132.5744, 173.5613, 186535
     108953, 263.8636, 132.6927, 172.3439, 186562
     108953, 264.7445, 132.9151, 171.7932, 186668
     108953, 264.9120, 132.9562, 171.7233, 186694
     109156, 266.1015, 133.2650, 170.0385, 186822
     109156, 266.3479, 133.1296, 171.4947, 186849
     109156, 266.5380, 133.2579, 171.7082, 186880
     109156, 267.0017, 133.4650, 170.9683, 186907
     109250, 267.0289, 133.3978, 172.1121, 186933
     109250, 267.3558, 133.4078, 171.8345, 186960
     109250, 267.4856, 133.5809, 172.6832, 186986
     109250, 267.8891, 133.6341, 171.1043, 187012
     109265, 268.2202, 133.5536, 171.1144, 187039
     109265, 268.2930, 133.5735, 171.4742, 187064
     109265, 268.5330, 133.6451, 171.6106, 187099
     109265, 268.8415, 133.7466, 172.1963, 187126
     109656, 269.7687, 133.7625, 172.2017, 187232
     109656, 270.0874, 133.8916, 173.1201, 187285
     109656, 270.6772, 133.8227, 173.5102, 187392
     109656, 271.2757, 134.2495, 174.2268, 187418
     109843, 271.4183, 134.1617, 174.4742, 187445
     109843, 271.7611, 134.1841, 173.6933, 187470
     109843, 271.9847, 134.2710, 173.8836, 187498
     109843, 272.6521, 134.2626, 173.3698, 187578
     109968, 273.1611, 134.4752, 173.4311, 187632
     109968, 273.6523, 134.4238, 171.9417, 187657
     109968, 274.1135, 134.6291, 172.2816, 187710
     109968, 274.3127, 134.5539, 172.3682, 187736
     109968, 274.8093, 134.5122, 173.7501, 187816
     110156, 275.1577, 134.6527, 173.7227, 187844
     110171, 275.5206, 134.5382, 173.8490, 187897
     110171, 275.8076, 134.6206, 173.6286, 187923
     110359, 276.0474, 134.7180, 172.6943, 187951
     110359, 276.5461, 134.8736, 173.5385, 188004
     110359, 276.9020, 134.8008, 173.5609, 188029
     110359, 277.0840, 134.9361, 172.3410, 188080
     110359, 277.3365, 135.1998, 172.5026, 188107
     110562, 277.8447, 135.0812, 171.6675, 188159
     110562, 278.1816, 135.0861, 171.5596, 188185
     110562, 278.3172, 135.3361, 172.2941, 188211
     110562, 278.6141, 135.2251, 171.0164, 188237
     110562, 278.8189, 135.4469, 169.8926, 188262
     110562, 279.0654, 135.3166, 169.8041, 188289
     110562, 279.3854, 135.4129, 169.7905, 188333
     110765, 279.6517, 135.7268, 169.8712, 188360
     110765, 280.0035, 135.7920, 167.9126, 188385
     110765, 280.1657, 135.7108, 168.8077, 188411
     110765, 280.3098, 135.6922, 168.8686, 188440
     110765, 280.7750, 135.9051, 168.6236, 188494
     110765, 281.0653, 136.0290, 168.4306, 188520
     110765, 281.2647, 136.1927, 167.5255, 188557
     110968, 281.6505, 136.0165, 167.6766, 188583
     110968, 281.9152, 136.1871, 166.8820, 188609
     110968, 282.1289, 136.3910, 167.1348, 188634
     110968, 282.5962, 136.2651, 167.4590, 188685
     110968, 282.9698, 136.4657, 166.3554, 188737
     111171, 283.2435, 136.6094, 166.6115, 188764
     111171, 283.5808, 136.5543, 168.0242, 188820
     111171, 283.8962, 136.7583, 167.0857, 188846
     111171, 284.0248, 136.7415, 167.0196, 188872
     111171, 284.3118, 136.7792, 167.6045, 188899
     111375, 284.8059, 137.0429, 168.0443, 188954
     111375, 284.9947, 137.0582, 167.6852, 188981
     111375, 285.1748, 136.9214, 168.9709, 189028
     111375, 285.6379, 137.0393, 168.1679, 189056
     111375, 286.2661, 137.1338, 168.9491, 189135
     111375, 286.5253, 137.1183, 169.3289, 189161
     111578, 286.7193, 137.3275, 168.8289, 189187
     111578, 287.0819, 137.3075, 168.6005, 189212
     111578, 287.2131, 137.3284, 168.8914, 189238
     111578, 287.4245, 137.3118, 169.1705, 189266
     111578, 287.6223, 137.4263, 169.3683, 189295
     111578, 287.8404, 137.4597, 169.5645, 189322
     111765, 287.9897, 137.5081, 170.7311, 189349
     111765, 288.4185, 137.6205, 169.9879, 189376
     111765, 288.6251, 137.7385, 170.9297, 189403
     111765, 288.8322, 137.7354, 170.5240, 189429
     111765, 289.1691, 137.7323, 170.2612, 189457
     111765, 289.3415, 137.7036, 170.5221, 189489
     111765, 289.6527, 137.9349, 170.7658, 189516
     111875, 289.7914, 137.9344, 171.0370, 189543
     111875, 290.3895, 137.9893, 172.0905, 189623
     111875, 290.6935, 137.8922, 173.1516, 189650
     111875, 290.9117, 137.9396, 172.7287, 189676
     111875, 291.2299, 138.0871, 174.4361, 189709
     111875, 291.4249, 138.1290, 174.3187, 189735
     112078, 291.8020, 137.9924, 174.6047, 189762
     112078, 292.2612, 138.0836, 175.9951, 189815
     112078, 292.5444, 138.1838, 175.3242, 189842
     112281, 292.5790, 138.0516, 176.3922, 189868
     112281, 292.9529, 138.0424, 176.4281, 189895
     112281, 293.0441, 138.1696, 177.0752, 189920
     112281, 293.3899, 138.0607, 177.0681, 189951
     112281, 293.5710, 138.1475, 177.2757, 189977
     112281, 293.9227, 138.0607, 177.4576, 190005
     112281, 294.0670, 138.1050, 177.6758, 190032
     112468, 294.4014, 138.1779, 178.1250, 190060
     112468, 294.5394, 138.2063, 177.9131, 190087
     112484, 294.8128, 138.2869, 178.7071, 190114
     112484, 295.1929, 138.2461, 177.1633, 190140
     112484, 295.2780, 138.2126, 177.6233, 190181
     112484, 295.7895, 138.6629, 177.3841, 190236
     112671, 295.9592, 138.5708, 177.1259, 190263
     112671, 296.4339, 138.4706, 176.9057, 190288
     112671, 296.8884, 138.6236, 176.5881, 190340
     112703, 297.7945, 138.5943, 174.9688, 190459
     112703, 297.9691, 138.7692, 174.6205, 190486
     112703, 298.3274, 138.8380, 174.6624, 190514
     112703, 298.6180, 138.8863, 172.7447, 190539
     112703, 298.8281, 138.8424, 173.4599, 190566
     112703, 298.9202, 138.9254, 173.0515, 190591
     112703, 298.9659, 139.0636, 173.3502, 190618
     113078, 299.6761, 139.3940, 171.1165, 190676
     113078, 299.9952, 139.3027, 171.2608, 190702
     113078, 300.1893, 139.3174, 170.6369, 190728
     113078, 300.4612, 139.3721, 171.7340, 190754
     113078, 300.7033, 139.4194, 171.8069, 190780
     113078, 300.8688, 139.5801, 170.5803, 190807
     113078, 301.1197, 139.5224, 169.8787, 190833
     113281, 301.4116, 139.7313, 169.9744, 190869
     113281, 301.6434, 139.8045, 170.4486, 190894
     113281, 302.2869, 139.9315, 168.1709, 190946
     113281, 302.3393, 139.8474, 169.2079, 190974
     113281, 303.0860, 140.0719, 169.1353, 191053
     113468, 303.2848, 139.9791, 169.7464, 191079
     113468, 303.5358, 140.1148, 168.5945, 191127
     113468, 303.9426, 140.3100, 168.8777, 191154
     113468, 304.0348, 140.1830, 169.6485, 191179
     113468, 304.4074, 140.3437, 169.0783, 191206
     113468, 304.4896, 140.3336, 169.6259, 191232
     113578, 304.7697, 140.4570, 170.0665, 191258
     113578, 305.0399, 140.4834, 169.4413, 191284
     113578, 305.1030, 140.4317, 170.2478, 191310
     113578, 305.5741, 140.7295, 169.8494, 191336
     113578, 305.6320, 140.7070, 170.7684, 191363
     113578, 306.0634, 140.7101, 169.8627, 191390
     113578, 306.2079, 140.7459, 170.0823, 191417
     113578, 306.3910, 140.7781, 170.2874, 191443
     113781, 306.8140, 140.8382, 170.9646, 191494
     113781, 306.9653, 140.7541, 171.3043, 191519
     113781, 307.3877, 140.9450, 169.5205, 191545
     113984, 307.4981, 141.0170, 170.7242, 191578
     113984, 307.9173, 141.0175, 171.5520, 191632
     113984, 308.2728, 140.9659, 171.1036, 191657
     113984, 308.5000, 141.0352, 170.6141, 191684
     113984, 308.7261, 141.1462, 170.7124, 191710
     113984, 308.9528, 141.1952, 170.5857, 191736
     114171, 309.1629, 141.2897, 169.6028, 191761
     114171, 309.4626, 141.5160, 169.4848, 191788
     114171, 309.5278, 141.3677, 169.5667, 191830
     114171, 309.8980, 141.4625, 169.6053, 191855
     114171, 310.2426, 141.6076, 169.1980, 191882
     114171, 310.5195, 141.7691, 168.1039, 191908
     114187, 310.9840, 141.9308, 167.6239, 191935
     114281, 311.1678, 141.8746, 167.9373, 191961
     114281, 311.1725, 142.0201, 168.1370, 191987
     114281, 311.5286, 141.9982, 169.3414, 192012
     114281, 312.0519, 142.1305, 168.2914, 192073
     114281, 312.0701, 142.0704, 169.8564, 192098
     114281, 312.4647, 141.9812, 169.8462, 192124
     114484, 313.0386, 142.2027, 170.1026, 192203
     114484, 313.2523, 142.1133, 170.2070, 192230
     114484, 313.6212, 142.3941, 169.3353, 192256
     114687, 314.1781, 142.6421, 166.9224, 192319
     114687, 314.2449, 142.4828, 168.6233, 192344
     114687, 314.6089, 142.6824, 167.1029, 192370
     114687, 314.7472, 142.7081, 167.1296, 192395
     114687, 314.9103, 142.8221, 167.1828, 192423
     114687, 315.0550, 142.7733, 168.4084, 192449
     114890, 315.3131, 142.9307, 167.4779, 192476
     114890, 315.7301, 142.8684, 166.9739, 192509
     114890, 316.1300, 143.1735, 166.8691, 192562
     114890, 316.3550, 143.2048, 166.4809, 192589
     114890, 316.6049, 143.1587, 166.6321, 192616
     114890, 316.8704, 143.3208, 165.2091, 192642
     115093, 317.2617, 143.4640, 164.7220, 192695
     115093, 317.4831, 143.6120, 164.9180, 192723
     115093, 317.6827, 143.6732, 164.9233, 192759
     115093, 318.2461, 143.7420, 164.5843, 192812
     115093, 318.4063, 143.8652, 165.0622, 192838
     115281, 318.5974, 143.9099, 165.3511, 192864
     115281, 318.9304, 143.9451, 164.0762, 192891
     115281, 319.0872, 144.0265, 165.2282, 192917
     115281, 319.1835, 144.0587, 165.0313, 192943
     115281, 319.3992, 144.1390, 165.5326, 192987
     115281, 319.9094, 144.2285, 164.4888, 193014
     115281, 320.0625, 144.3510, 164.8448, 193040
     115390, 320.1435, 144.3550, 165.8341, 193066
     115390, 320.4148, 144.5042, 164.6976, 193092
     115390, 320.8280, 144.5203, 165.0931, 193119
     115390, 320.9331, 144.5525, 165.1991, 193145
     115390, 320.9309, 144.4860, 166.4510, 193170
     115390, 321.2826, 144.6893, 165.5808, 193200
     115390, 321.5261, 144.7775, 165.5113, 193227
     115390, 321.8487, 144.6897, 166.3327, 193252
     115390, 321.9737, 144.7209, 165.7664, 193279
     115593, 322.3177, 144.9188, 165.8294, 193305
     115593, 322.5428, 144.8866, 166.0210, 193332
     115593, 322.6876, 144.9057, 166.2255, 193359
     115796, 322.9658, 145.0252, 166.6310, 193412
     115796, 323.3629, 145.3006, 166.9282, 193440
     115796, 323.4704, 145.0598, 167.1714, 193468
     115796, 323.9690, 145.3842, 165.7260, 193496
     115796, 324.0495, 145.4644, 166.6586, 193522
     115796, 324.3059, 145.5633, 165.8236, 193549
     115890, 324.6627, 145.4698, 166.9926, 193603
     115890, 324.8847, 145.5305, 167.1981, 193629
     115890, 325.1838, 145.8203, 166.4398, 193658
     115890, 325.5233, 145.8717, 166.3161, 193685
     115890, 325.8665, 145.8072, 166.9660, 193737
     115890, 326.0622, 145.9359, 167.0773, 193764
     116093, 326.2251, 146.1480, 167.1555, 193791
     116093, 326.4633, 145.9935, 166.9023, 193817
     116203, 327.0441, 146.3140, 166.9347, 193868
     116203, 327.3090, 146.4934, 165.6431, 193902
     116203, 327.5039, 146.3848, 167.0640, 193928
     116203, 327.6639, 146.3944, 166.8508, 193954
     116203, 327.9158, 146.5326, 165.9067, 193981
     116203, 328.2492, 146.6898, 165.8876, 194008
     116203, 328.3558, 146.7626, 166.0835, 194034
     116203, 328.7063, 146.6744, 165.9718, 194061
     116406, 329.1521, 146.8709, 166.7457, 194115
     116406, 329.3458, 146.9021, 166.3042, 194153
     116406, 329.6448, 146.9253, 166.4173, 194179
     116593, 329.8104, 147.0530, 166.5103, 194205
     116593, 330.1460, 147.2230, 166.8253, 194232
     116593, 330.3324, 147.2113, 166.8693, 194260
     116593, 330.6982, 147.3301, 165.4074, 194287
     116593, 330.8381, 147.3883, 165.4938, 194313
     116593, 331.0996, 147.4816, 166.9041, 194341
     116593, 331.2664, 147.5329, 167.1477, 194393
     116796, 331.7007, 147.4934, 167.7045, 194419
     116796, 331.9265, 147.7199, 167.0011, 194446
     116796, 332.0896, 147.7187, 168.2931, 194472
     116796, 332.3900, 147.6107, 168.1568, 194498
     116796, 332.9198, 147.9626, 167.5593, 194550
     117000, 333.0843, 148.0559, 167.7016, 194576
     117000, 333.8725, 148.0644, 168.2054, 194667
     117000, 334.4207, 148.1112, 168.6739, 194720
     117000, 334.5223, 148.1174, 169.5763, 194748
     117109, 334.8353, 148.3775, 169.1851, 194774
     117109, 335.0181, 148.2041, 170.2346, 194800
     117109, 335.3284, 148.2657, 170.0432, 194825
     117109, 335.4931, 148.3107, 169.4615, 194851
     117109, 335.5148, 148.3815, 170.6689, 194894
     117109, 336.4555, 148.5893, 170.1796, 194946
     117109, 336.4979, 148.7213, 170.4484, 194972
     117296, 336.7947, 148.7162, 171.3412, 194999
     117296, 336.9964, 148.8125, 170.4919, 195024
     117406, 337.5077, 148.8306, 171.2042, 195075
     117406, 337.7233, 148.7595, 171.3702, 195108
     117406, 337.9066, 148.8128, 172.3077, 195135
     117406, 338.0503, 148.8056, 172.7573, 195161
     117406, 338.4510, 148.7865, 172.6737, 195186
     117406, 338.6121, 148.8905, 172.6262, 195214
     117406, 338.9140, 148.8876, 172.7972, 195240
     117406, 339.0648, 149.0117, 173.1497, 195269
     117593, 339.3483, 148.9982, 173.4328, 195295
     117593, 339.5085, 149.0030, 173.8046, 195321
     117593, 339.7768, 149.3241, 174.3025, 195351
     117703, 340.0847, 149.2394, 174.0059, 195377
     117703, 340.1940, 149.3153, 174.3971, 195403
     117703, 340.6020, 149.1361, 174.3983, 195429
     117703, 340.7984, 149.2305, 174.3969, 195457
     117703, 341.1633, 149.2782, 174.5328, 195482
     117703, 341.2455, 149.4620, 174.8785, 195509
     117703, 341.4288, 149.2972, 175.2484, 195535
     117703, 341.7096, 149.1640, 175.4514, 195562
     117906, 341.9242, 149.3408, 175.4849, 195593
     117906, 342.4522, 149.4442, 175.7664, 195646
     117906, 342.5810, 149.2540, 175.7985, 195672
     118109, 343.0288, 149.2154, 176.1123, 195699
     118109, 343.1710, 149.4339, 175.8303, 195725
     118109, 343.4691, 149.6364, 176.7903, 195752
     118109, 343.6141, 149.6455, 177.0601, 195781
     118109, 343.9581, 149.6451, 177.6131, 195814
     118109, 344.2573, 149.5927, 176.6218, 195841
     118109, 344.4868, 149.4811, 176.5471, 195867
     118312, 345.4739, 149.6837, 175.4442, 195975
     118312, 345.7708, 149.8124, 175.8257, 196026
     118312, 346.1742, 149.7836, 174.9761, 196053
     118515, 346.6714, 149.8998, 172.8514, 196106
     118515, 346.8034, 150.0539, 172.7547, 196134
     118515, 347.2361, 150.0385, 171.3911, 196160
     118515, 347.3566, 150.0963, 171.0507, 196186
     118515, 347.5719, 150.1824, 171.0685, 196212
     118515, 347.8591, 150.3069, 169.8040, 196237
     118515, 347.9923, 150.3534, 169.3152, 196269
     118718, 348.4515, 150.6844, 166.4220, 196296
     118718, 348.5267, 150.5953, 167.4525, 196321
     118718, 348.7825, 150.7589, 166.2566, 196348
     118718, 349.1462, 150.7993, 165.2160, 196374
     118718, 349.5118, 151.0086, 164.8837, 196426
     118718, 349.8684, 151.0464, 163.3581, 196453
     118906, 350.0605, 151.0602, 164.7532, 196501
     118906, 350.4249, 151.3141, 163.7852, 196527
     118906, 350.6295, 151.3785, 164.0127, 196555
     118921, 350.7702, 151.2000, 164.9566, 196580
     118921, 350.9286, 151.1957, 164.9349, 196606
     118921, 351.3746, 151.6044, 163.9915, 196632
     118921, 351.4767, 151.6562, 164.0970, 196659
     118921, 351.7422, 151.6440, 164.3660, 196684
     119109, 351.9208, 151.7121, 164.0965, 196711
     119109, 352.5988, 151.8554, 165.1543, 196784
     119109, 352.6915, 151.9635, 165.0795, 196811
     119109, 352.9934, 151.9274, 165.1777, 196837
     119218, 353.2925, 152.0988, 165.7731, 196892
     119218, 353.5786, 152.0993, 165.9938, 196918
     119218, 353.8254, 152.1939, 164.9912, 196944
     119218, 354.1352, 152.3058, 165.3387, 196977
     119218, 354.5020, 152.2986, 166.6981, 197003
     119218, 354.6805, 152.3700, 165.6696, 197029
     119218, 354.7394, 152.3019, 167.4222, 197055
     119218, 355.2279, 152.4735, 166.3862, 197082
     119218, 355.1919, 152.3587, 168.3871, 197108
     119406, 355.5052, 152.5402, 166.8245, 197134
     119406, 355.6562, 152.5424, 169.0560, 197161
     119515, 355.9056, 152.5532, 169.0242, 197201
     119515, 356.1290, 152.5845, 169.4290, 197229
     119515, 356.4426, 152.6338, 169.7684, 197256
     119515, 356.7004, 152.8914, 169.9845, 197281
     119515, 357.0380, 152.7280, 170.7688, 197307
     119515, 357.6227, 152.9010, 171.4720, 197385
     119515, 357.7155, 152.9772, 171.8056, 197410
     119718, 358.1151, 152.8334, 171.8899, 197457
     119718, 358.4125, 152.9541, 172.5268, 197483
     119921, 358.8030, 152.9549, 173.1714, 197537
     119921, 359.1394, 153.2288, 173.5061, 197564
     119921, 359.4054, 153.2434, 173.5000, 197590
     119921, 359.5996, 153.1306, 173.8134, 197616
     120125, 360.4472, 153.3330, 172.7851, 197696
     120125, 360.5764, 153.4771, 172.6349, 197722
     120125, 360.6943, 153.4583, 172.6725, 197748
     120125, 361.2279, 153.5730, 172.2321, 197774
     120125, 361.3832, 153.5166, 172.0625, 197800
     120125, 361.4792, 153.5680, 172.0326, 197826
     120125, 361.8384, 153.7047, 171.3730, 197878
     120328, 362.1927, 153.7191, 170.8896, 197920
     120328, 363.0060, 153.9087, 170.1133, 198001
     120328, 363.1584, 153.8567, 170.4815, 198028
     120328, 363.3515, 153.9778, 170.3494, 198056
     120328, 363.6483, 154.0873, 170.4947, 198083
     120515, 363.7704, 154.1871, 170.4894, 198110
     120515, 364.1537, 154.0421, 170.5708, 198158
     120515, 364.5126, 154.1693, 170.5213, 198184
     120531, 365.4707, 154.5012, 169.9205, 198264
     120531, 365.5893, 154.5304, 170.8873, 198290
     120531, 365.8642, 154.5131, 169.8983, 198317
     120718, 365.9970, 154.5849, 170.8977, 198343
     120718, 366.1345, 154.5823, 171.0120, 198370
     120718, 366.4964, 154.7654, 171.0001, 198408
     120718, 366.7830, 154.7584, 171.5134, 198433
     120718, 366.9719, 154.7024, 171.3853, 198460
     120921, 368.0079, 154.9866, 170.7364, 198568
     120921, 368.1787, 154.9455, 170.7167, 198594
     120921, 368.4451, 155.0986, 170.6952, 198626
     120921, 368.6038, 155.1119, 170.3669, 198652
     120921, 369.0211, 155.3158, 168.7631, 198678
     120921, 369.2828, 155.2478, 168.8597, 198705
     121031, 369.5476, 155.3773, 169.1932, 198758
     121031, 369.6922, 155.4683, 169.3813, 198784
     121031, 370.1749, 155.6935, 166.8914, 198810
     121031, 370.2540, 155.6579, 168.3175, 198837
     121031, 370.6431, 155.8298, 168.0775, 198868
     121031, 370.8478, 155.8246, 167.5657, 198895
     121234, 371.0240, 155.8930, 168.9919, 198921
     121234, 371.3575, 155.9025, 167.9158, 198948
     121234, 371.4051, 155.8132, 169.4487, 198974
     121421, 372.2388, 155.9487, 169.6247, 199052
     121421, 372.3845, 155.9345, 169.4905, 199080
     121421, 372.6997, 156.1018, 169.8265, 199107
     121421, 373.0055, 156.1353, 169.7934, 199159
     121421, 373.4209, 156.1822, 168.9943, 199185
     121625, 373.5076, 156.1916, 170.2235, 199211
     121625, 373.7020, 156.3143, 169.8720, 199237
     121625, 374.1021, 156.2190, 170.3919, 199263
     121625, 374.3246, 156.4244, 170.4880, 199308
     121625, 374.6438, 156.6557, 170.2808, 199335
     121625, 374.8679, 156.4808, 171.0035, 199361
     121625, 375.3074, 156.5620, 171.1503, 199387
     121828, 375.4059, 156.7015, 171.2475, 199414
     121828, 375.5547, 156.6474, 171.5895, 199440
     121828, 375.7403, 156.7246, 171.7670, 199466
     121828, 375.9535, 156.6450, 171.7608, 199492
     121828, 376.2395, 156.7645, 171.6845, 199520
     121828, 376.4339, 156.8054, 172.2577, 199558
     121828, 376.7275, 156.8005, 172.7871, 199585
     121937, 376.8911, 156.8166, 172.7088, 199611
     121937, 377.5514, 156.7852, 173.2835, 199662
     121937, 377.6472, 156.9085, 173.8304, 199688
     121937, 377.9318, 157.1402, 173.6315, 199714
     121937, 378.2150, 157.1190, 173.1466, 199740
     121937, 378.6109, 157.3390, 170.9431, 199773
     121937, 378.8121, 157.2280, 170.9745, 199799
     122125, 379.0128, 157.1543, 171.8997, 199825
     122125, 379.1269, 157.3759, 172.4779, 199852
     122234, 379.5784, 157.3700, 171.9182, 199904
     122234, 379.7315, 157.3075, 172.0641, 199930
     122234, 380.2134, 157.4211, 170.4689, 199957
     122234, 380.3414, 157.4343, 170.3060, 199984
     122234, 380.6200, 157.6976, 170.6873, 200016
     122234, 380.8481, 157.6831, 169.8245, 200042
     122234, 381.2153, 157.7790, 170.3456, 200068
     122234, 381.3334, 157.7111, 171.5102, 200092
     122437, 381.4339, 157.7574, 170.6564, 200118
     122437, 381.7146, 157.7336, 171.5514, 200144
     122437, 381.9163, 157.7621, 171.1347, 200170
     122437, 382.2960, 157.8785, 171.2603, 200198
     122640, 382.5712, 158.0708, 169.6686, 200228
     122640, 382.9292, 158.0054, 170.9921, 200281
     122640, 383.1157, 158.0989, 171.2877, 200307
     122640, 383.5610, 158.1874, 170.0102, 200334
     122640, 383.5877, 158.1536, 171.2997, 200362
     122640, 383.8566, 158.2915, 170.7904, 200387
     122828, 384.0925, 158.1086, 170.6726, 200414
     122828, 384.4758, 158.3011, 169.6871, 200458
     122828, 384.7513, 158.4587, 170.1515, 200484
     122828, 384.8996, 158.3916, 170.2858, 200510
     122828, 385.3559, 158.6266, 167.8127, 200562
     122828, 385.6331, 158.6364, 167.2751, 200588
     122937, 385.8950, 158.6988, 168.8472, 200613
     122937, 385.9711, 158.7633, 168.7716, 200639
     122937, 386.2386, 158.9191, 167.9156, 200666
     122937, 386.4794, 158.9223, 169.0745, 200693
     122937, 386.6698, 158.8019, 167.6421, 200720
     122937, 387.0704, 159.0464, 168.0434, 200747
     122937, 387.0848, 159.0232, 169.1696, 200773
     122937, 387.4413, 159.0658, 168.0168, 200799
     123125, 387.5244, 158.9807, 168.1070, 200826
     123125, 387.7850, 159.1871, 168.3832, 200851
     123125, 388.1280, 159.2408, 168.2159, 200877
     123234, 388.2493, 159.2736, 168.2623, 200910
     123234, 388.4345, 159.4864, 168.0591, 200936
     123234, 388.6732, 159.4252, 168.3889, 200963
     123234, 388.9664, 159.3589, 169.1377, 200989
     123234, 389.3937, 159.5211, 168.3131, 201041
     123234, 389.5588, 159.6144, 168.0970, 201066
     123234, 389.7795, 159.7486, 168.5093, 201091
     123437, 389.9771, 159.7274, 168.5676, 201118
     123437, 390.7240, 159.9774, 167.3526, 201188
     123546, 390.8279, 159.9417, 167.5840, 201214
     123546, 391.0861, 160.0789, 167.6683, 201240
     123546, 391.5237, 159.9313, 168.6325, 201292
     123546, 391.7874, 160.0499, 167.8031, 201318
     123546, 392.0257, 160.2761, 167.9508, 201344
     123546, 392.1487, 160.2216, 168.5691, 201379
     123546, 392.4680, 160.3360, 168.7603, 201405
     123734, 392.9426, 160.4357, 168.3735, 201457
     123734, 393.0150, 160.4318, 169.1000, 201483
     123750, 393.5113, 160.5861, 167.0578, 201511
     123937, 393.5622, 160.5815, 168.1918, 201538
     123937, 393.8592, 160.7801, 166.8804, 201565
     123937, 393.9721, 160.7648, 168.0333, 201599
     123937, 394.2780, 160.8152, 167.5894, 201628
     123937, 394.6270, 160.8627, 166.5796, 201654
     123937, 395.0857, 161.1432, 166.4297, 201708
     124125, 395.4901, 161.2703, 165.9882, 201763
     124125, 395.5789, 161.1207, 166.1026, 201790
     124125, 395.9317, 161.3258, 165.9437, 201817
     124125, 396.1547, 161.4644, 166.1001, 201862
     124125, 396.7435, 161.5500, 165.3843, 201889
     124250, 396.9568, 161.6456, 166.3594, 201942
     124250, 397.3216, 161.8510, 165.9605, 201969
     124250, 397.4017, 161.8503, 166.5059, 201994
     124250, 398.4637, 162.0175, 166.4628, 202100
     124453, 398.5284, 162.1274, 166.5992, 202127
     124453, 398.9665, 162.2630, 166.9155, 202153
     124453, 399.0753, 162.2935, 167.0926, 202180
     124453, 399.4085, 162.3746, 166.7711, 202206
     124640, 399.6087, 162.3488, 167.1513, 202232
     124640, 399.7813, 162.4694, 167.2947, 202259
     124640, 400.0084, 162.5061, 167.8179, 202284
     124640, 400.2351, 162.6553, 166.4576, 202316
     124640, 400.5811, 162.6642, 166.7756, 202342
     124640, 400.7650, 162.8146, 168.1111, 202369
     124640, 401.0071, 162.8721, 168.7231, 202396
     124843, 401.2110, 162.9993, 167.8076, 202421
     124843, 401.8356, 163.0072, 169.0580, 202499
     124843, 402.1272, 162.9849, 169.6541, 202526
     125046, 402.8956, 163.1005, 170.2753, 202636
     125046, 403.3470, 163.3088, 170.8080, 202662
     125046, 403.4235, 163.2446, 170.9620, 202688
     125046, 403.7884, 163.1074, 171.0697, 202714
     125046, 403.8031, 163.2439, 171.0035, 202740
     125046, 404.0714, 163.1798, 171.4775, 202765
     125046, 404.6111, 163.6205, 170.6239, 202791
     125156, 404.7556, 163.5890, 170.8258, 202833
     125156, 404.9606, 163.3838, 172.0330, 202860
     125156, 405.3807, 163.6729, 171.6672, 202885
     125156, 405.7426, 163.5346, 173.0403, 202938
     125156, 405.9420, 163.6098, 173.1650, 202965
     125156, 406.0777, 163.6126, 173.2239, 202989
     125343, 406.6037, 163.5977, 173.5972, 203041
     125343, 406.8280, 163.7762, 173.7831, 203082
     125359, 407.1845, 163.7994, 174.9146, 203135
     125546, 407.4234, 163.7324, 175.3342, 203162
     125546, 407.9666, 163.9103, 174.9068, 203188
     125546, 408.1400, 163.9946, 174.4825, 203214
     125546, 408.3090, 163.9229, 175.3982, 203240
     125546, 408.5060, 163.8632, 175.0579, 203266
     125546, 408.7272, 163.8901, 175.3439, 203292
     125656, 409.1128, 163.9595, 175.6552, 203338
     125656, 409.3399, 164.0157, 175.7062, 203364
     125656, 409.7633, 164.0948, 175.1073, 203388
     125656, 409.8265, 164.1570, 175.2649, 203414
     125656, 409.9776, 164.2075, 175.4971, 203439
     125656, 410.4349, 164.1589, 174.5007, 203465
     125656, 410.6154, 164.2472, 174.2902, 203490
     125656, 410.6483, 164.2217, 175.7266, 203516
     125859, 410.9406, 164.2958, 175.5886, 203546
     125859, 411.0637, 164.3581, 175.5877, 203572
     125859, 411.5576, 164.3728, 175.0800, 203598
     125859, 411.6883, 164.3210, 175.4261, 203624
     126062, 412.0358, 164.2971, 175.2182, 203651
     126062, 412.0417, 164.3836, 175.4171, 203677
     126062, 412.7056, 164.4109, 175.4556, 203730
     126062, 413.1624, 164.4130, 175.1246, 203791
     126250, 414.1789, 164.5641, 175.1669, 203894
     126250, 414.2335, 164.6369, 175.8498, 203920
     126250, 414.4688, 164.5981, 176.0868, 203945
     126453, 415.1656, 164.6032, 176.3099, 204027
     126453, 415.4205, 164.6306, 176.4838, 204055
     126453, 415.6562, 164.8703, 176.7514, 204082
     126453, 416.0344, 164.8097, 176.3439, 204110
     126453, 416.1415, 164.7998, 176.5501, 204137
     126453, 416.6981, 164.7944, 177.4012, 204189
     126562, 417.0413, 164.8372, 176.8875, 204232
     126562, 417.3726, 164.8742, 177.1574, 204259
     126562, 417.5029, 164.9069, 177.2557, 204285
     126562, 417.8677, 164.8306, 177.0261, 204312
     126562, 418.4009, 164.9336, 177.4232, 204366
     126562, 418.4318, 164.8979, 177.2839, 204393
     126562, 418.5968, 164.8539, 177.0888, 204419
     126750, 418.8868, 165.0996, 177.7319, 204444
     126750, 419.0136, 164.8609, 177.9803, 204488
     126750, 419.5472, 165.0213, 177.3307, 204516
     126859, 419.7035, 165.0830, 177.1123, 204542
     126859, 419.9695, 165.1340, 175.8017, 204568
     126859, 420.3938, 165.0853, 174.7849, 204594
     126859, 420.4901, 165.2824, 174.5372, 204619
     126859, 420.9043, 165.1458, 173.4407, 204671
     126859, 421.0589, 165.3434, 173.0577, 204700
     126859, 421.6861, 165.5316, 171.9174, 204753
     127062, 421.9737, 165.4640, 171.6264, 204780
     127062, 422.0983, 165.6642, 170.5256, 204806
     127062, 422.2459, 165.9053, 170.2666, 204831
     127156, 422.8029, 165.7855, 169.2508, 204858
     127156, 422.6642, 165.8962, 170.5601, 204885
     127156, 423.2184, 165.9821, 169.7111, 204947
     127156, 423.4735, 166.0441, 169.5853, 204973
     127156, 423.7727, 166.1126, 167.9877, 204999
     127156, 424.0281, 166.1887, 168.1654, 205026
     127359, 424.1052, 166.1643, 168.7292, 205054
     127468, 424.9240, 166.4772, 167.3371, 205134
     127468, 425.0376, 166.5070, 167.2587, 205162
     127468, 425.2596, 166.5874, 167.1989, 205196
     127468, 425.4643, 166.6746, 166.6179, 205222
     127468, 425.8127, 166.9240, 165.8212, 205250
     127468, 426.0059, 166.7101, 166.2568, 205276
     127468, 426.3296, 166.9147, 165.4803, 205304
     127468, 426.5662, 167.0796, 163.9246, 205330
     127468, 426.6034, 167.0716, 165.3086, 205358
     127656, 426.9450, 167.1652, 163.9933, 205384
     127656, 427.1387, 167.2022, 164.7621, 205420
     127656, 427.4365, 167.3471, 163.6655, 205447
     127765, 427.6737, 167.4538, 163.6793, 205473
     127765, 427.8415, 167.4731, 163.3282, 205500
     127765, 427.9253, 167.4871, 163.7184, 205526
     127765, 428.3274, 167.6058, 163.3909, 205553
     127765, 428.5723, 167.7652, 163.0983, 205579
     127765, 428.8070, 167.9019, 162.0268, 205606
     127765, 428.8337, 167.8621, 162.9010, 205631
     127968, 429.1232, 168.0584, 161.8641, 205661
     127968, 429.4812, 168.1854, 161.6509, 205688
     127968, 429.6151, 168.2360, 161.5244, 205715
     127968, 429.9290, 168.2844, 161.9280, 205741
     128171, 430.0629, 168.4569, 162.5794, 205769
     128171, 430.4691, 168.4656, 163.0195, 205797
     128171, 430.5658, 168.4706, 163.2005, 205823
     128171, 430.9093, 168.5455, 162.3334, 205850
     128171, 431.5573, 168.8227, 163.7221, 205928
     128359, 431.6569, 168.8751, 163.6817, 205955
     128359, 432.0411, 169.1115, 163.0097, 205982
     128359, 432.1842, 169.0255, 164.2604, 206009
     128359, 432.4912, 169.0920, 164.9008, 206037
     128359, 432.7016, 169.2327, 163.9210, 206066
     128359, 433.1194, 169.4016, 164.4550, 206092
     128359, 433.2107, 169.2787, 165.3725, 206119
     128468, 433.4120, 169.3899, 164.6885, 206149
     128468, 433.8719, 169.4856, 166.2440, 206202
     128468, 434.0856, 169.5222, 166.9174, 206228
     128468, 434.2034, 169.5544, 167.2046, 206255
     128468, 434.6127, 169.6992, 167.3518, 206282
     128468, 434.7313, 169.7425, 167.9174, 206308
     128468, 434.8897, 169.7860, 167.9981, 206334
     128671, 435.2807, 169.8188, 167.4420, 206365
     128671, 435.5219, 169.8088, 168.0819, 206392
     128671, 435.7861, 169.8866, 168.5241, 206420
     128765, 436.1525, 170.0912, 169.1884, 206474
     128765, 436.5549, 170.0569, 167.6017, 206502
     128765, 436.6730, 170.0612, 168.8157, 206528
     128765, 436.9859, 170.1883, 168.3132, 206555
     128765, 437.2754, 170.2980, 169.0356, 206581
     128765, 437.4615, 170.2518, 169.3004, 206611
     128765, 437.7467, 170.3261, 169.0317, 206637
     128968, 437.8228, 170.3447, 170.1157, 206665
     128968, 437.9313, 170.3876, 170.4322, 206690
     128968, 438.3957, 170.4796, 170.7544, 206718
     129078, 438.5426, 170.6238, 170.2153, 206745
     129078, 438.8591, 170.4944, 170.9921, 206772
     129078, 439.0537, 170.5464, 170.5483, 206799
     129078, 439.3821, 170.6337, 171.5127, 206829
     129078, 439.4679, 170.6534, 171.7772, 206857
     129265, 440.4220, 170.7220, 172.6136, 206963
     129265, 440.5766, 170.7514, 172.7240, 206990
     129265, 440.8791, 170.8339, 173.0448, 207018
     129265, 441.1210, 170.9145, 172.8111, 207054
     129375, 441.4244, 170.8360, 173.3217, 207081
     129375, 441.7440, 171.0372, 173.7910, 207108
     129375, 441.8576, 171.0512, 173.8649, 207134
     129375, 442.0146, 171.0380, 174.2394, 207162
     129375, 442.5719, 171.0196, 174.1542, 207215
     129375, 442.8937, 171.2036, 173.9745, 207241
     129578, 443.0364, 171.2411, 173.7733, 207268
     129578, 443.7410, 171.4413, 172.7706, 207335
     129781, 443.7902, 171.5260, 172.6818, 207361
     129781, 444.2050, 171.3806, 172.2853, 207388
     129781, 444.3231, 171.3754, 172.6242, 207415
     129781, 444.4778, 171.5093, 172.0148, 207441
     129781, 444.8363, 171.7184, 171.3867, 207466
     129781, 445.0556, 171.6126, 170.6962, 207492
     129984, 445.2968, 171.6055, 171.3714, 207563
     129984, 446.0133, 171.7702, 170.6863, 207591
     129984, 446.3302, 171.9136, 170.9381, 207645
     129984, 446.5455, 171.8977, 171.9409, 207674
     130187, 447.3975, 172.1575, 171.9090, 207781
     130187, 447.7681, 172.3240, 170.7271, 207813
     130187, 448.4446, 172.4019, 170.6215, 207866
     130187, 448.5385, 172.2729, 172.0978, 207891
     130187, 448.9816, 172.6031, 171.3229, 207943
     130187, 449.3290, 172.4320, 171.9409, 207970
     130375, 449.4289, 172.4491, 172.2499, 207996
     130375, 449.5897, 172.4577, 172.1305, 208027
     130375, 450.0077, 172.4271, 171.9789, 208053
     130375, 450.1225, 172.4115, 172.4958, 208079
     130375, 450.4199, 172.5233, 172.2948, 208106
     130484, 451.1682, 172.7585, 170.9880, 208186
     130484, 451.7133, 172.6687, 171.7111, 208271
     130484, 452.0289, 172.8605, 171.6241, 208297
     130484, 452.3570, 173.0071, 169.4759, 208324
     130484, 452.5272, 172.8664, 171.0793, 208349
     130484, 452.5846, 172.9787, 171.0613, 208375
     130671, 452.8290, 173.0013, 171.1133, 208401
     130671, 453.2737, 173.1229, 169.6073, 208428
     130671, 453.2499, 173.0796, 170.8909, 208454
     130781, 453.4708, 173.1109, 171.3992, 208486
     130781, 453.5826, 173.1116, 171.4617, 208512
     130781, 454.0780, 173.4189, 170.9085, 208537
     130781, 454.5299, 173.4257, 170.1687, 208589
     130781, 455.2743, 173.6276, 170.3924, 208668
     130984, 455.4270, 173.6283, 170.5746, 208713
     130984, 455.9902, 173.8360, 168.2706, 208739
     131187, 456.0700, 173.9431, 168.4360, 208766
     131187, 456.2011, 173.8811, 169.8278, 208792
     131187, 456.5000, 173.9062, 170.0593, 208819
     131187, 456.6502, 173.8525, 169.9132, 208845
     131187, 457.0204, 174.0759, 168.4864, 208870
     131187, 457.1057, 173.8747, 169.8507, 208902
     131187, 457.5450, 174.1169, 168.6519, 208928
     131187, 457.5498, 174.0811, 170.0537, 208955
     131187, 457.7375, 174.0043, 169.7469, 208982
     131390, 458.2012, 174.2516, 168.7341, 209007
     131390, 458.3323, 174.2783, 168.7807, 209034
     131390, 458.5541, 174.3356, 170.4380, 209060
     131390, 458.6157, 174.2591, 171.4098, 209087
     131390, 458.8805, 174.1900, 171.2064, 209116
     131390, 459.0998, 174.2588, 171.4594, 209142
     131593, 459.2927, 174.3041, 171.7159, 209169
     131593, 459.9796, 174.4387, 170.6470, 209221
     131593, 460.1705, 174.4003, 172.9919, 209251
     131593, 460.2711, 174.4042, 173.0939, 209278
     131593, 460.5760, 174.5469, 173.6255, 209303
     131593, 460.9891, 174.5757, 172.5163, 209333
     131781, 461.1318, 174.4600, 179.7048, 209412
     131796, 461.8867, 174.1957, -176.0544, 209493
     131984, 462.2477, 174.0466, -173.7336, 209560
     131984, 462.8755, 174.1687, -171.3762, 209614
     131984, 463.8056, 174.2361, -173.1288, 209694
     132187, 464.5673, 174.1589, -177.8589, 209782
     132187, 464.8350, 174.3027, -178.6041, 209810
     132187, 465.0943, 174.3303, 179.5950, 209837
     132187, 465.2347, 174.4414, 179.0345, 209864
     132187, 465.4247, 174.5983, 178.0246, 209891
     132187, 465.7281, 174.5125, 177.0157, 209918
     132390, 466.0428, 174.6819, 175.6522, 209970
     132390, 466.3418, 174.6981, 174.3456, 209997
     132390, 466.7139, 174.9517, 173.6364, 210033
     132390, 466.9219, 175.0719, 172.9769, 210060
     132390, 467.1888, 175.0567, 171.0505, 210087
     132390, 467.4522, 175.1561, 170.0374, 210113
     132390, 467.6734, 175.2711, 168.7440, 210140
     132593, 467.9652, 175.4186, 167.9568, 210166
     132593, 468.0879, 175.4457, 167.3018, 210193
     132593, 468.1614, 175.4927, 167.0815, 210219
     132593, 468.6258, 175.7512, 165.5686, 210263
     132593, 469.2618, 175.7179, 166.4970, 210315
     132593, 469.4721, 175.8543, 165.5788, 210343
     132796, 469.5534, 175.9608, 165.3607, 210369
     132796, 469.8298, 175.9757, 164.7719, 210396
     132796, 469.9897, 176.0493, 164.6794, 210422
     132796, 470.3857, 176.2192, 164.5376, 210449
     132796, 470.4794, 176.2774, 164.6848, 210475
     132796, 470.6393, 176.4014, 163.6993, 210523
     132796, 471.1325, 176.6621, 161.5024, 210550
     132796, 471.3075, 176.6037, 162.3055, 210577
     132984, 471.6712, 176.7268, 161.0557, 210604
     132984, 471.7733, 176.7885, 160.8962, 210633
     132984, 471.9268, 176.9333, 161.2848, 210659
     132984, 472.1416, 177.0126, 160.4383, 210687
     132984, 472.5052, 177.2571, 160.2781, 210714
     132984, 472.8062, 177.3521, 158.6782, 210740
     133093, 472.9315, 177.4283, 159.3128, 210775
     133093, 473.0848, 177.4779, 158.8696, 210802
     133093, 473.3842, 177.6523, 158.2373, 210828
     133093, 473.5230, 177.8080, 158.1813, 210855
     133093, 473.8196, 177.8732, 157.5611, 210882
     133093, 473.9660, 178.0026, 157.2105, 210909
     133093, 474.2193, 178.2164, 156.3286, 210936
     133296, 474.5468, 178.3179, 156.4547, 210991
     133296, 474.9255, 178.4708, 155.5587, 211028
     133296, 475.1980, 178.7407, 154.4436, 211054
     133484, 475.5649, 178.9090, 154.0964, 211106
     133484, 475.6865, 179.0106, 154.0942, 211132
     133484, 475.9383, 179.0433, 154.1026, 211159
     133484, 476.3263, 179.3536, 152.5603, 211186
     133484, 476.4315, 179.4269, 152.4509, 211212
     133484, 476.6029, 179.5181, 152.9568, 211246
     133593, 476.8553, 179.6865, 152.5733, 211273
     133593, 477.1693, 179.7994, 152.1808, 211299
     133593, 477.2625, 179.9055, 152.1518, 211325
     133593, 477.4776, 180.0676, 151.7828, 211353
     133593, 477.5712, 180.0902, 151.8084, 211379
     133593, 477.9674, 180.3875, 150.8692, 211405
     133609, 478.3338, 180.4843, 151.5368, 211458
     133796, 478.7976, 180.7469, 153.3273, 211495
     133796, 479.0164, 180.7299, 154.9431, 211521
     133796, 479.1214, 180.8623, 154.7196, 211548
     133796, 479.4120, 180.9254, 155.9884, 211575
     134000, 479.5702, 181.0587, 156.4892, 211603
     134000, 479.7237, 181.0685, 156.8686, 211628
     134000, 480.0073, 181.0107, 159.1859, 211655
     134000, 480.4221, 181.2404, 160.7697, 211708
     134000, 480.6007, 181.2097, 161.0706, 211744
     134000, 481.1583, 181.3901, 159.5560, 211800
     134203, 481.4221, 181.6391, 158.9685, 211828
     134203, 481.4755, 181.5787, 160.2465, 211857
     134203, 481.8009, 181.6428, 159.6904, 211884
     134203, 481.8979, 181.7214, 159.9007, 211911
     134203, 482.2037, 181.7845, 160.1089, 211937
     134203, 482.3877, 181.9013, 159.6195, 211963
     134406, 482.6831, 181.9870, 159.9338, 211999
     134406, 482.9721, 182.1349, 160.5630, 212026
     134406, 483.1984, 182.2422, 160.8295, 212053
     134406, 483.3377, 182.3383, 161.1515, 212078
     134406, 483.7191, 182.3291, 161.5435, 212106
     134406, 484.0298, 182.4701, 162.4452, 212159
     134609, 484.2562, 182.4427, 162.9162, 212185
     134609, 484.3384, 182.3806, 163.5746, 212223
     134609, 484.7036, 182.6832, 163.6348, 212250
     134609, 484.9468, 182.7722, 164.1966, 212277
     134609, 485.4814, 182.7764, 165.2199, 212331
     134609, 485.5878, 182.8950, 165.5761, 212360
     134812, 485.9707, 182.7902, 165.9064, 212386
     134812, 486.1178, 182.8804, 165.8056, 212412
     134812, 486.3274, 182.8676, 167.0373, 212438
     134812, 486.8954, 183.0512, 167.8578, 212510
     135000, 487.8160, 183.2757, 169.4432, 212614
     135015, 488.3442, 183.5165, 168.3863, 212665
     135203, 489.3389, 183.8278, 165.0046, 212812
     135203, 489.7579, 184.1436, 162.5711, 212838
     135203, 489.8593, 184.2380, 162.3982, 212865
     135203, 490.0806, 184.3166, 161.7414, 212892
     135203, 490.3470, 184.4877, 159.9983, 212918
     135203, 490.8073, 184.4533, 162.4819, 212985
     135312, 490.9592, 184.5308, 162.5117, 213012
     135312, 491.4459, 184.6559, 162.3382, 213064
     135312, 491.7250, 184.7396, 162.6588, 213089
     135312, 491.9573, 184.7384, 163.0672, 213115
     135312, 492.1239, 184.8607, 161.7618, 213142
     135312, 492.1866, 184.8956, 162.9895, 213169
     135515, 492.5647, 185.0157, 162.7087, 213194
     135515, 492.7473, 185.2020, 162.3455, 213237
     135515, 493.0686, 185.3324, 161.6546, 213263
     135703, 493.3478, 185.4579, 160.0184, 213315
     135703, 493.8376, 185.7034, 158.9809, 213365
     135703, 494.3375, 186.0086, 157.2713, 213418
     135703, 494.4720, 186.1838, 156.3658, 213443
     135812, 495.0067, 186.4566, 155.0770, 213512
     135812, 495.1951, 186.6101, 153.9247, 213539
     135812, 495.5521, 186.6828, 154.4556, 213566
     135812, 495.6883, 186.7442, 154.5547, 213592
     135812, 495.7796, 186.7811, 154.8648, 213618
     135812, 496.0465, 187.0869, 154.7723, 213644
     135812, 496.1454, 187.1177, 154.6374, 213670
     136015, 496.7143, 187.3290, 154.5525, 213737
     136015, 496.9266, 187.4859, 154.4629, 213763
     136218, 497.2067, 187.7089, 153.9625, 213788
     136218, 497.3237, 187.7661, 153.6322, 213814
     136218, 497.4516, 187.7823, 154.0748, 213841
     136218, 497.8328, 187.9074, 154.4657, 213867
     136218, 498.0148, 188.1103, 155.0197, 213893
     136218, 498.0893, 188.1349, 155.6745, 213918
     136218, 498.3698, 188.1962, 156.0857, 213944
     136421, 498.5244, 188.2555, 156.0795, 213988
     136421, 499.1575, 188.4581, 157.5996, 214040
     136421, 499.3265, 188.5471, 158.1856, 214067
     136421, 499.5456, 188.7156, 158.6140, 214093
     136421, 499.9796, 188.7670, 160.0874, 214145
     136421, 500.2135, 188.8224, 159.6256, 214171
     136421, 500.3381, 188.8769, 159.8555, 214197
     136609, 500.7306, 189.0593, 160.7542, 214242
     136609, 500.9426, 189.1550, 161.4973, 214268
     136609, 501.0946, 189.1373, 162.4536, 214294
     136625, 501.3899, 189.1818, 163.2873, 214321
     136625, 501.6520, 189.2709, 162.6317, 214347
     136625, 501.9326, 189.3991, 163.3796, 214374
     136812, 502.1704, 189.3896, 163.6182, 214399
     136812, 502.3204, 189.4689, 164.3313, 214424
     136812, 502.6097, 189.6568, 164.8783, 214451
     136812, 502.7709, 189.7096, 164.8658, 214530
     136812, 503.2681, 189.7010, 167.4774, 214557
     136812, 503.7056, 189.7585, 168.4938, 214584
     137015, 503.8703, 189.8183, 168.6855, 214611
     137015, 504.3548, 189.8679, 169.9299, 214665
     137015, 504.6873, 189.9364, 170.8180, 214693
     137015, 504.7399, 189.8781, 171.6833, 214719
     137015, 505.0245, 189.8470, 171.1085, 214747
     137218, 505.4562, 189.9351, 173.1799, 214807
     137218, 505.9129, 190.0637, 172.1725, 214833
     137218, 506.0740, 189.9633, 173.4747, 214861
     137218, 506.1514, 189.8970, 173.0474, 214888
     137218, 506.3306, 190.0530, 173.4682, 214914
     137218, 506.7228, 190.2692, 174.1946, 214943
     137218, 506.9149, 190.2276, 174.5611, 214969
     137421, 507.1368, 190.0925, 175.5122, 215005
     137421, 508.3122, 190.3023, 172.4948, 215088
     137421, 508.3514, 190.4368, 172.2551, 215116
     137421, 508.5740, 190.4258, 170.9523, 215145
     137421, 508.5519, 190.3991, 170.8088, 215170
     137625, 508.8785, 190.6346, 167.7689, 215197
     137625, 509.1909, 190.8037, 166.6153, 215222
     137625, 509.3677, 190.8332, 166.2571, 215270
     137625, 509.9452, 191.2233, 163.1633, 215321
     137625, 509.9892, 191.3095, 162.3067, 215348
     137625, 510.1523, 191.4591, 159.8071, 215374
     137828, 510.2095, 191.5284, 159.6733, 215402
     137828, 510.4825, 191.7335, 158.2206, 215427
     137828, 510.5902, 191.7977, 157.8686, 215453
     137828, 510.9567, 191.9921, 156.1876, 215480
     137828, 511.0794, 192.1506, 155.3660, 215516
     137828, 511.3451, 192.2786, 154.1320, 215543
     137828, 511.5229, 192.4722, 152.4378, 215570
     138031, 511.7416, 192.7356, 152.1599, 215596
     138031, 511.9178, 192.8022, 151.2722, 215623
     138031, 512.4590, 192.9927, 152.3766, 215649
     138031, 512.6596, 193.1714, 152.2949, 215675
     138031, 512.8155, 193.1592, 151.7857, 215702
     138031, 513.0310, 193.1875, 152.1746, 215727
     138218, 513.4415, 193.5816, 151.8775, 215796
     138218, 513.6962, 193.8425, 151.8217, 215820
     138218, 513.8357, 193.8356, 151.6539, 215847
     138234, 514.0754, 194.0861, 150.3344, 215873
     138234, 514.2871, 194.0727, 150.6454, 215900
     138234, 514.3873, 194.1573, 150.9749, 215925
     138234, 514.6434, 194.3043, 152.0327, 215952
     138234, 514.9311, 194.4371, 152.3477, 215984
     138421, 515.2479, 194.5682, 152.4928, 216010
     138421, 515.4610, 194.6369, 153.4214, 216070
     138421, 515.7131, 194.6475, 153.8800, 216097
     138421, 515.9764, 194.8203, 154.3477, 216123
     138421, 516.1279, 195.0227, 154.4916, 216152
     138421, 516.3911, 195.0142, 154.9239, 216178
     138625, 516.4379, 195.2283, 155.4517, 216205
     138625, 516.8313, 195.2676, 155.6049, 216233
     138625, 516.9946, 195.4228, 155.1010, 216260
     138625, 517.3400, 195.6976, 153.4240, 216286
     138625, 517.4411, 195.7322, 153.5613, 216312
     138625, 517.4987, 195.7972, 153.5609, 216339
     138625, 517.6637, 195.9590, 153.4281, 216365
     138828, 518.3638, 196.3703, 151.1102, 216453
     138828, 518.5328, 196.5061, 151.5352, 216479
     138828, 518.7155, 196.5389, 150.8912, 216505
     138828, 518.9867, 196.8253, 150.9271, 216532
     138828, 519.1768, 197.0204, 150.1478, 216558
     138828, 519.2726, 197.1215, 150.3439, 216585
     139031, 519.6311, 197.1164, 150.0392, 216612
     139031, 519.7115, 197.2331, 150.0522, 216640
     139031, 519.9439, 197.4351, 150.2298, 216667
     139031, 520.0656, 197.5326, 150.0683, 216701
     139031, 520.2486, 197.6715, 150.0978, 216728
     139031, 520.4800, 197.7460, 150.1378, 216755
     139031, 520.7658, 197.9137, 149.2977, 216781
     139234, 520.8897, 198.0703, 149.3353, 216809
     139234, 521.1543, 198.2789, 149.7008, 216837
     139234, 521.3657, 198.2794, 150.3387, 216864
     139234, 521.6822, 198.4251, 150.0233, 216892
     139234, 521.7635, 198.5049, 150.3427, 216927
     139234, 521.9726, 198.6495, 150.8596, 216955
     139234, 522.1537, 198.8650, 150.9799, 216982
     139234, 522.4494, 198.8880, 151.3779, 217009
     139437, 522.5753, 199.0268, 151.5882, 217036
     139437, 522.8654, 199.0977, 151.4649, 217063
     139437, 523.0886, 199.1248, 151.5895, 217092
     139437, 523.3021, 199.3041, 151.6131, 217120
     139437, 523.4813, 199.4853, 151.6747, 217146
     139437, 523.7412, 199.7691, 151.8636, 217193
     139640, 524.0290, 199.8886, 151.9997, 217220
     139640, 524.2924, 199.9323, 152.0923, 217247
     139640, 524.4656, 200.0631, 151.2540, 217273
     139640, 524.5258, 200.1081, 151.7956, 217300
     139640, 524.7772, 200.2038, 152.1055, 217328
     139640, 525.4314, 200.6043, 151.5798, 217428
     139828, 525.9171, 200.9799, 150.2215, 217456
     139828, 526.0443, 201.0498, 150.0562, 217482
     139843, 526.3181, 201.1431, 150.3097, 217509
     139843, 526.3926, 201.2328, 150.4830, 217536
     139843, 526.6086, 201.3246, 149.3517, 217564
     139843, 526.8243, 201.5407, 149.8169, 217597
     140031, 527.0919, 201.8140, 148.7922, 217626
     140031, 527.1624, 201.8913, 148.5961, 217657
     140031, 527.4110, 201.9927, 148.1526, 217683
     140031, 527.6520, 202.1901, 148.0635, 217711
     140031, 527.9249, 202.3972, 146.8850, 217737
     140031, 528.0165, 202.6536, 146.1247, 217764
     140031, 528.3241, 202.7976, 144.7811, 217790
     140031, 528.4135, 202.9895, 144.3461, 217816
     140234, 528.4829, 203.0341, 144.0477, 217843
     140234, 528.7208, 203.2607, 142.5871, 217870
     140234, 528.8558, 203.5010, 141.3669, 217904
     140234, 529.0148, 203.7332, 140.2287, 217931
     140234, 529.2980, 203.9466, 139.0738, 217957
     140234, 529.3479, 203.9648, 138.5830, 217983
     140437, 529.5252, 204.4955, 135.4419, 218035
     140437, 529.4862, 204.5010, 134.2157, 218062
     140437, 529.5298, 204.5282, 133.4762, 218087
     140437, 529.7090, 204.8398, 131.3077, 218122
     140437, 529.6887, 205.1029, 130.3316, 218150
     140437, 529.7704, 205.2928, 129.7793, 218177
     140640, 530.0870, 205.7858, 126.9481, 218231
     140640, 530.1959, 206.0691, 126.3214, 218259
     140640, 530.3824, 206.3076, 124.6865, 218286
     140640, 530.4571, 206.4962, 124.0159, 218312
     140640, 530.5855, 206.8477, 123.3887, 218339
     140640, 530.6971, 207.0765, 123.8035, 218387
     140843, 531.0459, 207.6651, 121.2884, 218414
     140843, 531.0902, 207.7651, 120.9424, 218443
     140843, 531.1477, 208.0798, 120.0629, 218469
     140843, 531.3138, 208.2570, 119.0430, 218496
     140843, 531.3807, 208.6911, 117.3923, 218523
     140843, 531.4107, 208.8333, 116.8720, 218551
     140843, 531.4884, 209.0942, 116.1591, 218577
     140843, 531.5454, 209.3143, 115.0872, 218606
     140843, 531.5489, 209.3926, 114.7164, 218638
     141046, 531.8263, 209.8615, 113.6356, 218665
     141046, 531.7948, 210.0796, 113.8070, 218691
     141046, 531.9237, 210.2421, 113.2296, 218717
     141046, 532.0045, 210.8160, 112.3885, 218773
     141046, 532.0196, 210.9105, 112.1867, 218801
     141046, 532.1492, 211.3377, 111.2930, 218828
     141250, 532.1777, 211.4469, 111.1616, 218864
     141250, 532.2808, 211.7188, 110.5039, 218891
     141250, 532.1816, 212.0452, 110.0359, 218917
     141250, 532.3714, 212.2066, 110.3723, 218943
     141250, 532.4698, 212.4127, 110.7080, 218969
     141250, 532.5771, 212.6353, 111.4714, 218997
     141437, 532.5701, 212.7971, 111.5192, 219024
     141437, 532.7835, 213.1356, 111.6976, 219051
     141453, 532.8815, 213.2357, 111.3326, 219078
     141453, 532.9510, 213.5673, 112.0763, 219109
     141453, 532.8890, 213.6832, 112.3449, 219136
     141453, 533.0824, 214.0031, 112.7111, 219162
     141453, 533.2137, 214.1315, 112.5829, 219188
     141453, 533.2426, 214.2941, 112.5152, 219214
     141453, 533.3395, 214.6999, 112.9492, 219240
     141640, 533.3519, 214.8005, 113.6402, 219267
     141640, 533.5832, 215.0494, 114.8859, 219293
     141640, 533.6043, 215.2069, 115.0556, 219335
     141640, 533.8034, 215.5076, 115.6235, 219363
     141843, 534.1507, 216.1936, 117.6693, 219442
     141843, 534.2587, 216.3122, 117.9620, 219468
     141843, 534.2574, 216.4666, 117.9416, 219495
     141843, 534.3682, 216.7805, 118.3841, 219521
     141843, 534.4334, 216.8673, 118.8131, 219549
     141843, 534.6299, 217.2739, 119.3619, 219584
     142046, 534.7091, 217.5005, 120.7818, 219636
     142046, 534.6369, 217.5481, 122.1722, 219662
     142046, 534.7370, 217.8438, 122.1355, 219687
     142046, 534.6838, 217.9313, 122.6877, 219714
     142046, 534.7171, 218.2771, 123.9407, 219800
     142250, 534.8224, 218.5595, 124.6364, 219825
     142250, 534.8448, 218.6578, 124.9744, 219852
     142250, 534.8990, 218.8253, 125.7361, 219879
     142250, 534.9053, 219.2213, 127.0509, 219933
     142250, 534.9096, 219.2983, 127.3375, 219960
     142250, 534.9607, 219.4925, 128.1858, 219987
     142250, 534.9599, 219.5843, 128.3969, 220013
     142453, 534.9859, 219.7436, 129.6361, 220042
     142453, 535.0607, 219.9498, 130.1801, 220068
     142453, 535.0541, 220.0481, 130.5781, 220097
     142453, 535.0641, 220.2832, 131.5098, 220124
     142453, 535.0541, 220.3210, 131.3397, 220151
     142453, 535.0556, 220.4231, 131.6777, 220177
     142453, 535.0631, 220.4832, 131.8641, 220205
     142656, 535.0480, 220.5819, 132.1028, 220232
     142656, 535.0148, 220.6443, 132.4140, 220259
     142656, 535.0134, 220.7266, 132.6464, 220304
     142656, 534.9992, 220.9937, 133.3115, 220358
     142656, 535.0109, 221.0917, 133.4775, 220384
     142656, 534.9891, 221.1689, 133.5740, 220412
     142859, 534.9653, 221.2296, 134.4361, 220439
     142859, 534.9801, 221.3735, 134.2752, 220491
     142859, 534.8377, 221.4909, 135.5814, 220538
     142859, 534.9731, 221.6489, 135.9926, 220564
     142859, 534.9712, 221.7642, 136.3458, 220590
     142859, 534.9799, 221.8226, 136.3893, 220617
     143046, 534.9405, 221.9523, 136.9775, 220645
     143046, 534.9810, 222.0670, 137.1166, 220672
     143046, 534.9628, 222.0503, 137.3707, 220698
     143062, 534.9621, 222.2102, 137.6832, 220726
     143062, 534.9553, 222.2436, 138.0964, 220752
     143062, 534.9599, 222.3333, 138.2903, 220791
     143062, 534.9479, 222.4437, 138.5374, 220817
     143250, 534.9638, 222.4885, 138.6928, 220844
     143250, 534.9586, 222.5498, 138.9197, 220870
     143250, 534.9381, 222.5917, 139.2214, 220896
     143250, 534.9500, 222.6348, 139.2907, 220922
     143250, 535.0625, 222.7766, 139.6221, 220949
     143250, 534.9692, 222.7648, 140.3995, 220975
     143250, 534.9796, 222.9327, 140.9035, 221014
     143453, 534.9902, 222.9730, 140.9127, 221042
     143453, 534.9669, 222.9979, 141.0322, 221068
     143453, 534.9853, 223.0737, 141.0824, 221095
     143453, 535.0470, 223.0528, 140.9085, 221122
     143453, 535.0756, 223.1233, 140.6719, 221147
     143453, 535.0660, 223.1470, 140.9474, 221174
     143453, 535.0678, 223.1806, 140.9067, 221199
     143453, 535.0471, 223.2554, 141.3032, 221258
     143656, 535.0121, 223.4595, 142.0920, 221284
     143656, 534.9936, 223.4824, 142.2040, 221313
     143656, 534.9829, 223.5214, 142.3632, 221340
     143656, 534.9927, 223.5074, 142.2897, 221368
     143656, 534.9883, 223.5332, 142.3647, 221394
     143656, 535.0004, 223.5585, 142.3684, 221421
     143656, 534.9983, 223.5683, 142.4603, 221448
     143859, 535.0091, 223.5567, 142.5597, 221489
     143859, 534.9806, 223.5917, 142.6547, 221516
     143859, 535.0087, 223.5918, 142.4716, 221543
     143859, 534.9923, 223.5962, 142.7954, 221569
     143859, 534.9755, 223.6232, 142.8534, 221595
     143859, 535.0019, 223.6579, 142.8274, 221622
     144062, 535.0067, 223.6431, 142.8930, 221649
     144062, 535.0041, 223.7408, 142.6307, 221675
     144062, 535.0065, 223.7048, 143.1450, 221702
     144062, 535.0313, 223.7678, 142.6188, 221745
     144062, 535.0106, 223.7794, 143.1030, 221772
     144062, 535.0203, 223.8287, 142.9010, 221798
     144062, 534.9726, 223.8060, 143.4156, 221824
     144265, 535.0149, 223.8688, 143.1131, 221851
     144265, 535.0242, 223.8491, 143.4517, 221878
     144265, 535.0067, 223.8711, 143.3359, 221904
     144265, 534.9932, 223.8238, 143.6875, 221930
     144265, 535.0144, 223.9052, 143.5213, 221969
     144265, 535.0262, 223.9142, 143.3452, 221997
     144265, 535.0152, 223.8929, 143.4004, 222024
     144468, 535.0442, 223.9241, 143.3304, 222053
     144468, 535.0223, 223.8633, 143.6877, 222080
     144468, 535.0271, 223.8648, 143.6593, 222107
     144468, 535.0410, 223.9329, 143.4436, 222133
     144468, 535.0383, 223.9427, 143.5446, 222162
     144468, 535.0534, 223.9525, 143.3782, 222189
     144468, 535.0458, 223.9353, 143.6159, 222222
     144468, 535.0326, 223.9715, 143.6897, 222249
     144656, 535.0690, 224.1307, 143.7402, 222276
     144671, 535.0933, 224.1344, 143.8004, 222330
     144671, 535.0875, 224.1588, 144.0239, 222384
     144671, 535.0667, 224.1903, 144.1969, 222410
     144859, 535.0650, 224.1399, 144.3118, 222449
     144859, 535.0611, 224.1470, 144.3497, 222477
     144859, 535.0857, 224.1635, 144.3637, 222505
     144859, 535.0513, 224.1762, 144.5234, 222531
     144859, 535.0866, 224.1792, 144.4931, 222558
     144859, 535.0495, 224.2169, 144.5047, 222584
     144859, 535.0590, 224.2168, 144.5654, 222611
     144859, 535.0642, 224.2587, 144.4205, 222638
     145062, 535.0448, 224.2473, 144.6669, 222688
     145062, 535.0395, 224.3147, 144.6105, 222715
     145062, 535.0147, 224.3104, 144.9679, 222743
     145062, 535.0120, 224.3297, 144.9534, 222770
     145062, 535.0366, 224.3485, 144.7580, 222798
     145062, 535.0309, 224.3535, 144.9180, 222826
     145265, 535.0273, 224.3659, 144.8929, 222854
     145265, 535.0107, 224.3439, 145.1741, 222881
     145265, 535.0069, 224.3538, 145.0419, 222909
     145265, 535.0108, 224.3991, 144.9531, 222950
     145265, 535.0184, 224.3748, 145.0668, 222978
     145265, 535.0044, 224.4097, 145.0458, 223006
     145265, 535.0154, 224.4256, 145.0746, 223035
     145468, 535.0008, 224.4089, 145.1170, 223064
     145468, 535.0098, 224.4169, 145.0584, 223091
     145468, 534.9993, 224.4187, 145.1564, 223119
     145468, 534.9871, 224.4463, 145.3132, 223147
     145468, 535.0050, 224.4499, 145.2689, 223175
     145468, 535.0163, 224.4720, 145.1602, 223214
     145671, 535.0030, 224.4702, 145.2967, 223240
     145671, 534.9726, 224.4685, 145.3974, 223268
     145671, 535.0090, 224.5152, 145.3629, 223295
     145671, 535.0101, 224.5177, 145.4266, 223322
     145671, 535.0296, 224.5355, 145.3112, 223351
     145671, 535.0042, 224.5384, 145.4579, 223379
     145671, 535.0193, 224.5629, 145.4063, 223407
     145875, 534.9887, 224.5864, 145.3914, 223450
     145875, 534.7749, 224.5478, 143.7123, 223477
     145875, 534.8111, 224.7762, 142.0815, 223506
     145875, 534.7918, 224.8330, 141.3435, 223534
     145875, 534.6946, 224.9697, 140.4231, 223562
     145875, 534.7214, 225.0257, 140.1025, 223590
     145875, 534.8364, 225.0896, 139.3941, 223619
     146078, 534.7708, 225.0991, 139.6096, 223648
     146078, 534.8489, 225.1589, 138.5706, 223675
     146078, 534.8543, 225.1122, 138.9393, 223713
     146078, 534.8541, 225.1658, 138.5903, 223741
     146078, 534.8342, 225.1133, 138.7998, 223768
     146078, 534.7394, 225.1277, 139.4082, 223796
     146078, 534.7591, 225.1699, 139.1804, 223823
     146265, 534.7525, 225.1296, 139.0755, 223851
     146265, 534.8331, 225.1495, 138.5868, 223878
     146265, 534.8300, 225.1009, 138.9256, 223904
     146265, 534.8249, 225.1911, 138.1501, 223931
     146281, 534.7193, 225.2059, 138.7947, 223963
     146281, 534.8332, 225.2048, 138.0454, 223992
     146281, 534.8314, 225.1801, 138.1342, 224019
     146468, 534.8270, 225.2667, 138.5385, 224045
     146468, 534.7975, 225.3339, 138.3802, 224072
     146468, 534.8577, 225.4013, 138.2187, 224098
     146468, 534.8914, 225.4578, 138.1013, 224125
     146468, 534.8842, 225.4913, 137.9875, 224153
     146468, 534.8829, 225.4893, 138.0525, 224209
     146468, 534.8924, 225.5259, 138.1592, 224235
     146468, 534.8926, 225.5275, 138.2745, 224262
     146671, 534.9008, 225.5634, 138.1630, 224289
     146671, 534.8901, 225.5635, 138.4462, 224316
     146671, 534.9129, 225.5788, 138.3243, 224342
     146671, 534.9066, 225.6022, 138.5083, 224370
     146671, 534.9160, 225.6181, 138.4629, 224396
     146671, 534.9141, 225.7205, 138.8744, 224424
     146875, 534.9380, 225.7441, 138.7719, 224455
     146875, 534.9318, 225.7763, 139.0019, 224481
     146875, 534.9372, 225.8438, 139.1019, 224507
     146875, 534.9394, 225.8513, 139.3459, 224535
     146875, 534.9372, 225.8864, 139.5035, 224562
     146875, 534.9388, 225.8995, 139.6282, 224590
     146875, 534.9464, 225.9343, 139.5890, 224617
     146875, 534.8555, 225.9795, 140.4175, 224644
     147078, 534.9545, 225.9955, 139.8226, 224671
     147078, 534.8605, 226.0264, 140.3676, 224705
     147078, 534.8499, 226.0448, 140.6115, 224732
     147078, 534.8628, 226.0539, 140.6927, 224759
     147078, 534.8468, 226.0657, 140.8744, 224785
     147078, 534.9073, 226.0266, 140.6010, 224813
     147078, 535.0342, 226.0662, 140.6063, 224839
     147078, 535.0357, 226.0942, 140.6038, 224866
