      96187, 151.0483, 208.2207, -176.6250, 173763
      96187, 151.3276, 208.2505, -176.8010, 173791
      96187, 151.8197, 208.2976, -176.9366, 173818
      96187, 151.8562, 208.1544, -176.4667, 173845
      96187, 152.0142, 208.2069, -176.2593, 173872
      96187, 152.5196, 208.2622, -177.3693, 173899
      96187, 152.6026, 207.8987, -176.5117, 173928
      96375, 152.9188, 208.0565, -176.2816, 173955
      96375, 152.8761, 208.0299, -175.9606, 173983
      96375, 153.5567, 208.0191, -177.7370, 174018
      96390, 153.7949, 207.8114, -177.6349, 174046
      96390, 153.9155, 207.8310, -177.7804, 174073
      96390, 154.4257, 208.1028, -178.7245, 174100
      96390, 154.5255, 207.9795, -178.0728, 174131
      96578, 154.6438, 207.9424, -178.0788, 174158
      96578, 154.8821, 207.8676, -178.0606, 174186
      96578, 155.5052, 207.7676, -178.1044, 174266
      96578, 155.8890, 207.8980, -177.8775, 174294
      96578, 156.2390, 207.9532, -177.5763, 174322
      96578, 156.5133, 207.7880, -177.2436, 174349
      96781, 156.6607, 207.7675, -177.2046, 174378
      96781, 157.0614, 207.8645, -177.1333, 174407
      96781, 157.0935, 207.6869, -176.2031, 174435
      96781, 157.4895, 207.5755, -175.9543, 174462
      96781, 157.6524, 207.6361, -175.9381, 174490
      96781, 157.8898, 207.5933, -175.6264, 174527
      96984, 158.3425, 207.5069, -175.5752, 174556
      96984, 158.5502, 207.6205, -175.5277, 174585
      96984, 158.7312, 207.5428, -175.5231, 174613
      96984, 158.8495, 207.5282, -175.4766, 174644
      96984, 159.2752, 207.5373, -175.7099, 174671
      96984, 159.3995, 207.5152, -175.5474, 174698
      96984, 159.8021, 207.5252, -175.6309, 174729
      97187, 160.1454, 207.4306, -175.5146, 174767
      97187, 160.5248, 207.4999, -175.9319, 174795
      97187, 160.6733, 207.4777, -175.8824, 174823
      97187, 160.9932, 207.3781, -175.1906, 174849
      97187, 161.5063, 207.3318, -174.1700, 174912
      97187, 161.7296, 207.3089, -174.3773, 174941
      97390, 162.0224, 207.3632, -173.8493, 174968
      97390, 162.1458, 207.1959, -173.0682, 174994
      97390, 162.4074, 207.1405, -172.4729, 175024
      97390, 162.5123, 207.2427, -170.9709, 175051
      97390, 162.8804, 207.0874, -170.9564, 175080
      97390, 163.0920, 206.9690, -171.5416, 175108
      97390, 163.4338, 207.0700, -170.1984, 175136
      97593, 163.5371, 207.0446, -169.9509, 175164
      97593, 163.8447, 206.9204, -168.9078, 175193
      97593, 164.0211, 206.8328, -169.3056, 175219
      97593, 164.3508, 206.8401, -168.8136, 175269
      97593, 164.8317, 206.8134, -168.7132, 175296
      97593, 165.1287, 206.6905, -168.1515, 175323
      97593, 165.3401, 206.7076, -167.8055, 175351
      97796, 165.6159, 206.6928, -167.4943, 175377
      97796, 165.7670, 206.4989, -166.7832, 175404
      97796, 166.1178, 206.4984, -166.8656, 175434
      97796, 166.4195, 206.4231, -166.6241, 175461
      97796, 166.6098, 206.3495, -165.6677, 175489
      97796, 166.7005, 206.2489, -165.5850, 175524
      97796, 167.1055, 206.1749, -165.0934, 175551
      97984, 167.2894, 206.2009, -164.9834, 175578
      97984, 167.5965, 205.9919, -164.1522, 175603
      97984, 167.7865, 205.9843, -163.9138, 175630
      97984, 168.1520, 205.8650, -163.4499, 175658
      97984, 168.3422, 205.8581, -163.4113, 175685
      97984, 168.4128, 205.8161, -163.1126, 175712
      97984, 168.7929, 205.6913, -162.4944, 175746
      98093, 169.2170, 205.3638, -162.6683, 175773
      98093, 169.2976, 205.3681, -162.1005, 175799
      98093, 169.6166, 205.4505, -161.3437, 175826
      98093, 169.7942, 205.2758, -160.9240, 175853
      98093, 169.9241, 205.1574, -161.0776, 175879
      98093, 170.0882, 205.1908, -159.9406, 175904
      98093, 170.2601, 205.0391, -159.6448, 175932
      98093, 170.5797, 204.9034, -159.5704, 175959
      98296, 170.6991, 204.7903, -159.2127, 175988
      98296, 170.9300, 204.6713, -157.9529, 176014
      98296, 171.1296, 204.6499, -158.5505, 176041
      98500, 171.2654, 204.6342, -159.6430, 176067
      98500, 171.5982, 204.5008, -159.8494, 176094
      98500, 171.7442, 204.5194, -160.0122, 176121
      98500, 171.9919, 204.3687, -160.8800, 176149
      98500, 172.1779, 204.2043, -161.5872, 176176
      98500, 172.5002, 204.1872, -162.0828, 176220
      98500, 172.7916, 203.9715, -162.9594, 176247
      98687, 173.0336, 203.9749, -163.0093, 176274
      98687, 173.2982, 203.9354, -163.8376, 176301
      98687, 173.4540, 203.8115, -163.8889, 176327
      98687, 173.6563, 203.7626, -163.5786, 176353
      98687, 173.8860, 203.7997, -164.0232, 176378
      98687, 174.1663, 203.7347, -164.2128, 176404
      98687, 174.4371, 203.4952, -165.1469, 176430
      98796, 174.5284, 203.4650, -165.1251, 176474
      98796, 174.7987, 203.4118, -165.0635, 176500
      98796, 175.2116, 203.4067, -164.8352, 176526
      98796, 175.3839, 203.3081, -165.3966, 176552
      98796, 175.6724, 203.1472, -165.3872, 176579
      98796, 175.7376, 203.0301, -165.4167, 176605
      98796, 176.0953, 203.1506, -166.3470, 176631
      98796, 176.3192, 203.0596, -166.0538, 176657
      98796, 176.5066, 202.9775, -166.5342, 176687
      99000, 176.8871, 202.9093, -166.9503, 176714
      99000, 176.9349, 202.8581, -166.7698, 176740
      99000, 177.4603, 202.7741, -166.4703, 176765
      99187, 177.5788, 202.6723, -166.9753, 176791
      99187, 177.6806, 202.7930, -167.0323, 176817
      99187, 177.9280, 202.6481, -167.1471, 176842
      99187, 178.0330, 202.6504, -166.8268, 176867
      99187, 178.2120, 202.5511, -167.1902, 176893
      99187, 178.6100, 202.2814, -168.0567, 176930
      99187, 179.0663, 202.3141, -169.7865, 176956
      99296, 179.0910, 202.4730, -171.5530, 176981
      99296, 179.0871, 202.5893, -172.4571, 177007
      99296, 179.3317, 202.5348, -172.8503, 177033
      99296, 179.5815, 202.3815, -174.8015, 177058
      99296, 179.9992, 202.2751, -176.3184, 177084
      99296, 180.3554, 202.5629, -178.8425, 177138
      99296, 180.5778, 202.4947, -179.0407, 177164
      99500, 180.8927, 202.4228, 178.9899, 177192
      99500, 181.1900, 202.3830, 178.2802, 177218
      99500, 181.3827, 202.3750, 177.7213, 177244
      99500, 182.1657, 202.4138, 178.3866, 177270
      99703, 182.3492, 202.3687, 178.1511, 177295
      99703, 182.3892, 202.2351, 178.4436, 177321
      99703, 182.9109, 202.1215, 177.4959, 177355
      99703, 183.0734, 202.3030, 176.9186, 177380
      99703, 183.5266, 202.1407, 176.5512, 177406
      99703, 183.6365, 202.0957, 176.3637, 177432
      99703, 183.9620, 202.1225, 176.7964, 177457
      99703, 184.1392, 201.9575, 176.1834, 177482
      99796, 184.3839, 202.3391, 175.3460, 177507
      99796, 184.7777, 202.1875, 175.2957, 177532
      99796, 184.9655, 202.0107, 176.1099, 177558
      99796, 185.0981, 202.0879, 176.0741, 177590
      99796, 185.3602, 202.1492, 176.6012, 177617
      99796, 185.6645, 202.1290, 176.8165, 177643
      99796, 185.9723, 202.0265, 176.4255, 177670
     100000, 186.1937, 202.1418, 176.4402, 177697
     100000, 186.4531, 202.1473, 176.7685, 177723
     100000, 186.6465, 202.0920, 176.9652, 177748
     100203, 186.9068, 202.1005, 176.6433, 177775
     100203, 187.1851, 202.1200, 176.9041, 177820
     100203, 187.5408, 202.0386, 177.4075, 177846
     100203, 187.8651, 202.1389, -179.3319, 177872
     100203, 188.1424, 201.7812, 179.6150, 177899
     100203, 188.0729, 201.8581, -178.5238, 177926
     100203, 188.4945, 201.9396, -177.4269, 177952
     100203, 188.5868, 201.7088, -177.0536, 177979
     100390, 188.9262, 201.8306, -174.3903, 178005
     100390, 189.1841, 201.7263, -173.5048, 178031
     100390, 189.3726, 201.6981, -172.9591, 178074
     100390, 190.0186, 201.7154, -172.8328, 178099
     100390, 190.3140, 201.6386, -172.1410, 178126
     100390, 190.4335, 201.5990, -171.6799, 178152
     100500, 190.7356, 201.5792, -171.6480, 178178
     100500, 191.2544, 201.3956, -171.4124, 178231
     100500, 191.4579, 201.4135, -171.2014, 178259
     100500, 191.7244, 201.2733, -170.2322, 178288
     100500, 192.0848, 201.1516, -172.1644, 178314
     100500, 192.2770, 201.0372, -171.8192, 178340
     100515, 192.3756, 200.9759, -170.7058, 178366
     100703, 192.7279, 200.9712, -171.3796, 178393
     100703, 193.0995, 200.9161, -171.9748, 178418
     100703, 193.2408, 200.7420, -171.7899, 178445
     100703, 193.3426, 200.7193, -171.7006, 178470
     100890, 193.7572, 200.6356, -172.0783, 178505
     100890, 194.0564, 200.6770, -172.0387, 178531
     100890, 194.2844, 200.6029, -171.8995, 178556
     100890, 194.4048, 200.5934, -171.9891, 178582
     100890, 194.7444, 200.5724, -172.3134, 178608
     100890, 194.8977, 200.5611, -172.2077, 178633
     100890, 195.2853, 200.5301, -172.2024, 178659
     101015, 195.3033, 200.4424, -171.8695, 178684
     101015, 195.4725, 200.3982, -171.6491, 178709
     101015, 195.9413, 200.2824, -172.2008, 178737
     101015, 196.0262, 200.2495, -171.6366, 178763
     101015, 196.1958, 200.2061, -171.5752, 178788
     101015, 196.6785, 200.0983, -172.7263, 178814
     101015, 196.8479, 200.1932, -172.9633, 178838
     101015, 196.9907, 199.9876, -172.7749, 178863
     101203, 197.3404, 200.0460, -172.6507, 178888
     101203, 197.4033, 199.8995, -172.2753, 178914
     101203, 197.5690, 199.9986, -172.3482, 178945
     101218, 197.9850, 199.8436, -172.7648, 178971
     101406, 198.3293, 199.7025, -172.3568, 178997
     101406, 198.5486, 199.6476, -172.8635, 179024
     101406, 198.7316, 199.6643, -172.7451, 179049
     101406, 199.0278, 199.7034, -172.6137, 179075
     101406, 199.2496, 199.6197, -172.5880, 179100
     101406, 199.4444, 199.6071, -172.2030, 179126
     101406, 199.7614, 199.5208, -172.8294, 179153
     101406, 199.9628, 199.4365, -172.5009, 179197
     101609, 200.4629, 199.4864, -171.9441, 179222
     101609, 200.6864, 199.6409, -172.4234, 179250
     101609, 200.8826, 199.4830, -172.7208, 179276
     101609, 201.2882, 199.4444, -172.6564, 179303
     101609, 201.3897, 199.4080, -172.1010, 179328
     101609, 201.7440, 199.3076, -173.6112, 179354
     101609, 202.0064, 199.1324, -173.1185, 179379
     101812, 202.1344, 199.1019, -173.0130, 179408
     101812, 202.6420, 199.0925, -172.6722, 179435
     101812, 202.7213, 199.1274, -172.2591, 179462
     101812, 203.0656, 198.9957, -172.8687, 179488
     101812, 203.2255, 198.9699, -172.7589, 179515
     101812, 203.4456, 198.7830, -172.7838, 179540
     101812, 203.7677, 198.8151, -172.5179, 179565
     102015, 203.9569, 198.8892, -172.7965, 179591
     102015, 204.0582, 198.6790, -172.3266, 179625
     102015, 204.4119, 198.6324, -172.6293, 179653
     102015, 204.7535, 198.6545, -172.2498, 179679
     102015, 204.9435, 198.5473, -172.0863, 179705
     102015, 205.3312, 198.6592, -172.1511, 179731
     102015, 205.4546, 198.6107, -172.0660, 179756
     102015, 205.5864, 198.5929, -171.7297, 179782
     102218, 205.9258, 198.5050, -172.0337, 179807
     102218, 206.0915, 198.4027, -171.6604, 179833
     102218, 206.2512, 198.4210, -171.5576, 179875
     102218, 206.6802, 198.4310, -170.6903, 179901
     102218, 206.9320, 198.2392, -171.3991, 179927
     102218, 207.1391, 198.2981, -171.1733, 179953
     102218, 207.3823, 198.2012, -170.5432, 179979
     102218, 207.7818, 197.9708, -170.9596, 180004
     102312, 208.0780, 198.0666, -170.6385, 180029
     102312, 208.2242, 197.8715, -171.4983, 180054
     102312, 208.2535, 197.9682, -170.1850, 180080
     102312, 208.5567, 197.8807, -170.8903, 180106
     102312, 208.5499, 197.9217, -169.2275, 180133
     102312, 208.7357, 197.7389, -169.7926, 180158
     102312, 209.1526, 197.8278, -169.9408, 180184
     102515, 209.3056, 197.6679, -170.5371, 180210
     102515, 209.5502, 197.7196, -170.4354, 180235
     102515, 209.8007, 197.6064, -170.2107, 180260
     102515, 209.9004, 197.4493, -170.3320, 180287
     102718, 210.3159, 197.4343, -170.2027, 180324
     102718, 210.6790, 197.3372, -170.3084, 180352
     102718, 210.8316, 197.4722, -169.6070, 180378
     102718, 211.0108, 197.2413, -169.8482, 180404
     102718, 211.2971, 197.2735, -169.7518, 180429
     102718, 211.4435, 197.2420, -169.4046, 180455
     102718, 211.8029, 197.2108, -169.1089, 180481
     102718, 211.9228, 197.1919, -168.7122, 180507
     102921, 212.1137, 197.0700, -169.3030, 180533
     102921, 212.4563, 197.1638, -169.1892, 180575
     102921, 212.7563, 197.0158, -168.6538, 180601
     102921, 212.9425, 197.0361, -168.6080, 180628
     102921, 213.2436, 196.9363, -168.8437, 180654
     102921, 213.3584, 196.9210, -168.7107, 180680
     102921, 213.7025, 196.8160, -168.2219, 180706
     103125, 213.9108, 196.7565, -168.5614, 180732
     103125, 214.1505, 196.6773, -168.4987, 180758
     103125, 214.3804, 196.6802, -167.9868, 180784
     103125, 214.5130, 196.6356, -167.8601, 180827
     103125, 214.9414, 196.4570, -168.6243, 180854
     103125, 215.1483, 196.3426, -167.9782, 180880
     103312, 215.3225, 196.2640, -168.3505, 180907
     103312, 215.7400, 196.2312, -168.3069, 180934
     103312, 215.8840, 196.2279, -168.0966, 180962
     103312, 216.1993, 196.0375, -168.1239, 180989
     103328, 216.3554, 195.9312, -167.8615, 181015
     103328, 216.5878, 196.0259, -167.7578, 181047
     103328, 216.9223, 195.8920, -167.4718, 181075
     103421, 217.1783, 195.8269, -166.8887, 181101
     103421, 217.4881, 195.7040, -167.7669, 181128
     103421, 217.4215, 195.6632, -167.2298, 181156
     103421, 217.8972, 195.6506, -166.9394, 181183
     103421, 218.0048, 195.6234, -166.6707, 181209
     103421, 218.3677, 195.4159, -166.7089, 181235
     103421, 218.5703, 195.4687, -166.9066, 181263
     103421, 218.8102, 195.3593, -166.2735, 181290
     103625, 219.0500, 195.3580, -166.7147, 181317
     103625, 219.0630, 195.2495, -166.4558, 181342
     103625, 219.5113, 195.0540, -166.9430, 181368
     103625, 219.5719, 195.1859, -165.8842, 181394
     103625, 219.8900, 195.0645, -165.7096, 181421
     103828, 220.1160, 195.0699, -166.4435, 181447
     103828, 220.4466, 194.9256, -167.6057, 181473
     103828, 220.8010, 194.8325, -167.3840, 181506
     103828, 220.9201, 194.7828, -167.4356, 181532
     103828, 221.3122, 194.5963, -167.7818, 181557
     103828, 221.5557, 194.7108, -167.9832, 181583
     103828, 221.7407, 194.5290, -168.1514, 181610
     104015, 222.0063, 194.5057, -168.9384, 181637
     104015, 222.0698, 194.4120, -168.9469, 181664
     104015, 222.4107, 194.3663, -169.5998, 181690
     104015, 222.5636, 194.3471, -169.6916, 181723
     104015, 223.0289, 194.1948, -170.1554, 181750
     104015, 223.1776, 194.1869, -169.5001, 181774
     104125, 223.4992, 194.1919, -169.4001, 181800
     104125, 223.6481, 194.1703, -169.5287, 181825
     104125, 223.9919, 194.1131, -169.0349, 181852
     104125, 224.0827, 194.0698, -168.3941, 181878
     104125, 224.3378, 194.0564, -169.4861, 181904
     104125, 224.6090, 194.0634, -169.0112, 181929
     104125, 224.8100, 193.9657, -168.8657, 181958
     104125, 225.2156, 193.9133, -169.5730, 181984
     104328, 225.4453, 193.7892, -170.3582, 182011
     104328, 225.4920, 193.7318, -170.3283, 182037
     104328, 226.0151, 193.6831, -171.5748, 182063
     104328, 226.0362, 193.6627, -172.1962, 182090
     104531, 226.4231, 193.6164, -172.8664, 182116
     104531, 226.4930, 193.4569, -174.0049, 182142
     104531, 226.8147, 193.6160, -174.9580, 182186
     104531, 227.0235, 193.5843, -176.2071, 182212
     104531, 227.2103, 193.5091, -177.1499, 182239
     104531, 227.7695, 193.5482, -179.1187, 182263
     104531, 227.9133, 193.5645, -178.4474, 182290
     104531, 228.1183, 193.4830, -179.4433, 182316
     104734, 228.3741, 193.3774, 178.6174, 182343
     104734, 228.6156, 193.5318, 177.1593, 182370
     104734, 228.6995, 193.3612, 176.9758, 182395
     104734, 229.0351, 193.5260, 175.4380, 182439
     104734, 229.3718, 193.5426, 173.9410, 182465
     104734, 229.8573, 193.7045, 171.1339, 182492
     104734, 229.9298, 193.5355, 171.6911, 182518
     104937, 230.0146, 193.6475, 171.5548, 182546
     104937, 230.3802, 193.7072, 169.2105, 182571
     104937, 230.5267, 193.7500, 168.5670, 182597
     104937, 230.7260, 193.6664, 167.5341, 182623
     104937, 231.0062, 193.8309, 165.3842, 182653
     104937, 231.2438, 193.9382, 163.8629, 182679
     104937, 231.4332, 194.0248, 163.3715, 182706
     105140, 231.6655, 193.9970, 161.4376, 182732
     105140, 231.9398, 194.1419, 160.5228, 182759
     105140, 232.0917, 194.1855, 160.3252, 182784
     105140, 232.2509, 194.1235, 159.2086, 182811
     105140, 232.3158, 194.2219, 158.7670, 182837
     105140, 232.5071, 194.4159, 157.3852, 182888
     105328, 232.9833, 194.6225, 155.5138, 182914
     105328, 233.1923, 194.5143, 154.6492, 182940
     105328, 233.4035, 194.8141, 152.6135, 182966
     105328, 233.5754, 194.8799, 152.0224, 182993
     105328, 233.9160, 195.1438, 149.7871, 183020
     105328, 234.0510, 195.2292, 149.2888, 183047
     105328, 234.2842, 195.3306, 147.4358, 183073
     105328, 234.4307, 195.4925, 146.3833, 183097
     105531, 234.6539, 195.5557, 145.4620, 183127
     105531, 234.8466, 195.7343, 144.0467, 183152
     105531, 234.9349, 195.9183, 143.3160, 183179
     105531, 235.2420, 196.1056, 141.2462, 183205
     105531, 235.3366, 196.2028, 140.7397, 183232
     105531, 235.4370, 196.3850, 140.5785, 183259
     105531, 236.0837, 196.6762, 141.7148, 183284
     105734, 236.1733, 196.7670, 141.5798, 183311
     105734, 236.3444, 196.8765, 142.1992, 183336
     105734, 236.4724, 197.0603, 142.4119, 183369
     105734, 236.8160, 197.2161, 143.0559, 183395
     105734, 236.9656, 197.3077, 143.3256, 183423
     105734, 237.1334, 197.4414, 143.5907, 183450
     105734, 237.4663, 197.4959, 143.1908, 183477
     105734, 237.8208, 197.7979, 143.6642, 183528
     105937, 237.9693, 197.9441, 143.6654, 183554
     105937, 238.1659, 198.1053, 143.8094, 183600
     105937, 238.5618, 198.2261, 143.3515, 183627
     105937, 238.7754, 198.3718, 144.0069, 183654
     105937, 238.8840, 198.4250, 144.1008, 183682
     105937, 239.0423, 198.5681, 144.2341, 183708
     106140, 239.4459, 198.6765, 144.0865, 183736
     106140, 239.5642, 198.7389, 144.2796, 183764
     106140, 239.8020, 198.9900, 144.1921, 183791
     106140, 239.9021, 199.0231, 144.3772, 183818
     106140, 240.1180, 199.1909, 144.5652, 183856
     106140, 240.5687, 199.2831, 144.5619, 183883
     106140, 240.6550, 199.3739, 144.6287, 183910
     106343, 240.9078, 199.5834, 144.7896, 183936
     106343, 241.0210, 199.6679, 144.8336, 183968
     106343, 241.4654, 199.7368, 144.6316, 183993
     106343, 241.5612, 199.7979, 144.8073, 184021
     106343, 241.6872, 199.9647, 144.3817, 184047
     106343, 241.9056, 200.0898, 144.6335, 184079
     106343, 242.1634, 200.2306, 144.7996, 184106
     106546, 242.4033, 200.2326, 145.0432, 184132
     106546, 242.5972, 200.2860, 144.7751, 184159
     106546, 242.9865, 200.5278, 145.7575, 184185
     106546, 243.1072, 200.5902, 145.7390, 184211
     106546, 243.3367, 200.6660, 146.7534, 184236
     106546, 243.4901, 200.7239, 146.8921, 184262
     106546, 243.6135, 200.8091, 147.1509, 184289
     106546, 244.0344, 201.0255, 147.4316, 184320
     106640, 244.1891, 201.0275, 147.6859, 184347
     106640, 244.3669, 201.1267, 148.5200, 184375
     106640, 244.6776, 201.1442, 148.7779, 184402
     106640, 244.9842, 201.3339, 149.2620, 184430
     106640, 245.1040, 201.3615, 149.6307, 184458
     106640, 245.5616, 201.4925, 149.7695, 184485
     106640, 245.6655, 201.5185, 150.2380, 184511
     106640, 245.9086, 201.5957, 150.8392, 184560
     106843, 246.2404, 201.6881, 151.5010, 184586
     106843, 246.4781, 201.8143, 151.8858, 184612
     106843, 246.7120, 201.8528, 151.8587, 184638
     107046, 246.7938, 201.9084, 152.2720, 184666
     107046, 247.1528, 201.9593, 152.7547, 184692
     107046, 247.3078, 202.0219, 152.8492, 184720
     107046, 247.7106, 202.1340, 153.7340, 184745
     107046, 247.8408, 202.2006, 154.2920, 184771
     107046, 248.0513, 202.1934, 154.2589, 184809
     107046, 248.3730, 202.2560, 154.9481, 184835
     107250, 248.6822, 202.3439, 155.5834, 184862
     107250, 248.7875, 202.3866, 156.0709, 184887
     107250, 249.1918, 202.5075, 156.9050, 184913
     107250, 249.3382, 202.5650, 157.2033, 184940
     107250, 249.4589, 202.6129, 157.7834, 184970
     107250, 249.7377, 202.5046, 159.3961, 184996
     107343, 249.9529, 202.6522, 158.6368, 185031
     107343, 250.2959, 202.7588, 158.6716, 185058
     107343, 250.5613, 202.8610, 158.9468, 185085
     107343, 250.8878, 202.7673, 158.5246, 185111
     107343, 251.1627, 202.8607, 158.6690, 185137
     107343, 251.2587, 202.9942, 158.9713, 185163
     107343, 251.4348, 202.9505, 159.2403, 185189
     107343, 251.7190, 202.9873, 159.5207, 185216
     107546, 251.7732, 203.0006, 159.7596, 185248
     107546, 252.2360, 203.0898, 159.4565, 185274
     107546, 252.3024, 203.1528, 159.5446, 185300
     107750, 252.6592, 203.1936, 160.0402, 185328
     107750, 252.7807, 203.2397, 159.7994, 185354
     107750, 252.9987, 203.4410, 158.4882, 185381
     107750, 253.2687, 203.3875, 159.1687, 185406
     107750, 253.4174, 203.5323, 158.2021, 185433
     107750, 253.7332, 203.6520, 158.0948, 185460
     107750, 254.0229, 203.6019, 157.8895, 185505
     107937, 254.4370, 203.8188, 157.7144, 185532
     107937, 254.5366, 203.8412, 157.7045, 185558
     107937, 254.7126, 203.8816, 157.4336, 185585
     107937, 255.0333, 203.9749, 157.2326, 185611
     107937, 255.2830, 203.9673, 157.1310, 185638
     107937, 255.6800, 204.1870, 155.8510, 185663
     107937, 255.7725, 204.2036, 155.9329, 185689
     107937, 255.9020, 204.2412, 156.0068, 185723
     108046, 256.1020, 204.3362, 155.9890, 185749
     108046, 256.5294, 204.3706, 155.5404, 185777
     108046, 256.6741, 204.4217, 155.4507, 185803
     108046, 256.8549, 204.5310, 155.0696, 185830
     108046, 257.1903, 204.5732, 154.7067, 185857
     108046, 257.4717, 204.6516, 154.3991, 185885
     108046, 257.7106, 204.8720, 153.8571, 185913
     108046, 257.8567, 204.9517, 153.8063, 185941
     108250, 258.1880, 205.0311, 153.7436, 185977
     108250, 258.4963, 205.1526, 153.9366, 186003
     108437, 258.7235, 205.1860, 154.1135, 186030
     108437, 258.9645, 205.1787, 153.7740, 186056
     108437, 259.2052, 205.2802, 153.7148, 186082
     108437, 259.3540, 205.3533, 153.5726, 186108
     108437, 259.7090, 205.4749, 153.2330, 186134
     108437, 259.7657, 205.5243, 153.3011, 186160
     108437, 259.8082, 205.4494, 154.4283, 186206
     108546, 260.3646, 205.7075, 153.4149, 186233
     108546, 260.6400, 205.6519, 154.3380, 186258
     108546, 260.9315, 205.8962, 154.5269, 186285
     108546, 260.9564, 205.8206, 155.3626, 186312
     108546, 261.0662, 205.9088, 156.0648, 186338
     108546, 261.4906, 205.8389, 156.2813, 186364
     108546, 261.6170, 205.8615, 156.5799, 186390
     108546, 261.9418, 206.0696, 156.9860, 186415
     108750, 262.1833, 206.0611, 157.4011, 186459
     108750, 262.5206, 206.3237, 157.3190, 186484
     108750, 262.7794, 206.2519, 158.7399, 186509
     108750, 263.0838, 206.3826, 157.7147, 186535
     108953, 263.2131, 206.4470, 158.1470, 186562
     108953, 263.4406, 206.4661, 159.5997, 186588
     108953, 263.6787, 206.4407, 160.0083, 186614
     108953, 263.9370, 206.6185, 160.6524, 186638
     108953, 264.1492, 206.7243, 159.8353, 186668
     108953, 264.3542, 206.6513, 161.1943, 186694
     109156, 264.8655, 206.7826, 162.0314, 186746
     109156, 265.2525, 206.9222, 162.6559, 186771
     109156, 265.3765, 206.9085, 163.1622, 186797
     109156, 265.5551, 207.0525, 163.6594, 186822
     109156, 265.9616, 206.9665, 163.7595, 186849
     109156, 266.1078, 207.0104, 163.5204, 186880
     109156, 266.4255, 207.2032, 163.3701, 186907
     109250, 266.5341, 207.2380, 163.4816, 186933
     109250, 266.8121, 207.2525, 163.6105, 186960
     109250, 267.0903, 207.2696, 163.2043, 186986
     109265, 267.2524, 207.3063, 163.2659, 187012
     109265, 267.5964, 207.5328, 162.7413, 187038
     109265, 267.7940, 207.5389, 162.6620, 187064
     109265, 268.0856, 207.5780, 162.5687, 187099
     109265, 268.2862, 207.5594, 162.6397, 187126
     109453, 268.6601, 207.6913, 162.3198, 187152
     109453, 268.7869, 207.7063, 162.3080, 187179
     109453, 268.9917, 207.7619, 162.2188, 187205
     109656, 269.2396, 207.7735, 162.0722, 187232
     109656, 269.7389, 207.8458, 161.5321, 187285
     109656, 269.8393, 207.8842, 161.6143, 187311
     109656, 270.2583, 208.0752, 160.1956, 187392
     109656, 270.8561, 208.1938, 160.1248, 187418
     109843, 270.9873, 208.2313, 160.2329, 187445
     109843, 271.3357, 208.3071, 159.9836, 187470
     109843, 271.5289, 208.3253, 159.8894, 187498
     109843, 271.8458, 208.4558, 159.0229, 187524
     109843, 271.9753, 208.3276, 159.6570, 187551
     109843, 272.1006, 208.4322, 159.4764, 187578
     109843, 272.4914, 208.5036, 159.7110, 187604
     109843, 272.6608, 208.6500, 159.4190, 187631
     109968, 272.9206, 208.7066, 158.7259, 187657
     109968, 273.0256, 208.7634, 158.7051, 187683
     109968, 273.3713, 208.8863, 158.9642, 187710
     109968, 273.6395, 208.8652, 159.1132, 187736
     109968, 273.8246, 208.8803, 158.5894, 187762
     109968, 274.0532, 208.9805, 158.6366, 187789
     109968, 274.1686, 209.1136, 158.5759, 187815
     110171, 274.5287, 209.1430, 158.7074, 187845
     110171, 274.6545, 209.1524, 158.7464, 187870
     110171, 274.7787, 209.1934, 158.6552, 187897
     110171, 275.1864, 209.4791, 157.5424, 187923
     110359, 275.2938, 209.4704, 157.5047, 187951
     110359, 275.5681, 209.6103, 157.5294, 187977
     110359, 275.7300, 209.6080, 157.3629, 188003
     110359, 276.1424, 209.7143, 157.3164, 188029
     110359, 276.2972, 209.7575, 157.3098, 188080
     110359, 276.8963, 209.8439, 157.8893, 188107
     110359, 277.0147, 209.8980, 157.9019, 188133
     110359, 277.1564, 209.9359, 158.0316, 188159
     110562, 277.3953, 210.1076, 157.9980, 188185
     110562, 277.5188, 210.1431, 158.4673, 188211
     110562, 277.9833, 210.1640, 158.0346, 188237
     110562, 278.1575, 210.3966, 157.4384, 188263
     110562, 278.2470, 210.3886, 157.4692, 188289
     110562, 278.4965, 210.4503, 158.3539, 188333
     110765, 278.8502, 210.6198, 157.9368, 188360
     110765, 279.1654, 210.6415, 158.2159, 188385
     110765, 279.3256, 210.7364, 158.4231, 188411
     110765, 279.4615, 210.8264, 158.6380, 188440
     110765, 279.9121, 210.7935, 158.7486, 188467
     110765, 280.0097, 210.8470, 158.8654, 188494
     110765, 280.2931, 210.9846, 159.4701, 188520
     110968, 280.4050, 211.0038, 159.6152, 188557
     110968, 280.8298, 211.0947, 159.9041, 188583
     110968, 280.9626, 211.1833, 160.1191, 188609
     110968, 281.3509, 211.1943, 160.2629, 188634
     110968, 281.5540, 211.2131, 160.1065, 188661
     110968, 281.8276, 211.2961, 160.0847, 188686
     110968, 281.9680, 211.3669, 160.1328, 188712
     110968, 282.1464, 211.3499, 159.9054, 188737
     111171, 282.3672, 211.4528, 159.9870, 188764
     111171, 282.6273, 211.4451, 160.0627, 188795
     111171, 282.8811, 211.5396, 159.8998, 188820
     111171, 283.0782, 211.5780, 159.8926, 188846
     111171, 283.2804, 211.6721, 158.8588, 188871
     111171, 283.5314, 211.8074, 158.9724, 188899
     111171, 283.7381, 211.7907, 159.1095, 188926
     111375, 284.0734, 211.8063, 158.9302, 188954
     111375, 284.1909, 211.8423, 158.9450, 188981
     111375, 284.4521, 212.0058, 159.0932, 189028
     111375, 284.8207, 212.0416, 159.4118, 189056
     111375, 285.1963, 212.1309, 158.8420, 189082
     111375, 285.3080, 212.1757, 158.7887, 189109
     111375, 285.4321, 212.1859, 158.9325, 189135
     111578, 285.7969, 212.2381, 159.1444, 189161
     111578, 285.9936, 212.2918, 158.6473, 189187
     111578, 286.2234, 212.4015, 158.8731, 189213
     111578, 286.4347, 212.5796, 158.0444, 189238
     111578, 286.5271, 212.6496, 158.3200, 189266
     111578, 286.8884, 212.6708, 158.0192, 189295
     111578, 287.0878, 212.6924, 157.8933, 189322
     111765, 287.3106, 212.8200, 158.1262, 189349
     111765, 287.5395, 212.8632, 157.7158, 189376
     111765, 287.8619, 212.8770, 157.8345, 189403
     111765, 287.9980, 212.9145, 157.7913, 189430
     111765, 288.2999, 213.1258, 157.8581, 189458
     111765, 288.4477, 213.1529, 157.9506, 189490
     111765, 288.7617, 213.2160, 157.2621, 189517
     111875, 289.0294, 213.2770, 156.8822, 189543
     111875, 289.2931, 213.4697, 156.8202, 189570
     111875, 289.4458, 213.5040, 156.8755, 189597
     111875, 289.5982, 213.6191, 156.8535, 189624
     111875, 289.8916, 213.6677, 156.6611, 189650
     111875, 290.1240, 213.6645, 156.6804, 189676
     111875, 290.3613, 213.8098, 156.7639, 189710
     111875, 290.5209, 213.8644, 156.5539, 189736
     112078, 290.8940, 214.0583, 155.4389, 189762
     112078, 290.9631, 214.1286, 155.6615, 189788
     112078, 291.4103, 214.1492, 155.4062, 189815
     112078, 291.5007, 214.1839, 155.6058, 189842
     112281, 291.6637, 214.2252, 155.6912, 189868
     112281, 291.9381, 214.3966, 155.9165, 189895
     112281, 292.0289, 214.4327, 155.9897, 189920
     112281, 292.3812, 214.5198, 156.0772, 189951
     112281, 292.6215, 214.5244, 155.6799, 189977
     112281, 292.8619, 214.6840, 155.8276, 190005
     112281, 292.9699, 214.7180, 156.0241, 190032
     112281, 293.4033, 214.7758, 155.8556, 190060
     112468, 293.6002, 214.8593, 155.4317, 190087
     112468, 293.8448, 214.9869, 155.1814, 190114
     112484, 293.9534, 215.0370, 155.2335, 190140
     112484, 294.1662, 215.0597, 155.1278, 190182
     112484, 294.6142, 215.1954, 155.4776, 190209
     112484, 294.7163, 215.2261, 155.5709, 190236
     112671, 294.9097, 215.3407, 155.6196, 190263
     112671, 295.2565, 215.3950, 155.8369, 190288
     112671, 295.4541, 215.4226, 155.6510, 190314
     112671, 295.7065, 215.5793, 155.7461, 190340
     112671, 295.8576, 215.6825, 156.2081, 190366
     112671, 296.0480, 215.7191, 156.0043, 190394
     112671, 296.4046, 215.7854, 155.9979, 190431
     112703, 296.7088, 215.9410, 155.1057, 190459
     112703, 296.8725, 215.9659, 155.9596, 190486
     112703, 297.3648, 216.0919, 155.4214, 190513
     112703, 297.4602, 216.1486, 155.5327, 190539
     112703, 297.6576, 216.2074, 155.4260, 190566
     112703, 297.7629, 216.2844, 155.4941, 190591
     112703, 297.9116, 216.3855, 155.8978, 190618
     112703, 298.3019, 216.4633, 156.1605, 190649
     113078, 298.5384, 216.5280, 155.7366, 190676
     113078, 298.7032, 216.6177, 155.8461, 190702
     113078, 298.8714, 216.7587, 155.6760, 190728
     113078, 299.2309, 216.8027, 156.0865, 190754
     113078, 299.4414, 216.9930, 155.2441, 190780
     113078, 299.5878, 216.9674, 155.6428, 190807
     113078, 299.8866, 217.1363, 155.6945, 190832
     113281, 299.9921, 217.2158, 155.8015, 190869
     113281, 300.4692, 217.2545, 155.4120, 190894
     113281, 300.7715, 217.4194, 155.5161, 190920
     113281, 300.8659, 217.4440, 155.5770, 190946
     113281, 300.9708, 217.5054, 155.8970, 190974
     113281, 301.4191, 217.6773, 155.8268, 191000
     113281, 301.6563, 217.7197, 155.8657, 191027
     113468, 301.9385, 217.8558, 155.8599, 191054
     113468, 302.0526, 217.8999, 155.9231, 191079
     113468, 302.3135, 218.0300, 155.2205, 191127
     113468, 302.7641, 218.1278, 155.5059, 191154
     113468, 302.8928, 218.1700, 155.5252, 191179
     113468, 303.1009, 218.2972, 155.8774, 191206
     113468, 303.3897, 218.2696, 155.4286, 191232
     113578, 303.6654, 218.3748, 155.7009, 191258
     113578, 303.8107, 218.4835, 155.7583, 191284
     113578, 303.9245, 218.5223, 155.8358, 191310
     113578, 304.3289, 218.6675, 156.2282, 191336
     113578, 304.4415, 218.6928, 156.3873, 191363
     113578, 304.7381, 218.7642, 156.6112, 191390
     113578, 304.9324, 218.9272, 155.6787, 191417
     113578, 305.1040, 218.8229, 157.0865, 191443
     113578, 305.3381, 218.9081, 157.3456, 191468
     113781, 305.6058, 218.9140, 157.5355, 191494
     113781, 305.6749, 218.9392, 157.7250, 191519
     113781, 306.0442, 219.0137, 157.8862, 191544
     113984, 306.1726, 219.1484, 158.2408, 191578
     113984, 306.4144, 219.2115, 158.8833, 191604
     113984, 306.6199, 219.2046, 159.0698, 191631
     113984, 307.0044, 219.3452, 158.5929, 191658
     113984, 307.1857, 219.4637, 158.1413, 191684
     113984, 307.5074, 219.5464, 158.4206, 191710
     113984, 307.6296, 219.6058, 158.4681, 191736
     114171, 307.7553, 219.6613, 158.5101, 191761
     114171, 308.1707, 219.7730, 158.4467, 191788
     114171, 308.2664, 219.8028, 158.9937, 191829
     114171, 308.5781, 219.8709, 158.5595, 191855
     114171, 308.9415, 219.9418, 158.7076, 191882
     114171, 309.0488, 219.9897, 158.8555, 191908
     114187, 309.4403, 220.1405, 158.9221, 191935
     114187, 309.5465, 220.3164, 157.9665, 191960
     114281, 309.7724, 220.0854, 158.6139, 191987
     114281, 310.1484, 220.4358, 158.4335, 192012
     114281, 310.2748, 220.5034, 157.9496, 192047
     114281, 310.5456, 220.6349, 158.1243, 192073
     114281, 310.6948, 220.5682, 158.8021, 192098
     114281, 311.0971, 220.6748, 158.0465, 192124
     114281, 311.2366, 220.7519, 157.9246, 192150
     114484, 311.3745, 220.8181, 158.1301, 192176
     114484, 311.6136, 220.9613, 158.1461, 192202
     114484, 311.9356, 220.8985, 157.8963, 192229
     114484, 312.1923, 220.9965, 157.9917, 192256
     114687, 312.3759, 221.0762, 158.1838, 192293
     114687, 312.6795, 221.1615, 158.4167, 192319
     114687, 312.8677, 221.3190, 157.4752, 192344
     114687, 313.1642, 221.3226, 158.0835, 192370
     114687, 313.3571, 221.4659, 157.2349, 192395
     114687, 313.5025, 221.5252, 157.3648, 192423
     114687, 313.8653, 221.6020, 157.0376, 192449
     114890, 314.0715, 221.6110, 157.0563, 192476
     114890, 314.3287, 221.7259, 157.2259, 192510
     114890, 314.6601, 221.7791, 156.8728, 192535
     114890, 314.7976, 221.8295, 156.7354, 192562
     114890, 315.0495, 221.8537, 156.5812, 192589
     114890, 315.4001, 221.9553, 156.0602, 192616
     115093, 315.8006, 222.1766, 155.4783, 192670
     115093, 315.9165, 222.2172, 155.6142, 192696
     115093, 316.0067, 222.2605, 155.5860, 192723
     115093, 316.4760, 222.3116, 154.9364, 192759
     115093, 316.6925, 222.3958, 154.9033, 192785
     115093, 316.8623, 222.5198, 154.8451, 192812
     115093, 317.2164, 222.6229, 153.4869, 192838
     115281, 317.3137, 222.7202, 153.4724, 192865
     115281, 317.4291, 222.7424, 153.4457, 192891
     115281, 317.8196, 222.8580, 153.4682, 192917
     115281, 318.0890, 222.8956, 152.9021, 192943
     115281, 318.3536, 223.0737, 152.8900, 192987
     115281, 318.6397, 223.1180, 152.8597, 193014
     115281, 318.8356, 223.1797, 152.6031, 193040
     115390, 319.0691, 223.1837, 152.3279, 193066
     115390, 319.2516, 223.4798, 151.7492, 193093
     115390, 319.4645, 223.5973, 151.6567, 193119
     115390, 319.5746, 223.6367, 151.8543, 193145
     115390, 319.8059, 223.6957, 151.7056, 193170
     115390, 320.1559, 223.7520, 151.7632, 193201
     115390, 320.2639, 223.8318, 151.9678, 193227
     115390, 320.5093, 223.9229, 152.0530, 193252
     115593, 320.7395, 223.9460, 151.6397, 193279
     115593, 321.1571, 224.1516, 151.5779, 193305
     115593, 321.3017, 224.2671, 151.2165, 193332
     115593, 321.5299, 224.3328, 150.8089, 193359
     115593, 321.8137, 224.4736, 151.0280, 193386
     115796, 321.9429, 224.5546, 151.3986, 193412
     115796, 322.3201, 224.5972, 151.6803, 193441
     115796, 322.4550, 224.6832, 152.1491, 193468
     115796, 322.8843, 224.6962, 152.2363, 193496
     115796, 322.9485, 224.7429, 152.8327, 193522
     115796, 323.0793, 224.8560, 152.9506, 193549
     115890, 323.3573, 225.0239, 153.4347, 193575
     115890, 323.5047, 225.0650, 153.4460, 193603
     115890, 323.8963, 225.1667, 153.8438, 193629
     115890, 324.0939, 225.1718, 153.7556, 193658
     115890, 324.3426, 225.2882, 154.3171, 193684
     115890, 324.5507, 225.2856, 154.5465, 193710
     115890, 324.7767, 225.3523, 155.0094, 193737
     115890, 324.8715, 225.4519, 155.2403, 193764
     116093, 325.0059, 225.4883, 155.6162, 193790
     116093, 325.4074, 225.5871, 155.7995, 193817
     116093, 325.6415, 225.5796, 155.4291, 193843
     116203, 325.8775, 225.7448, 156.0164, 193869
     116203, 326.1024, 225.7364, 156.2379, 193902
     116203, 326.3146, 225.7906, 156.7540, 193928
     116203, 326.5576, 225.7968, 156.6397, 193954
     116203, 326.7763, 226.0306, 155.6871, 193981
     116203, 327.1245, 225.9848, 157.2340, 194008
     116203, 327.2339, 226.0238, 157.3652, 194034
     116203, 327.5400, 226.0722, 157.3068, 194061
     116406, 327.6583, 226.0960, 157.5536, 194088
     116406, 328.1343, 226.3116, 157.1027, 194153
     116593, 328.4251, 226.4347, 157.5139, 194179
     116593, 328.6788, 226.4882, 157.2039, 194206
     116593, 329.0144, 226.5697, 157.3428, 194232
     116593, 329.1457, 226.6180, 157.5721, 194259
     116593, 329.4198, 226.7680, 157.7723, 194287
     116593, 329.5285, 226.8071, 157.9975, 194313
     116593, 330.0327, 226.8323, 157.9306, 194341
     116796, 330.1102, 226.8964, 158.2082, 194394
     116796, 330.7283, 227.0840, 157.3024, 194419
     116796, 330.9453, 227.0761, 157.6671, 194445
     116796, 331.2876, 227.3410, 157.1622, 194472
     116796, 331.3783, 227.3306, 157.8188, 194498
     116796, 331.5147, 227.4239, 157.5475, 194524
     116796, 331.8731, 227.3599, 157.6223, 194550
     117000, 332.0663, 227.5101, 157.5991, 194576
     117000, 332.3559, 227.6490, 157.7354, 194604
     117000, 332.4903, 227.7430, 157.8870, 194641
     117000, 332.9644, 227.7859, 157.4109, 194667
     117000, 333.0949, 227.8219, 157.3427, 194694
     117000, 333.3260, 227.9205, 157.3859, 194720
     117000, 333.5420, 227.9750, 157.0183, 194747
     117000, 333.7887, 228.1455, 156.0793, 194773
     117109, 333.9423, 228.2378, 155.7905, 194800
     117109, 334.2762, 228.3482, 155.8456, 194825
     117109, 334.4604, 228.3510, 155.5310, 194851
     117109, 334.5878, 228.3939, 155.3567, 194894
     117109, 335.0150, 228.6087, 155.1424, 194919
     117109, 335.2401, 228.6151, 154.5179, 194946
     117109, 335.5208, 228.7907, 153.6982, 194972
     117296, 335.7811, 228.8861, 153.7720, 194999
     117296, 335.9192, 228.9727, 153.9965, 195024
     117296, 336.1461, 229.0038, 153.2774, 195051
     117406, 336.3827, 229.1464, 153.3584, 195075
     117406, 336.5122, 229.1998, 153.3138, 195108
     117406, 336.9446, 229.2657, 153.0501, 195135
     117406, 337.1080, 229.3207, 152.9478, 195161
     117406, 337.3671, 229.5594, 152.2144, 195186
     117406, 337.4461, 229.6070, 152.2110, 195214
     117406, 337.7480, 229.6773, 151.6225, 195240
     117406, 338.0118, 229.7183, 152.0771, 195269
     117593, 338.2814, 229.9206, 152.5831, 195295
     117593, 338.3870, 229.9529, 152.4107, 195321
     117593, 338.4605, 229.9610, 152.6516, 195351
     117703, 338.8931, 230.0345, 152.5890, 195377
     117703, 339.3160, 230.3957, 152.2628, 195429
     117703, 339.4257, 230.4565, 152.5870, 195456
     117703, 339.7635, 230.5354, 152.8357, 195482
     117703, 339.9989, 230.5515, 152.5740, 195509
     117703, 340.0967, 230.6415, 152.9876, 195535
     117703, 340.4518, 230.7161, 153.3733, 195562
     117703, 340.5792, 230.8455, 153.7598, 195593
     117906, 340.8740, 230.9971, 154.1407, 195619
     117906, 340.9714, 231.0355, 154.6497, 195646
     117906, 341.1534, 231.0781, 154.5787, 195672
     118109, 341.5346, 231.1512, 154.9984, 195699
     118109, 341.6739, 231.2032, 155.2324, 195725
     118109, 341.8979, 231.3465, 155.5996, 195752
     118109, 341.9727, 231.3920, 155.9785, 195781
     118109, 342.4068, 231.5258, 156.4722, 195814
     118109, 342.7317, 231.6834, 156.5540, 195841
     118109, 342.8417, 231.7296, 156.5586, 195867
     118109, 343.0916, 231.7304, 156.7876, 195895
     118312, 343.3661, 231.8704, 157.0777, 195921
     118312, 343.4729, 231.9348, 157.2653, 195949
     118312, 343.9979, 232.0540, 156.3322, 195975
     118312, 344.0484, 232.0162, 157.5210, 196001
     118312, 344.1475, 232.0550, 157.6921, 196026
     118312, 344.4463, 232.1777, 158.1328, 196053
     118312, 344.7276, 232.2070, 157.5938, 196080
     118515, 345.0147, 232.3538, 158.1791, 196107
     118515, 345.1754, 232.3882, 158.3515, 196134
     118515, 345.4541, 232.6233, 157.8184, 196160
     118515, 345.5628, 232.6610, 158.0608, 196186
     118515, 345.9036, 232.6082, 157.9280, 196212
     118515, 346.1701, 232.7381, 158.4705, 196237
     118515, 346.2763, 232.7956, 158.3900, 196269
     118718, 346.7048, 232.8989, 158.7647, 196296
     118718, 346.8765, 232.8799, 158.7656, 196321
     118718, 346.9920, 232.9274, 158.7596, 196348
     118718, 347.2046, 233.0367, 159.1210, 196374
     118718, 347.3906, 233.0731, 159.0328, 196400
     118718, 347.8010, 233.1971, 159.6562, 196425
     118718, 348.0435, 233.2730, 157.9974, 196453
     118906, 348.3044, 233.3864, 158.0764, 196501
     118906, 348.6576, 233.4078, 158.8124, 196527
     118921, 348.9145, 233.4248, 158.9236, 196555
     118921, 349.1335, 233.5547, 158.2433, 196581
     118921, 349.2543, 233.6197, 158.3151, 196606
     118921, 349.5001, 233.7203, 158.4702, 196632
     118921, 349.7081, 233.7094, 158.5088, 196659
     119109, 350.0322, 233.7555, 158.1714, 196685
     119109, 350.1989, 233.8654, 158.1939, 196711
     119109, 350.3391, 233.9168, 158.3448, 196757
     119109, 350.8677, 233.9635, 158.0068, 196784
     119109, 351.0462, 234.0770, 157.0677, 196811
     119109, 351.2551, 234.1821, 158.1243, 196837
     119109, 351.4386, 234.3257, 157.2524, 196864
     119218, 351.5873, 234.2312, 157.6377, 196892
     119218, 351.9602, 234.3827, 157.0160, 196918
     119218, 352.3266, 234.5460, 157.4046, 196977
     119218, 352.7009, 234.6662, 156.9242, 197003
     119218, 352.9165, 234.6374, 157.1474, 197029
     119218, 353.0678, 234.6946, 156.7057, 197055
     119218, 353.2818, 234.8185, 156.5390, 197082
     119406, 353.3989, 234.8854, 156.5544, 197109
     119406, 353.6687, 235.0082, 155.0847, 197134
     119406, 353.8862, 235.1075, 155.2007, 197161
     119515, 353.9882, 235.2035, 155.2309, 197202
     119515, 354.3345, 235.2844, 154.6281, 197229
     119515, 354.7469, 235.3974, 154.4645, 197256
     119515, 355.2360, 235.6119, 152.9477, 197307
     119515, 355.3652, 235.7116, 152.8923, 197333
     119515, 355.4491, 235.7333, 152.8134, 197358
     119515, 355.7815, 235.8323, 152.7556, 197385
     119718, 356.0234, 235.8961, 152.0150, 197411
     119718, 356.2291, 236.0174, 152.0907, 197457
     119718, 356.4774, 236.1905, 151.1731, 197483
     119921, 356.6506, 236.1453, 151.3744, 197510
     119921, 356.8892, 236.3677, 150.9649, 197537
     119921, 357.0215, 236.4363, 150.8305, 197564
     119921, 357.4742, 236.5355, 150.1346, 197590
     119921, 357.6012, 236.6245, 149.9080, 197616
     119921, 357.8951, 236.7906, 149.7541, 197642
     119921, 358.2905, 237.0012, 149.9566, 197696
     120125, 358.4687, 237.0883, 150.3140, 197723
     120125, 358.6801, 237.0755, 150.0707, 197748
     120125, 358.9000, 237.2156, 150.9941, 197774
     120125, 359.1749, 237.3059, 151.0038, 197800
     120125, 359.3030, 237.4251, 151.2346, 197826
     120125, 359.6214, 237.4936, 151.0083, 197852
     120125, 359.7430, 237.5610, 151.2619, 197878
     120328, 360.0670, 237.6390, 151.7527, 197920
     120328, 360.2742, 237.7638, 152.2403, 197947
     120328, 360.4135, 237.8286, 152.5006, 197974
     120328, 360.7207, 237.9059, 152.8413, 198000
     120328, 360.8473, 237.9784, 153.1897, 198028
     120328, 361.1753, 238.1029, 152.7875, 198056
     120328, 361.4202, 238.2180, 153.4482, 198083
     120515, 361.6212, 238.2630, 153.8749, 198110
     120515, 361.7929, 238.3455, 154.3746, 198158
     120515, 362.1515, 238.4302, 154.2600, 198184
     120531, 362.4918, 238.4642, 154.6875, 198211
     120531, 362.5869, 238.5754, 154.9318, 198237
     120531, 362.9698, 238.8781, 155.0284, 198264
     120531, 363.0743, 238.8511, 156.0526, 198290
     120718, 363.3548, 238.7494, 155.9481, 198317
     120718, 363.5845, 238.8718, 156.4747, 198343
     120718, 363.7415, 238.9693, 156.6511, 198369
     120718, 364.1125, 239.0662, 157.2719, 198407
     120718, 364.4509, 239.3107, 156.8602, 198433
     120718, 364.6958, 239.3044, 156.7546, 198461
     120718, 365.0121, 239.4635, 157.9271, 198488
     120921, 365.1560, 239.4636, 158.4890, 198515
     120921, 365.2440, 239.4238, 158.7452, 198540
     120921, 365.6355, 239.5774, 158.2745, 198568
     120921, 365.8105, 239.6687, 158.5916, 198594
     120921, 366.0498, 239.6785, 159.4800, 198626
     120921, 366.2880, 239.7878, 158.9437, 198652
     120921, 366.6058, 239.8348, 159.4132, 198678
     121031, 366.7281, 239.8897, 159.7769, 198705
     121031, 367.0135, 240.0395, 160.3079, 198731
     121031, 367.2425, 240.0881, 160.0737, 198758
     121031, 367.3362, 240.1226, 160.1397, 198784
     121031, 367.6926, 240.1405, 160.5284, 198810
     121031, 367.8462, 240.2004, 160.7407, 198837
     121031, 368.3736, 240.2669, 160.4422, 198868
     121031, 368.4707, 240.3285, 160.5524, 198895
     121234, 368.7003, 240.3732, 160.8664, 198921
     121234, 368.8612, 240.4362, 160.8588, 198948
     121234, 369.0724, 240.5406, 160.8094, 198974
     121421, 369.5116, 240.5345, 160.9366, 199000
     121421, 369.6188, 240.5737, 160.9259, 199026
     121421, 369.7758, 240.5957, 161.2105, 199051
     121421, 370.0345, 240.6179, 160.7449, 199080
     121421, 370.4280, 240.6786, 160.7437, 199107
     121421, 370.5614, 240.7927, 160.1072, 199133
     121421, 370.6270, 240.7449, 161.0878, 199159
     121421, 371.0245, 240.9212, 159.5723, 199185
     121625, 371.1879, 240.9968, 159.5896, 199211
     121625, 371.2796, 241.0237, 159.5482, 199237
     121625, 371.6797, 241.0931, 159.4090, 199263
     121625, 371.8138, 241.1582, 159.4299, 199307
     121625, 372.2307, 241.2651, 158.9885, 199335
     121625, 372.4352, 241.4610, 157.8914, 199362
     121625, 372.8512, 241.4497, 157.5093, 199387
     121625, 372.9655, 241.4942, 157.3693, 199414
     121828, 373.0940, 241.5844, 157.4019, 199440
     121828, 373.3473, 241.7010, 157.4650, 199466
     121828, 373.4880, 241.7409, 157.4826, 199492
     121828, 374.0602, 241.8553, 156.6983, 199559
     121828, 374.4071, 241.9992, 155.4670, 199585
     121937, 374.5132, 242.0644, 155.5993, 199611
     121937, 374.7790, 242.1722, 155.5404, 199637
     121937, 374.8989, 242.2674, 155.4426, 199662
     121937, 375.2267, 242.3355, 154.8760, 199688
     121937, 375.4388, 242.3472, 154.9349, 199714
     121937, 375.6240, 242.4614, 154.7267, 199740
     121937, 375.8720, 242.6032, 155.1509, 199772
     121937, 375.9666, 242.6128, 155.3623, 199800
     122125, 376.3672, 242.8742, 153.9510, 199825
     122125, 376.5668, 242.8655, 153.9191, 199852
     122125, 376.8726, 243.0281, 154.0903, 199878
     122234, 377.0558, 243.0340, 154.0830, 199904
     122234, 377.1461, 243.0742, 153.9358, 199930
     122234, 377.4350, 243.2712, 154.1583, 199957
     122234, 377.6369, 243.3007, 154.1993, 199984
     122234, 377.8928, 243.4088, 154.1555, 200015
     122234, 378.1473, 243.5225, 153.0433, 200041
     122234, 378.3406, 243.6486, 153.1232, 200067
     122234, 378.4887, 243.7197, 152.9866, 200092
     122234, 378.5806, 243.7845, 152.9846, 200118
     122437, 379.1303, 243.8935, 152.8318, 200143
     122437, 379.2068, 243.9471, 152.9564, 200171
     122437, 379.4419, 244.0949, 152.9006, 200198
     122437, 379.5621, 244.1253, 152.7743, 200228
     122640, 380.0349, 244.2265, 152.8378, 200255
     122640, 380.2175, 244.4074, 152.2220, 200282
     122640, 380.3337, 244.4271, 152.7577, 200308
     122640, 380.6454, 244.5423, 151.6072, 200334
     122640, 380.6975, 244.6015, 151.6041, 200362
     122640, 381.0577, 244.6977, 151.9500, 200387
     122828, 381.2036, 244.7382, 151.9249, 200414
     122828, 381.4225, 244.8690, 151.9683, 200458
     122828, 381.7654, 244.9543, 151.5923, 200484
     122828, 382.0033, 245.0890, 150.9564, 200510
     122828, 382.3307, 245.1942, 150.6912, 200535
     122828, 382.4510, 245.3107, 150.6242, 200562
     122828, 382.5838, 245.3906, 150.8164, 200588
     122828, 382.8911, 245.5201, 150.8476, 200613
     122937, 383.0837, 245.5579, 151.0085, 200639
     122937, 383.3091, 245.7303, 151.6131, 200666
     122937, 383.5448, 245.7537, 151.1508, 200693
     122937, 383.6463, 245.7964, 151.3166, 200720
     122937, 383.9819, 245.9132, 151.6944, 200747
     122937, 384.1130, 245.9433, 151.9237, 200773
     122937, 384.4532, 246.0800, 151.6675, 200799
     123125, 384.8180, 246.2687, 152.1321, 200851
     123125, 385.1134, 246.4593, 152.2119, 200877
     123234, 385.2409, 246.5540, 152.1483, 200910
     123234, 385.4634, 246.6551, 152.6279, 200936
     123234, 385.6777, 246.6626, 152.9451, 200962
     123234, 386.0068, 246.7662, 153.0254, 200989
     123234, 386.1135, 246.8355, 152.8698, 201015
     123234, 386.3247, 246.9865, 153.4410, 201041
     123234, 386.4731, 247.0258, 153.5155, 201066
     123234, 386.7005, 247.0965, 153.8106, 201092
     123437, 387.0524, 247.1930, 153.7464, 201118
     123437, 387.1403, 247.2155, 154.0563, 201162
     123437, 387.5210, 247.3283, 154.1340, 201188
     123546, 387.7260, 247.4693, 154.7777, 201214
     123546, 387.9130, 247.5966, 153.8891, 201240
     123546, 388.1996, 247.5709, 154.7063, 201267
     123546, 388.4818, 247.7040, 154.5039, 201292
     123546, 388.6115, 247.6675, 155.2084, 201318
     123546, 388.8743, 247.8316, 155.2760, 201344
     123546, 388.9696, 247.9004, 155.2933, 201379
     123546, 389.4406, 248.0167, 155.0712, 201405
     123734, 389.5951, 248.0527, 155.1586, 201431
     123734, 389.8228, 248.1597, 155.3841, 201457
     123734, 389.9266, 248.2025, 155.5176, 201484
     123750, 390.4049, 248.2594, 155.6933, 201511
     123937, 390.5281, 248.3516, 155.8114, 201538
     123937, 390.5988, 248.3548, 155.9295, 201564
     123937, 390.8347, 248.4890, 156.2216, 201600
     123937, 391.2289, 248.5810, 156.5538, 201628
     123937, 391.4382, 248.5996, 156.0973, 201655
     123937, 391.7256, 248.7690, 156.7152, 201682
     123937, 391.8456, 248.8244, 156.7078, 201709
     124125, 392.1705, 248.8655, 157.0101, 201737
     124125, 392.2770, 248.9041, 157.2126, 201763
     124125, 392.5168, 248.9166, 156.9965, 201790
     124125, 392.7546, 249.0942, 157.1201, 201817
     124125, 392.9793, 249.1016, 157.2340, 201862
     124125, 393.4216, 249.3463, 156.7919, 201889
     124250, 393.5959, 249.3665, 156.6526, 201915
     124250, 393.7044, 249.4013, 156.5677, 201942
     124250, 394.1081, 249.5328, 156.6462, 201969
     124250, 394.2470, 249.6187, 156.5712, 201995
     124250, 394.5343, 249.6797, 156.5083, 202021
     124250, 394.6589, 249.6962, 156.5657, 202047
     124250, 395.0697, 249.8300, 156.4856, 202073
     124250, 395.1826, 249.8717, 156.6824, 202100
     124250, 395.3811, 249.8831, 156.1597, 202126
     124453, 395.6313, 250.0863, 155.4577, 202153
     124453, 395.7667, 250.1328, 155.3615, 202180
     124453, 395.9832, 250.2726, 155.4490, 202206
     124640, 396.2228, 250.2654, 154.7339, 202232
     124640, 396.4504, 250.3437, 154.7637, 202259
     124640, 396.7442, 250.5091, 154.7530, 202284
     124640, 396.8512, 250.5600, 154.5124, 202316
     124640, 397.2333, 250.6991, 153.4614, 202342
     124640, 397.3670, 250.7613, 153.3622, 202369
     124640, 397.7334, 250.8904, 153.2103, 202396
     124843, 397.8251, 250.9439, 153.4095, 202422
     124843, 398.0617, 250.9509, 152.7715, 202447
     124843, 398.2723, 251.1219, 153.5867, 202474
     124843, 398.4355, 251.2389, 153.6480, 202499
     124843, 398.8746, 251.3142, 152.9144, 202526
     124843, 398.9905, 251.3318, 153.2349, 202608
     125046, 399.6601, 251.7208, 152.9757, 202635
     125046, 400.0153, 251.8139, 152.7921, 202662
     125046, 400.1115, 251.8794, 152.7792, 202688
     125046, 400.3431, 252.0256, 152.8546, 202714
     125046, 400.4684, 252.0840, 153.0086, 202739
     125046, 400.6770, 252.1245, 152.9077, 202765
     125046, 401.0378, 252.2113, 152.4994, 202791
     125156, 401.1937, 252.3984, 151.9981, 202833
     125156, 401.4634, 252.5299, 151.9128, 202860
     125156, 401.9071, 252.5889, 151.6630, 202885
     125156, 402.0283, 252.6573, 151.3238, 202911
     125156, 402.2386, 252.7777, 151.6635, 202938
     125156, 402.3679, 252.8304, 151.5450, 202964
     125156, 402.5923, 252.9059, 150.9125, 202990
     125156, 402.8143, 253.0302, 150.8590, 203016
     125156, 403.0409, 253.0890, 151.1011, 203041
     125343, 403.1780, 253.2371, 150.8725, 203082
     125343, 403.6019, 253.4449, 150.2720, 203109
     125546, 403.6958, 253.4556, 150.2678, 203135
     125546, 403.8668, 253.6273, 150.2778, 203162
     125546, 404.2072, 253.7398, 150.1364, 203188
     125546, 404.4268, 253.8621, 149.2322, 203214
     125546, 404.6376, 254.0121, 149.3602, 203240
     125546, 404.7858, 254.0970, 149.1892, 203266
     125546, 404.8780, 254.1685, 149.2500, 203292
     125656, 405.1736, 254.2824, 149.0982, 203338
     125656, 405.5169, 254.3819, 149.3941, 203364
     125656, 405.7567, 254.5402, 149.9042, 203388
     125656, 405.8947, 254.6884, 149.9868, 203414
     125656, 405.9861, 254.7483, 150.1909, 203439
     125656, 406.4319, 254.9125, 149.4434, 203465
     125656, 406.5833, 255.0100, 149.7014, 203490
     125656, 406.7188, 255.0838, 149.8709, 203516
     125859, 407.0678, 255.2518, 150.2267, 203546
     125859, 407.2446, 255.2398, 150.3762, 203572
     125859, 407.4732, 255.4135, 150.5774, 203599
     125859, 407.6445, 255.5414, 150.6150, 203624
     126062, 408.0104, 255.6527, 150.8553, 203651
     126062, 408.1188, 255.6944, 150.9558, 203677
     126062, 408.1820, 255.7485, 150.9429, 203704
     126062, 408.5460, 255.8169, 150.6470, 203730
     126062, 408.6843, 255.9719, 150.8313, 203757
     126062, 409.0319, 256.1767, 150.4374, 203791
     126062, 409.1489, 256.2313, 150.5336, 203817
     126250, 409.4864, 256.3784, 150.6109, 203843
     126250, 409.6424, 256.4952, 150.5532, 203869
     126250, 409.8796, 256.6119, 150.6870, 203895
     126250, 410.0641, 256.6168, 151.0972, 203920
     126250, 410.1682, 256.6945, 151.0745, 203945
     126250, 410.5404, 256.8006, 150.7151, 203971
     126250, 410.6710, 256.9004, 150.5602, 204002
     126453, 410.8909, 257.0994, 150.5478, 204028
     126453, 411.1380, 257.1609, 150.5993, 204055
     126453, 411.3318, 257.1680, 150.2396, 204082
     126453, 411.6019, 257.2986, 150.4826, 204109
     126453, 411.7854, 257.4734, 150.5986, 204137
     126453, 411.9643, 257.5526, 150.8562, 204163
     126453, 412.0315, 257.6105, 150.9060, 204189
     126562, 412.5441, 257.7195, 150.5883, 204232
     126562, 412.8844, 258.0006, 149.9883, 204259
     126562, 412.9800, 258.0492, 150.0508, 204285
     126562, 413.2284, 258.0526, 150.4676, 204313
     126562, 413.3271, 258.1275, 150.6929, 204339
     126562, 413.6954, 258.2614, 150.6939, 204366
     126562, 413.8524, 258.4113, 150.9054, 204392
     126562, 413.9475, 258.4732, 151.1825, 204419
     126750, 414.2888, 258.5831, 151.2458, 204445
     126750, 414.5265, 258.6170, 150.8538, 204488
     126750, 415.0588, 258.8317, 151.0325, 204516
     126750, 415.1615, 258.8863, 151.0803, 204542
     126859, 415.2597, 258.9222, 151.4553, 204569
     126859, 415.5333, 259.0304, 151.4097, 204594
     126859, 415.6366, 259.0970, 151.7140, 204620
     126859, 416.0673, 259.3549, 151.6442, 204645
     126859, 416.2089, 259.4570, 151.7281, 204672
     126859, 416.3019, 259.5281, 151.9521, 204700
     126859, 416.6767, 259.6281, 151.8244, 204727
     127062, 416.9088, 259.6508, 151.9807, 204753
     127062, 417.1162, 259.7609, 152.4568, 204780
     127062, 417.2487, 259.8483, 152.7129, 204806
     127156, 417.3373, 259.8835, 152.7989, 204832
     127156, 417.8039, 259.9794, 152.9134, 204858
     127156, 417.9411, 260.0892, 152.9384, 204884
     127156, 418.2145, 260.2121, 153.1530, 204913
     127156, 418.3363, 260.3334, 152.9043, 204947
     127156, 418.6457, 260.4098, 153.2130, 204973
     127156, 418.8581, 260.4233, 152.9055, 204999
     127156, 419.0850, 260.5737, 152.6970, 205027
     127359, 419.2466, 260.6658, 152.8743, 205054
     127359, 419.5722, 260.7533, 153.0171, 205080
     127359, 419.7197, 260.8746, 152.9678, 205107
     127468, 420.0625, 261.0473, 153.1033, 205134
     127468, 420.1906, 260.9984, 153.0461, 205162
     127468, 420.4174, 261.1440, 153.2104, 205196
     127468, 420.6432, 261.1482, 152.7260, 205223
     127468, 420.9821, 261.2167, 153.1851, 205250
     127468, 421.0553, 261.2632, 153.2936, 205276
     127468, 421.3805, 261.5283, 152.6871, 205303
     127468, 421.4900, 261.6054, 152.7445, 205330
     127656, 421.6800, 261.6188, 152.1044, 205358
     127656, 421.9955, 261.6641, 152.7041, 205385
     127656, 422.1550, 261.7308, 152.8271, 205420
     127765, 422.3806, 261.8245, 153.0260, 205447
     127765, 422.7410, 261.9995, 153.0522, 205473
     127765, 422.9463, 261.9978, 152.9051, 205500
     127765, 423.1137, 262.0953, 152.7410, 205526
     127765, 423.3541, 262.2393, 152.9730, 205553
     127765, 423.4267, 262.2405, 153.0476, 205579
     127765, 423.8925, 262.3427, 152.8634, 205606
     127765, 424.0160, 262.3884, 153.0173, 205631
     127765, 424.1586, 262.5153, 152.5529, 205661
     127968, 424.3752, 262.6776, 152.7409, 205688
     127968, 424.5196, 262.7486, 152.9078, 205715
     128171, 424.8703, 262.8649, 153.1842, 205741
     128171, 425.0786, 262.8234, 153.1098, 205769
     128171, 425.3793, 263.0569, 153.7688, 205796
     128171, 425.6103, 263.0781, 154.1800, 205823
     128171, 425.8129, 263.1768, 154.5741, 205850
     128171, 426.0408, 263.2085, 154.3940, 205901
     128171, 426.5168, 263.3637, 154.9508, 205928
     128171, 426.6922, 263.4632, 155.3485, 205955
     128359, 426.9304, 263.6241, 155.8951, 205982
     128359, 427.0553, 263.6571, 156.1310, 206009
     128359, 427.5255, 263.7788, 155.0994, 206036
     128359, 427.6037, 263.7361, 156.1869, 206065
     128359, 427.9247, 263.9904, 155.7344, 206092
     128359, 428.0920, 263.9424, 156.6471, 206118
     128359, 428.2776, 264.0446, 156.0389, 206149
     128468, 428.5705, 264.0803, 156.1745, 206177
     128468, 428.6966, 264.1414, 156.7249, 206202
     128468, 429.0891, 264.2955, 156.6590, 206228
     128468, 429.2446, 264.3532, 156.8250, 206255
     128468, 429.5427, 264.3965, 156.5539, 206282
     128468, 429.6617, 264.4361, 156.8878, 206308
     128468, 429.8278, 264.5444, 156.9904, 206334
     128671, 430.2509, 264.6618, 156.7753, 206365
     128671, 430.6158, 264.7402, 155.8205, 206391
     128671, 430.7545, 264.7794, 155.9444, 206420
     128671, 430.8171, 264.8680, 156.0303, 206446
     128765, 431.1345, 264.9164, 155.4634, 206474
     128765, 431.3906, 265.0364, 155.0356, 206502
     128765, 431.6149, 265.1330, 154.8801, 206529
     128765, 431.7161, 265.2106, 154.9780, 206555
     128765, 432.0958, 265.3033, 154.4028, 206581
     128765, 432.2180, 265.3368, 154.3242, 206611
     128765, 432.5469, 265.4176, 154.1086, 206637
     128968, 432.6713, 265.5497, 154.0622, 206665
     128968, 432.8184, 265.5958, 154.2345, 206690
     128968, 433.2359, 265.7412, 153.3948, 206718
     128968, 433.3165, 265.8687, 153.5093, 206744
     129078, 433.6642, 265.9228, 153.4535, 206772
     129078, 433.8627, 265.9387, 153.2217, 206799
     129078, 434.1418, 266.1192, 153.0473, 206829
     129078, 434.2420, 266.1389, 153.1655, 206857
     129078, 434.5198, 266.3256, 153.0024, 206883
     129078, 434.8530, 266.3378, 152.4437, 206909
     129078, 434.9798, 266.4599, 152.0799, 206935
     129265, 435.2361, 266.6075, 152.5125, 206963
     129265, 435.3559, 266.6773, 152.6892, 206991
     129265, 435.6979, 266.7751, 152.6529, 207018
     129375, 435.8805, 266.7912, 152.2863, 207054
     129375, 436.1847, 267.0276, 152.6092, 207081
     129375, 436.4069, 267.1187, 153.0639, 207108
     129375, 436.5128, 267.2440, 152.7674, 207134
     129375, 436.6868, 267.2602, 152.2408, 207162
     129375, 437.1142, 267.4143, 151.8948, 207188
     129375, 437.2255, 267.4794, 152.1082, 207214
     129375, 437.4212, 267.6345, 152.1996, 207241
     129375, 437.6723, 267.6677, 151.4226, 207268
     129578, 438.0563, 267.7721, 151.4289, 207309
     129578, 438.2933, 267.8923, 151.1138, 207334
     129781, 438.3833, 268.0742, 150.6684, 207362
     129781, 438.6771, 268.1043, 150.3506, 207388
     129781, 438.8078, 268.1919, 150.6988, 207415
     129781, 438.9103, 268.3158, 150.4288, 207441
     129781, 439.3798, 268.4582, 150.1371, 207466
     129781, 439.5187, 268.5578, 149.9262, 207492
     129984, 439.7347, 268.6827, 149.7262, 207563
     129984, 440.2132, 268.9399, 148.7995, 207592
     129984, 440.5940, 269.1154, 148.7809, 207618
     129984, 440.6915, 269.1467, 148.7888, 207645
     129984, 440.9445, 269.2155, 148.0411, 207674
     129984, 441.0652, 269.2935, 147.7718, 207700
     129984, 441.3271, 269.5591, 147.4961, 207727
     129984, 441.4271, 269.6188, 147.5043, 207754
     130187, 441.6244, 269.6559, 147.4837, 207781
     130187, 441.9698, 269.8034, 146.9370, 207813
     130187, 442.2134, 270.0209, 146.9314, 207839
     130187, 442.3638, 270.1063, 146.9760, 207866
     130187, 442.5000, 270.2515, 146.5697, 207891
     130187, 442.7917, 270.3648, 146.2471, 207917
     130187, 443.0100, 270.4285, 146.2490, 207943
     130375, 443.2280, 270.5544, 146.4447, 207971
     130375, 443.3587, 270.6616, 146.5761, 207996
     130375, 443.5844, 270.6972, 145.8213, 208027
     130375, 443.7982, 270.8399, 145.7428, 208053
     130375, 444.0145, 270.8973, 145.8060, 208079
     130375, 444.3183, 271.2443, 145.4012, 208106
     130375, 444.4401, 271.3132, 145.6157, 208133
     130484, 444.8440, 271.3661, 145.7092, 208160
     130484, 444.9523, 271.4613, 145.8856, 208186
     130484, 445.2076, 271.6255, 146.1131, 208213
     130484, 445.3506, 271.7209, 146.3302, 208239
     130484, 445.4527, 271.7992, 146.6153, 208271
     130484, 445.7453, 271.8793, 146.0364, 208297
     130484, 445.9211, 272.0235, 145.6431, 208323
     130484, 446.2546, 272.3094, 146.0387, 208349
     130671, 446.3839, 272.3919, 146.3371, 208375
     130671, 446.6640, 272.4835, 145.9772, 208401
     130671, 446.8638, 272.5056, 146.3769, 208428
     130781, 446.9468, 272.5953, 146.4658, 208454
     130781, 447.1904, 272.7414, 146.7158, 208486
     130781, 447.3315, 272.8439, 146.8074, 208512
     130781, 447.6683, 273.0758, 147.2381, 208537
     130781, 447.9266, 273.1075, 146.7900, 208563
     130781, 448.2326, 273.3880, 146.6734, 208589
     130781, 448.3228, 273.4185, 146.7164, 208617
     130781, 448.3993, 273.4729, 146.8987, 208643
     130984, 448.5381, 273.5756, 147.0797, 208669
     130984, 448.9188, 273.6382, 146.8875, 208713
     130984, 449.3396, 273.9572, 147.2736, 208739
     131187, 449.4242, 274.0072, 147.6242, 208766
     131187, 449.5107, 274.0962, 147.6751, 208792
     131187, 449.9746, 274.1623, 147.9365, 208820
     131187, 450.1066, 274.2593, 148.2338, 208845
     131187, 450.2319, 274.3387, 148.9097, 208871
     131187, 450.3270, 274.4193, 148.8218, 208902
     131187, 450.7183, 274.6136, 149.4865, 208928
     131390, 451.0077, 274.7788, 149.7652, 208982
     131390, 451.3923, 274.9027, 148.9851, 209007
     131390, 451.4986, 274.9664, 149.3117, 209034
     131390, 451.7726, 275.0962, 148.9001, 209060
     131390, 451.9880, 275.1207, 148.4933, 209087
     131390, 452.1177, 275.2307, 148.4842, 209116
     131390, 452.2704, 275.3378, 148.4362, 209142
     131593, 452.4003, 275.3685, 148.4291, 209168
     131593, 452.9731, 275.6607, 147.0884, 209221
     131593, 453.1621, 275.7755, 146.9649, 209251
     131593, 453.2411, 275.8021, 146.9218, 209278
     131593, 453.5296, 276.0867, 146.8425, 209303
     131593, 453.7441, 276.1318, 146.0735, 209333
     131593, 453.9297, 276.2781, 145.1333, 209359
     131781, 454.1358, 276.3956, 144.3700, 209386
     131781, 454.3233, 276.3644, 144.1369, 209412
     131796, 454.5881, 276.6471, 143.4274, 209438
     131796, 454.7045, 276.8018, 142.8115, 209466
     131796, 455.0114, 276.8832, 141.5335, 209493
     131796, 455.0963, 276.9495, 141.1766, 209534
     131984, 455.3085, 277.2861, 140.0783, 209560
     131984, 455.6133, 277.4437, 139.3323, 209587
     131984, 455.7341, 277.6061, 138.2419, 209614
     131984, 456.0514, 277.7851, 137.4943, 209641
     131984, 456.1759, 277.7954, 136.8730, 209667
     131984, 456.2550, 277.9032, 136.3684, 209694
     131984, 456.4803, 278.1631, 135.8055, 209721
     131984, 456.5408, 278.3141, 135.2571, 209748
     131984, 456.9037, 278.5474, 134.1554, 209782
     132187, 456.9754, 278.6500, 133.7843, 209810
     132187, 457.2288, 278.8723, 131.9186, 209837
     132187, 457.3113, 278.9879, 131.6156, 209864
     132187, 457.5181, 279.1719, 130.9662, 209891
     132187, 457.6177, 279.3574, 130.3280, 209918
     132187, 458.0126, 279.6232, 128.9511, 209944
     132390, 458.0157, 279.6905, 128.6251, 209970
     132390, 458.1697, 279.9557, 127.9588, 209997
     132390, 458.4902, 280.1287, 126.6230, 210034
     132390, 458.6476, 280.3718, 126.2011, 210060
     132390, 459.0202, 280.8194, 123.9162, 210114
     132390, 459.0813, 281.0097, 123.6096, 210140
     132593, 459.1761, 281.2203, 123.0403, 210167
     132593, 459.2667, 281.3644, 122.8274, 210193
     132593, 459.4126, 281.4882, 121.5379, 210219
     132593, 459.5954, 281.7975, 120.7482, 210263
     132593, 459.7540, 282.0078, 120.6420, 210290
     132593, 459.9400, 282.2185, 119.9631, 210316
     132593, 460.0702, 282.4546, 119.1449, 210342
     132796, 460.2789, 282.8800, 118.6022, 210396
     132796, 460.3978, 282.9589, 118.3700, 210423
     132796, 460.6009, 283.2113, 117.3192, 210449
     132796, 460.7341, 283.5076, 117.2340, 210476
     132796, 460.6941, 283.5578, 116.6619, 210523
     132796, 460.9477, 283.9553, 116.4564, 210550
     132984, 461.1331, 284.1451, 117.3044, 210577
     132984, 461.3258, 284.4827, 118.8118, 210604
     132984, 461.3788, 284.5430, 119.3809, 210633
     132984, 461.4703, 284.7451, 120.0696, 210660
     132984, 461.6233, 284.8992, 120.6214, 210688
     132984, 461.8273, 285.0462, 122.2212, 210714
     132984, 461.9014, 285.1163, 122.7022, 210741
     132984, 462.2044, 285.5008, 123.7606, 210775
     133093, 462.2724, 285.6176, 124.2343, 210802
     133093, 462.4064, 285.8739, 125.3651, 210829
     133093, 462.6221, 286.0355, 125.4961, 210855
     133093, 462.9077, 286.3760, 124.5438, 210882
     133093, 462.9833, 286.4664, 124.5601, 210909
     133093, 463.1341, 286.6480, 124.7783, 210935
     133093, 463.2074, 286.8625, 124.6327, 210962
     133296, 463.3027, 286.9754, 124.8016, 210991
     133296, 463.4800, 287.1327, 124.6933, 211028
     133296, 463.6828, 287.4054, 124.9813, 211054
     133484, 463.9243, 287.6004, 124.2522, 211080
     133484, 464.1044, 287.8281, 124.0851, 211106
     133484, 464.1461, 287.9799, 124.4172, 211132
     133484, 464.2148, 288.2175, 123.3965, 211159
     133484, 464.2169, 288.2762, 118.4783, 211186
     133484, 464.2851, 288.3716, 118.0046, 211212
     133484, 464.4304, 288.7167, 114.0946, 211245
     133484, 464.5441, 288.9501, 112.1175, 211272
     133593, 464.5449, 289.1618, 109.8088, 211300
     133593, 464.6366, 289.1923, 108.5738, 211325
     133593, 464.7073, 289.5710, 105.4250, 211354
     133593, 464.7037, 289.6318, 104.4844, 211379
     133593, 464.8880, 290.2768, 100.0589, 211431
     133609, 464.7171, 290.2800, 99.2394, 211458
     133796, 464.7187, 290.3120, 100.5208, 211495
     133796, 464.9434, 290.9600, 95.4082, 211521
     133796, 464.8540, 291.1214, 95.2679, 211548
     134000, 464.7635, 291.4606, 92.9202, 211576
     134000, 465.0001, 291.5789, 93.2075, 211603
     134000, 465.0552, 291.7838, 92.3143, 211628
     134000, 464.9743, 292.8645, 88.7349, 211708
     134000, 464.9703, 292.7612, 87.6209, 211744
     134000, 464.9441, 293.0904, 86.3199, 211771
     134203, 464.8049, 293.2840, 85.1705, 211800
     134203, 464.8448, 293.7393, 82.9521, 211828
     134203, 464.8601, 293.8678, 82.6335, 211856
     134203, 464.8871, 294.1891, 80.5219, 211910
     134406, 464.5998, 294.8697, 76.2826, 211999
     134406, 464.5244, 295.2891, 74.3856, 212026
     134406, 464.4438, 295.6768, 73.5890, 212053
     134406, 464.5084, 295.7981, 75.1592, 212078
     134406, 464.4881, 296.1626, 75.2317, 212106
     134406, 464.5375, 296.2067, 75.9889, 212132
     134406, 464.4514, 296.6722, 77.1332, 212159
     134609, 464.4563, 296.7041, 77.3995, 212185
     134609, 464.3792, 296.8366, 77.2976, 212223
     134609, 464.4717, 297.5286, 77.3030, 212250
     134609, 464.3752, 297.5868, 78.1481, 212278
     134609, 464.4521, 297.8128, 78.1998, 212305
     134609, 464.3539, 298.0455, 78.6211, 212331
     134609, 464.2702, 298.2569, 78.9036, 212360
     134812, 464.2892, 298.6928, 82.8510, 212386
     134812, 464.3689, 298.6423, 83.9571, 212412
     134812, 464.4658, 299.8515, 89.7219, 212535
     134812, 464.4619, 300.0170, 90.6104, 212562
     135000, 464.6116, 300.3576, 91.9183, 212588
     135000, 464.6308, 300.4240, 93.7062, 212614
     135015, 464.5794, 300.5829, 94.3721, 212640
     135015, 464.7196, 301.4211, 95.2059, 212733
     135015, 464.9307, 302.0093, 95.2594, 212760
     135015, 464.9963, 302.3852, 95.2435, 212785
     135203, 464.8664, 302.3175, 95.8632, 212812
     135203, 464.9231, 302.4959, 96.8133, 212838
     135203, 465.2224, 302.9242, 96.8373, 212865
     135203, 465.1778, 303.1116, 97.0157, 212892
     135203, 465.0730, 303.1396, 97.6802, 212918
     135203, 465.1985, 303.4876, 98.4456, 212947
     135312, 465.3292, 303.6457, 98.2411, 212986
     135312, 465.3470, 304.0147, 98.0926, 213012
     135312, 465.4049, 304.5992, 99.0938, 213064
     135312, 465.5043, 304.8967, 99.5445, 213090
     135312, 465.5321, 304.9935, 99.9351, 213116
     135312, 465.7468, 305.2792, 100.3847, 213142
     135312, 465.8131, 305.3451, 99.9272, 213169
     135515, 465.8114, 305.8161, 101.5209, 213236
     135515, 465.9696, 306.1325, 101.8241, 213263
     135703, 466.2186, 306.9398, 104.1058, 213315
     135703, 466.2985, 307.1068, 105.0602, 213339
     135703, 466.3029, 307.2423, 105.5378, 213366
     135703, 466.4507, 307.4091, 106.8697, 213391
     135703, 466.4773, 307.5414, 108.1821, 213418
     135703, 466.5603, 307.8740, 108.6166, 213443
     135703, 466.6407, 307.9782, 108.9781, 213484
     135812, 466.9096, 308.5631, 110.6703, 213512
     135812, 466.9862, 308.6534, 111.2655, 213540
     135812, 467.1180, 308.8444, 111.9936, 213566
     135812, 467.1763, 309.1461, 112.4450, 213592
     135812, 467.3070, 309.2769, 112.7065, 213618
     135812, 467.4325, 309.5582, 113.6845, 213644
     135812, 467.4540, 309.6599, 114.1291, 213670
     136015, 467.6783, 309.9833, 115.0621, 213698
     136015, 467.7723, 310.0592, 115.5351, 213737
     136015, 467.8850, 310.3447, 116.5438, 213763
     136218, 468.1170, 310.6204, 117.6423, 213789
     136218, 468.1896, 310.7154, 117.9957, 213815
     136218, 468.2776, 311.0317, 118.1910, 213841
     136218, 468.4965, 311.1120, 119.9654, 213867
     136218, 468.6439, 311.2803, 120.5337, 213893
     136218, 468.7411, 311.3601, 121.0759, 213918
     136218, 468.9279, 311.6897, 121.8666, 213944
     136218, 468.9771, 311.8404, 122.2480, 213987
     136421, 469.2395, 312.1942, 123.1862, 214014
     136421, 469.4324, 312.3861, 124.2619, 214040
     136421, 469.5277, 312.4485, 125.0042, 214067
     136421, 469.9822, 312.8819, 126.4395, 214120
     136421, 470.0385, 313.0814, 127.2111, 214146
     136421, 470.3582, 313.3079, 125.9102, 214171
     136609, 470.5844, 313.7378, 125.7630, 214242
     136609, 470.7034, 313.8655, 125.8486, 214268
     136625, 470.7924, 313.9949, 125.6474, 214294
     136625, 471.0961, 314.3063, 124.6907, 214321
     136625, 471.1654, 314.4216, 124.5966, 214348
     136625, 471.3226, 314.6266, 124.6184, 214374
     136812, 471.4075, 314.6901, 124.6072, 214399
     136812, 471.5139, 314.8155, 124.6456, 214424
     136812, 471.8691, 315.2640, 123.7281, 214450
     136812, 471.8514, 315.3048, 124.1552, 214530
     136812, 472.2875, 315.7597, 124.5688, 214557
     136812, 472.4625, 316.0129, 124.8663, 214583
     137015, 472.6372, 316.1564, 125.0372, 214611
     137015, 472.7758, 316.4007, 125.4698, 214637
     137015, 472.9722, 316.5501, 124.8300, 214665
     137015, 473.1606, 316.7726, 125.0009, 214693
     137015, 473.2245, 316.9337, 125.0665, 214720
     137015, 473.3534, 317.0359, 125.4344, 214746
     137015, 473.5416, 317.2990, 126.1316, 214779
     137218, 473.7628, 317.5621, 126.3321, 214807
     137218, 474.1823, 317.9638, 126.5785, 214861
     137218, 474.2574, 318.0452, 126.8606, 214888
     137218, 474.3507, 318.1759, 126.9619, 214915
     137218, 474.6542, 318.5299, 127.4337, 214943
     137421, 474.9307, 318.8894, 127.9340, 215005
     137421, 475.1140, 319.1788, 128.4239, 215033
     137421, 475.2274, 319.2725, 128.5941, 215059
     137421, 475.5614, 319.4856, 128.1422, 215088
     137421, 475.6869, 319.6085, 128.4021, 215116
     137421, 475.8603, 319.9055, 128.6408, 215145
     137421, 475.9437, 320.0225, 128.5994, 215170
     137421, 476.0192, 320.0843, 128.6376, 215196
     137625, 476.2703, 320.3948, 128.9257, 215223
     137625, 476.3726, 320.4849, 129.0574, 215270
     137625, 476.7639, 320.9108, 128.6313, 215295
     137625, 476.9096, 321.0956, 128.9566, 215321
     137625, 476.9790, 321.2356, 129.0676, 215347
     137625, 477.2511, 321.4158, 129.3544, 215374
     137828, 477.3432, 321.5157, 129.2530, 215402
     137828, 477.6262, 321.7467, 128.9243, 215427
     137828, 477.7234, 321.8217, 129.0417, 215453
     137828, 477.9203, 322.2175, 129.1414, 215480
     137828, 478.1024, 322.3551, 129.2978, 215516
     137828, 478.3016, 322.5256, 129.6674, 215543
     137828, 478.3748, 322.6275, 129.8702, 215569
     138031, 478.7465, 322.9780, 129.1198, 215596
     138031, 478.8230, 323.1532, 128.9642, 215623
     138031, 479.0904, 323.3669, 129.8338, 215649
     138031, 479.2395, 323.3388, 132.2114, 215675
     138031, 479.2388, 323.4166, 134.9366, 215702
     138031, 479.5690, 323.5476, 137.7807, 215727
     138031, 479.6669, 323.5633, 139.9660, 215770
     138218, 479.8721, 323.7535, 143.2927, 215796
     138218, 480.1537, 323.7494, 146.1768, 215821
     138218, 480.3300, 323.8835, 147.3288, 215847
     138234, 480.6587, 323.9104, 150.4852, 215873
     138234, 480.7844, 323.8629, 152.5493, 215900
     138234, 480.9759, 324.0263, 153.7023, 215925
     138234, 481.2813, 324.1612, 155.2125, 215952
     138234, 481.5822, 324.2707, 154.8025, 215983
     138234, 481.8739, 324.3819, 155.0333, 216010
     138421, 482.0256, 324.4032, 154.5207, 216043
     138421, 482.2989, 324.5008, 154.7751, 216070
     138421, 482.5824, 324.6342, 155.2476, 216097
     138421, 482.9104, 324.7358, 155.1368, 216124
     138421, 483.0433, 324.8005, 154.7292, 216152
     138421, 483.4077, 324.9067, 155.2479, 216178
     138421, 483.4978, 324.8702, 156.3206, 216204
     138625, 483.7487, 325.0254, 156.5119, 216233
     138625, 483.9431, 325.1983, 155.8719, 216260
     138625, 484.3749, 325.3194, 153.2824, 216287
     138625, 484.5426, 325.4350, 151.5708, 216312
     138625, 484.5908, 325.4615, 151.2914, 216339
     138625, 484.7118, 325.6078, 150.4218, 216364
     138625, 484.8662, 325.6494, 149.8609, 216392
     138828, 485.1980, 325.8933, 147.5412, 216417
     138828, 485.3115, 325.9619, 147.0120, 216453
     138828, 485.5890, 326.0059, 145.5939, 216479
     138828, 485.6871, 326.1593, 144.7282, 216505
     138828, 486.0305, 326.4228, 143.1959, 216532
     138828, 486.2038, 326.5059, 143.6455, 216558
     138828, 486.4920, 326.6748, 144.0102, 216585
     138828, 486.6816, 326.8746, 143.2051, 216612
     139031, 486.8020, 326.9602, 143.2756, 216639
     139031, 487.1445, 327.1397, 142.7809, 216667
     139031, 487.2402, 327.2273, 142.5112, 216701
     139031, 487.3957, 327.3786, 141.7026, 216728
     139031, 487.6216, 327.4438, 141.0507, 216754
     139031, 487.9871, 327.6888, 140.8205, 216780
     139234, 488.0954, 327.7630, 140.7909, 216809
     139234, 488.2813, 328.0039, 140.4088, 216837
     139234, 488.4072, 328.0772, 140.4630, 216864
     139234, 488.7418, 328.3315, 139.9455, 216892
     139234, 488.8796, 328.4158, 140.2648, 216927
     139234, 489.0959, 328.5496, 140.1003, 216955
     139234, 489.1456, 328.5951, 139.9463, 216982
     139437, 489.4926, 328.7643, 139.4770, 217009
     139437, 489.6451, 328.8486, 139.4592, 217037
     139437, 489.8059, 329.0913, 139.2022, 217063
     139437, 489.8959, 329.1590, 139.3616, 217093
     139437, 490.3024, 329.2804, 138.9301, 217120
     139437, 490.3981, 329.4366, 139.0290, 217146
     139437, 490.6316, 329.6713, 138.1300, 217193
     139437, 490.8409, 329.9087, 137.6641, 217220
     139640, 491.1340, 330.1088, 136.4226, 217247
     139640, 491.2551, 330.1857, 136.3251, 217273
     139640, 491.3536, 330.2512, 135.8903, 217301
     139640, 491.6262, 330.4967, 134.7853, 217328
     139640, 491.7396, 330.6129, 134.6241, 217355
     139640, 491.9153, 330.8804, 133.8157, 217381
     139828, 492.0244, 330.9828, 133.2743, 217428
     139828, 492.5982, 331.3646, 131.8001, 217456
     139828, 492.6994, 331.5417, 131.3863, 217482
     139843, 492.9895, 331.7595, 129.7056, 217509
     139843, 492.9261, 331.9224, 129.3561, 217536
     139843, 493.0516, 331.9921, 128.4963, 217564
     139843, 493.2616, 332.2728, 127.0653, 217597
     139843, 493.4042, 332.4775, 126.1837, 217626
     140031, 493.5572, 332.5976, 125.2768, 217657
     140031, 493.7615, 332.7687, 123.8580, 217683
     140031, 493.8798, 332.8859, 123.3709, 217711
     140031, 493.9374, 333.2381, 122.3195, 217738
     140031, 494.2687, 333.7436, 119.7964, 217791
     140234, 494.3696, 333.8813, 119.3842, 217816
     140234, 494.4631, 333.9801, 119.0123, 217843
     140234, 494.6554, 334.3072, 117.4159, 217870
     140234, 494.7901, 334.5476, 116.6819, 217904
     140234, 494.8220, 334.6552, 115.7559, 217931
     140234, 494.9783, 335.0070, 114.6065, 217957
     140234, 495.1019, 335.1210, 113.7656, 217983
     140437, 495.1135, 335.3568, 112.7467, 218009
     140437, 495.3490, 335.7089, 112.1280, 218062
     140437, 495.5664, 336.1259, 111.4691, 218088
     140437, 495.5792, 336.3294, 111.2619, 218122
     140437, 495.7070, 336.5431, 110.3764, 218149
     140437, 495.6933, 336.7051, 109.9545, 218176
     140437, 496.0220, 337.1468, 109.5251, 218204
     140437, 496.0729, 337.2808, 109.5534, 218231
     140640, 496.0244, 337.2794, 109.2734, 218259
     140640, 496.1423, 337.4950, 108.9945, 218286
     140640, 496.3846, 338.0748, 108.4539, 218339
     140843, 496.6121, 338.6417, 108.1480, 218414
     140843, 496.6381, 338.8492, 108.1209, 218443
     140843, 496.8299, 339.1090, 107.1607, 218470
     140843, 497.1159, 339.5710, 106.8133, 218524
     140843, 497.0804, 339.7471, 106.9487, 218551
     140843, 497.1314, 340.0222, 107.0059, 218577
     140843, 497.1263, 340.2673, 106.5404, 218606
     141046, 497.1756, 340.3063, 106.6532, 218639
     141046, 497.4153, 340.7249, 105.1068, 218665
     141046, 497.4543, 341.0046, 104.5033, 218691
     141046, 497.5820, 341.1956, 103.9751, 218717
     141046, 497.6154, 341.3577, 103.8161, 218748
     141046, 497.6835, 341.5190, 103.6984, 218773
     141046, 497.6790, 341.6664, 103.7508, 218801
     141250, 497.9605, 342.3284, 101.6100, 218864
     141250, 497.9837, 342.6871, 101.5165, 218891
     141250, 497.9664, 342.8489, 102.4099, 218917
     141250, 498.1085, 343.1525, 100.3920, 218943
     141250, 498.0230, 343.2721, 99.8785, 218970
     141250, 498.1972, 343.5487, 98.3612, 218997
     141250, 498.2681, 343.7769, 98.0119, 219023
     141437, 498.2394, 344.3654, 94.6809, 219051
     141437, 498.2198, 344.5079, 94.4874, 219078
     141453, 498.4392, 344.6534, 93.2725, 219135
     141453, 498.4605, 345.1835, 92.4041, 219162
     141453, 498.3505, 345.6124, 91.5331, 219215
     141640, 498.3025, 345.7534, 90.4942, 219240
     141640, 498.3516, 345.8550, 90.2260, 219267
     141640, 498.4628, 346.4388, 90.7357, 219336
     141640, 498.5567, 346.5901, 91.2533, 219363
     141640, 498.5123, 346.9871, 91.2743, 219389
     141843, 498.6304, 347.7958, 91.1252, 219442
     141843, 498.6908, 348.0798, 91.5160, 219495
     141843, 498.8323, 348.1853, 93.8559, 219521
     141843, 498.7722, 348.4882, 92.9967, 219549
     141843, 498.9032, 349.1501, 92.2500, 219611
     142046, 498.8550, 349.2805, 92.2492, 219636
     142046, 499.0638, 349.2306, 92.4992, 219662
     142046, 498.9192, 349.5010, 91.9743, 219687
     142046, 499.0283, 349.7716, 92.8678, 219714
     142046, 499.0313, 349.7641, 92.0651, 219740
     142046, 498.9704, 350.4687, 92.1624, 219799
     142250, 499.2452, 350.7288, 91.1823, 219852
     142250, 499.2244, 351.4871, 92.2716, 219879
     142250, 499.0626, 351.4899, 92.9734, 219907
     142250, 499.0570, 351.8707, 92.8693, 219933
     142250, 499.2485, 352.1807, 92.7481, 219987
     142453, 499.3542, 352.4622, 92.8271, 220042
     142453, 499.4296, 353.5570, 92.9140, 220124
     142453, 499.4846, 354.1256, 92.1767, 220177
     142453, 499.4881, 354.2401, 92.0807, 220205
     142656, 499.4499, 354.5648, 92.0672, 220232
     142656, 499.6053, 355.5564, 90.7892, 220384
     142656, 499.5688, 355.6843, 90.2937, 220412
     142859, 499.7441, 356.4021, 90.0872, 220439
     142859, 499.7268, 357.0852, 91.1645, 220538
     143046, 500.0889, 357.9992, 93.0734, 220645
     143046, 499.9915, 358.0872, 93.0598, 220672
     143046, 500.0426, 358.2590, 93.6471, 220698
     143062, 499.8998, 358.4999, 94.0036, 220726
     143062, 500.0379, 358.7851, 94.3538, 220752
     143062, 500.0746, 359.0314, 93.9079, 220791
     143062, 500.0125, 359.3079, 93.6976, 220818
     143062, 500.0171, 359.4229, 93.7813, 220844
     143250, 500.3372, 359.9420, 93.0863, 220870
     143250, 500.4063, 360.0567, 92.8226, 220896
     143250, 500.3976, 360.1842, 92.4130, 220922
     143250, 500.4319, 360.5906, 92.5906, 220975
     143250, 500.4668, 361.0954, 92.2022, 221014
     143453, 500.3542, 361.7731, 88.9779, 221068
     143453, 500.4652, 361.7106, 85.2915, 221096
     143453, 500.4355, 361.7989, 85.0403, 221122
     143453, 500.3616, 361.9189, 83.8726, 221147
     143453, 500.1688, 362.1594, 80.5869, 221173
     143453, 500.1127, 362.2635, 80.3830, 221200
     143453, 500.1273, 362.6242, 78.7547, 221225
     143656, 500.1914, 362.8653, 77.8378, 221258
     143656, 500.1213, 363.2291, 75.2647, 221285
     143656, 499.9957, 363.1794, 74.3398, 221313
     143656, 499.7873, 363.5159, 73.0264, 221340
     143656, 499.9341, 364.0472, 73.4776, 221368
     143656, 499.7610, 364.2323, 73.4631, 221395
     143656, 499.6879, 364.3598, 72.4478, 221421
     143859, 499.5434, 364.8439, 72.2411, 221489
     143859, 499.5899, 365.3668, 71.5926, 221516
     143859, 499.5814, 365.4978, 71.6716, 221543
     143859, 499.4506, 365.8763, 71.4857, 221569
     143859, 499.3576, 365.8251, 71.2211, 221595
     143859, 499.2492, 366.0148, 71.1473, 221622
     144062, 499.2696, 366.2004, 70.7420, 221649
     144062, 499.0821, 366.6845, 69.6187, 221675
     144062, 499.0328, 366.7845, 69.5688, 221702
     144062, 498.9799, 366.9203, 69.7249, 221745
     144062, 498.8366, 367.3989, 69.2114, 221772
     144062, 498.8587, 367.6884, 69.1944, 221798
     144062, 498.8307, 367.7800, 69.2145, 221824
     144265, 498.7335, 368.1492, 68.3413, 221852
     144265, 498.6894, 368.2492, 68.3919, 221877
     144265, 498.5609, 368.9207, 66.9631, 221930
     144265, 498.4208, 369.1777, 66.6457, 221969
     144265, 498.3204, 369.3884, 66.3497, 221997
     144265, 498.2662, 369.5176, 66.2689, 222024
     144468, 498.1652, 369.8769, 65.3073, 222053
     144468, 498.1218, 369.9823, 65.1581, 222080
     144468, 498.0796, 370.3273, 64.0131, 222107
     144468, 497.9324, 370.5939, 63.8555, 222134
     144468, 497.8608, 370.7300, 63.6749, 222162
     144468, 497.8014, 371.0367, 62.6865, 222189
     144468, 497.7354, 371.1336, 62.4751, 222222
     144656, 497.5520, 371.4333, 62.4444, 222250
     144656, 497.4921, 371.7116, 62.9094, 222276
     144656, 497.3926, 372.0449, 62.0754, 222303
     144671, 497.3466, 372.1308, 62.1443, 222330
     144671, 497.2185, 372.4541, 62.2775, 222358
     144671, 497.1323, 372.4364, 62.3186, 222384
     144671, 496.9911, 372.9566, 62.6146, 222411
     144859, 497.0104, 373.0178, 62.6290, 222449
     144859, 496.8518, 373.2714, 62.9332, 222477
     144859, 496.6905, 373.6852, 62.8484, 222505
     144859, 496.6372, 373.7870, 63.3193, 222531
     144859, 496.5934, 373.9239, 63.7290, 222558
     144859, 496.3995, 374.2798, 62.2850, 222584
     144859, 496.3164, 374.3606, 62.3265, 222611
     145062, 496.1990, 374.9718, 62.8683, 222638
     145062, 496.1631, 375.0916, 63.3527, 222688
     145062, 496.0471, 375.4669, 63.2645, 222715
     145062, 495.9437, 375.5746, 63.3990, 222743
     145062, 495.8096, 375.8675, 63.7672, 222770
     145062, 495.7443, 376.0169, 64.0382, 222798
     145062, 495.6931, 376.2787, 63.4705, 222826
     145265, 495.6510, 376.5476, 63.6282, 222854
     145265, 495.5149, 376.7886, 64.9494, 222881
     145265, 495.4922, 376.8784, 65.4554, 222909
     145265, 495.4473, 377.2139, 65.9905, 222950
     145265, 495.3038, 377.4837, 66.8035, 222978
     145265, 495.2703, 377.6925, 66.6172, 223006
     145265, 495.2381, 378.0287, 67.3976, 223035
     145468, 495.1377, 378.2008, 67.7673, 223064
     145468, 495.1025, 378.3575, 68.8903, 223091
     145468, 495.0984, 378.6379, 69.0953, 223119
     145468, 494.8978, 378.9093, 69.8117, 223147
     145468, 494.9570, 379.0985, 69.3399, 223175
     145468, 494.8629, 379.3473, 69.6843, 223213
     145671, 494.7844, 380.0359, 70.2232, 223267
     145671, 494.6537, 380.2313, 70.2970, 223295
     145671, 494.7165, 380.5080, 70.3290, 223322
     145671, 494.6050, 380.7044, 70.9458, 223351
     145671, 494.5503, 380.8444, 70.9305, 223379
     145671, 494.4883, 381.2485, 71.1911, 223407
     145875, 494.5412, 381.4241, 70.9511, 223450
     145875, 494.4028, 381.6815, 71.1220, 223477
     145875, 494.3476, 381.9321, 71.5262, 223506
     145875, 494.2458, 382.5403, 71.3082, 223563
     145875, 494.2299, 382.6190, 71.4122, 223590
     145875, 494.0175, 382.9383, 71.1693, 223618
     146078, 493.9057, 383.1366, 70.6420, 223648
     146078, 493.9860, 383.5353, 70.3202, 223675
     146078, 493.9532, 383.6241, 70.2794, 223713
     146078, 493.7766, 383.9639, 70.6278, 223741
     146078, 493.7708, 384.2478, 70.4016, 223768
     146078, 493.6800, 384.7728, 70.9264, 223823
     146265, 493.5986, 384.8807, 70.8706, 223851
     146265, 493.6402, 385.3912, 70.6677, 223877
     146265, 493.6290, 385.4981, 70.8705, 223904
     146281, 493.5255, 385.8195, 71.0368, 223931
     146281, 493.5189, 385.9375, 71.3590, 223964
     146281, 493.4874, 386.3555, 70.8375, 223992
     146281, 493.4520, 386.4431, 71.1206, 224019
     146281, 493.3017, 386.6821, 71.5086, 224045
     146468, 493.1563, 387.2431, 72.2390, 224098
     146468, 493.1686, 387.4682, 72.4059, 224125
     146468, 493.2229, 387.6550, 72.2778, 224153
     146468, 492.9226, 388.4725, 73.7033, 224235
     146671, 492.8365, 388.4765, 74.0988, 224262
     146671, 492.8503, 389.0474, 74.2767, 224288
     146671, 492.8102, 389.1436, 74.5363, 224316
     146671, 492.7040, 389.4018, 75.0990, 224342
     146671, 492.8388, 389.5703, 75.4241, 224370
     146671, 492.8375, 389.7868, 75.1169, 224396
     146671, 492.6942, 390.1165, 76.0554, 224424
     146875, 492.6246, 390.2721, 76.0764, 224455
     146875, 492.5783, 390.7056, 76.5923, 224481
     146875, 492.6383, 391.0000, 77.2418, 224507
     146875, 492.6320, 391.4600, 77.3770, 224534
     146875, 492.6506, 391.6874, 77.7817, 224562
     146875, 492.5075, 391.8594, 78.1305, 224590
     146875, 492.4872, 392.4747, 79.0748, 224644
     146875, 492.5789, 392.7452, 78.4469, 224671
     147078, 492.4156, 392.7020, 78.8656, 224705
     147078, 492.4576, 393.3129, 77.9915, 224759
     147078, 492.4056, 393.4797, 78.2744, 224785
     147078, 492.2794, 393.7150, 78.0875, 224812
