      96187, 148.2265, 309.6554, -178.8758, 173791
      96187, 148.3550, 309.4481, -176.9010, 173818
      96187, 148.3874, 309.5058, -174.8729, 173845
      96187, 148.6501, 309.5934, -175.6759, 173872
      96187, 149.0010, 309.6104, -174.9303, 173899
      96187, 149.0730, 309.5906, -174.5596, 173927
      96187, 149.5085, 309.5376, -175.6048, 173954
      96375, 149.7844, 309.2902, -173.9467, 173982
      96390, 150.3357, 309.2748, -173.9650, 174045
      96390, 150.5768, 309.2893, -174.0568, 174072
      96390, 150.7431, 309.2071, -172.7973, 174099
      96390, 151.1177, 309.3524, -173.8794, 174131
      96390, 151.3501, 309.3083, -173.3350, 174158
      96578, 151.6021, 309.2963, -173.0537, 174186
      96578, 151.7334, 309.1390, -172.2123, 174213
      96578, 152.1016, 309.2256, -173.5166, 174266
      96578, 152.4650, 309.2005, -171.6147, 174294
      96578, 152.7106, 309.1444, -171.7095, 174321
      96578, 152.9356, 309.1032, -170.9506, 174349
      96578, 153.1237, 308.9990, -170.7789, 174378
      96781, 153.6348, 309.1453, -170.9289, 174406
      96781, 154.0614, 308.9308, -171.2672, 174435
      96781, 154.2133, 308.8029, -170.1380, 174462
      96781, 154.1999, 308.8255, -169.8425, 174490
      96781, 154.6897, 308.9675, -170.5700, 174527
      96984, 155.0266, 308.7425, -169.6952, 174556
      96984, 155.1599, 308.7266, -169.3817, 174585
      96984, 155.5507, 308.8460, -169.3991, 174613
      96984, 155.6018, 308.7258, -169.1758, 174644
      96984, 156.0109, 308.6473, -169.3650, 174671
      96984, 156.1489, 308.7019, -168.9064, 174698
      96984, 156.4292, 308.6311, -168.1925, 174728
      96984, 156.7172, 308.5134, -167.5608, 174767
      97187, 157.2108, 308.3699, -168.0624, 174795
      97187, 157.3310, 308.3568, -167.7662, 174823
      97187, 157.6401, 308.2963, -166.9475, 174849
      97187, 157.7423, 308.2765, -166.6640, 174884
      97187, 158.1783, 308.4308, -166.4410, 174912
      97187, 158.2592, 308.2187, -165.7417, 174941
      97390, 158.6075, 308.2432, -166.1635, 174968
      97390, 158.7286, 308.1835, -165.9319, 174994
      97390, 159.2291, 308.2159, -165.9631, 175024
      97390, 159.3502, 308.1452, -165.7051, 175051
      97390, 159.7578, 307.8806, -165.4601, 175080
      97390, 159.8721, 307.9035, -165.3137, 175108
      97390, 160.2441, 307.8906, -164.7223, 175136
      97593, 160.3471, 307.8499, -164.5737, 175164
      97593, 160.8701, 307.5749, -165.5269, 175192
      97593, 161.1156, 307.4271, -162.5433, 175268
      97593, 161.4032, 307.3153, -161.5963, 175295
      97593, 161.7188, 307.3199, -160.6547, 175323
      97593, 161.7863, 307.2511, -160.2313, 175350
      97796, 162.1037, 307.0315, -159.5033, 175377
      97796, 162.3846, 306.9717, -159.3617, 175404
      97796, 162.7052, 306.8756, -158.6942, 175434
      97796, 162.7837, 306.8646, -158.1977, 175461
      97796, 163.0853, 306.7034, -157.4556, 175489
      97796, 163.2049, 306.6129, -156.8116, 175524
      97796, 163.4575, 306.4624, -155.9403, 175551
      97984, 163.6904, 306.3532, -155.6610, 175578
      97984, 163.9333, 306.2157, -154.3699, 175603
      97984, 164.0356, 306.1233, -153.8369, 175630
      97984, 164.2837, 306.0620, -152.9377, 175658
      97984, 164.4258, 305.9653, -152.7152, 175685
      97984, 164.6333, 305.9150, -152.7789, 175712
      97984, 164.9308, 305.6534, -151.3322, 175746
      98093, 165.0744, 305.5274, -150.3747, 175773
      98093, 165.2685, 305.5046, -150.3553, 175800
      98093, 165.6638, 305.2447, -149.4484, 175826
      98093, 165.7884, 305.1694, -148.7046, 175853
      98093, 165.8887, 305.0980, -148.2985, 175879
      98093, 166.0706, 304.9186, -147.4966, 175905
      98093, 166.2989, 304.8946, -147.2387, 175932
      98093, 166.5374, 304.6148, -146.0521, 175958
      98296, 166.7784, 304.5528, -145.7091, 175988
      98296, 166.9931, 304.3569, -144.7896, 176015
      98296, 167.0729, 304.2809, -144.1370, 176041
      98296, 167.1611, 304.1320, -143.6094, 176067
      98500, 167.4661, 303.8972, -144.7516, 176094
      98500, 167.5669, 303.7694, -144.5014, 176120
      98500, 167.8819, 303.6718, -143.8691, 176148
      98500, 167.9975, 303.5945, -143.8741, 176176
      98500, 168.1938, 303.3045, -143.4440, 176220
      98500, 168.4955, 303.1160, -143.0804, 176247
      98687, 168.7175, 303.0714, -143.5508, 176274
      98687, 168.8967, 302.8655, -142.9308, 176301
      98687, 169.1189, 302.8348, -142.6310, 176327
      98687, 169.3636, 302.4791, -142.5039, 176353
      98687, 169.4828, 302.3695, -142.4539, 176378
      98687, 169.7929, 302.2628, -143.6490, 176404
      98687, 170.0128, 302.0358, -144.2571, 176430
      98796, 170.1207, 301.8955, -145.1416, 176474
      98796, 170.3692, 301.7937, -146.2732, 176500
      98796, 170.6517, 301.5860, -146.1237, 176526
      98796, 170.8236, 301.4784, -146.9138, 176553
      98796, 171.1569, 301.2945, -147.9106, 176579
      98796, 171.2561, 301.2642, -147.9863, 176605
      98796, 171.3685, 301.1679, -148.1333, 176631
      98796, 171.6801, 301.0345, -148.7386, 176657
      99000, 171.7646, 300.9164, -148.8369, 176687
      99000, 172.0896, 300.6298, -149.1485, 176714
      99000, 172.2187, 300.6223, -148.3754, 176740
      99000, 172.5170, 300.4140, -148.4660, 176765
      99187, 172.6151, 300.3237, -148.6078, 176791
      99187, 172.7944, 300.2005, -148.3299, 176817
      99187, 173.0345, 299.9934, -147.7992, 176842
      99187, 173.0991, 299.9313, -147.8039, 176867
      99187, 173.2357, 299.9598, -147.6262, 176893
      99187, 173.5100, 299.6737, -147.0124, 176930
      99187, 173.8103, 299.4930, -146.9234, 176956
      99187, 173.9531, 299.3074, -147.5413, 176981
      99296, 174.2034, 299.2404, -147.4294, 177007
      99296, 174.2978, 299.1575, -147.1912, 177032
      99296, 174.4311, 299.0452, -147.0771, 177058
      99296, 174.6823, 298.8748, -146.6643, 177084
      99296, 174.7682, 298.6598, -146.6028, 177109
      99296, 175.0504, 298.6902, -146.7332, 177138
      99296, 175.2759, 298.4364, -147.0936, 177164
      99500, 175.7839, 298.1364, -147.3655, 177218
      99500, 175.8982, 298.0408, -147.2172, 177244
      99500, 176.1024, 297.8584, -146.9336, 177270
      99500, 176.3408, 297.7311, -146.8670, 177295
      99703, 176.4593, 297.6137, -146.6105, 177321
      99703, 176.7488, 297.4797, -146.8485, 177355
      99703, 177.0539, 297.3175, -147.2275, 177380
      99703, 177.2698, 297.1197, -146.7649, 177407
      99703, 177.4404, 297.0406, -146.7963, 177432
      99703, 177.5828, 296.9218, -146.7958, 177457
      99796, 177.7794, 296.9096, -146.8018, 177483
      99796, 177.9066, 296.7044, -146.2554, 177507
      99796, 178.2577, 296.4684, -147.2181, 177532
      99796, 178.3728, 296.3512, -147.1577, 177558
      99796, 178.5019, 296.3077, -146.8901, 177590
      99796, 178.7983, 296.1276, -147.4283, 177617
      99796, 178.9213, 296.0351, -147.4066, 177644
      99796, 179.2365, 295.8812, -147.0871, 177670
     100000, 179.4000, 295.7315, -146.9353, 177697
     100000, 179.8922, 295.5277, -146.9493, 177748
     100203, 180.0358, 295.3442, -147.3911, 177775
     100203, 180.2683, 295.1847, -146.7604, 177820
     100203, 180.5000, 294.9913, -146.8065, 177846
     100203, 180.8493, 294.7863, -146.5118, 177871
     100203, 180.9773, 294.6686, -146.2521, 177898
     100203, 181.2576, 294.4923, -147.2499, 177926
     100203, 181.4155, 294.3520, -146.8753, 177952
     100390, 181.5155, 294.2372, -146.7937, 177979
     100390, 181.8661, 294.0952, -147.4563, 178006
     100390, 182.0805, 293.9931, -147.2149, 178031
     100390, 182.2205, 293.9134, -147.0127, 178074
     100390, 182.5839, 293.6249, -147.2281, 178099
     100390, 182.6713, 293.5829, -147.3486, 178126
     100390, 182.7651, 293.4566, -147.0285, 178151
     100390, 183.1822, 293.1882, -146.9949, 178178
     100500, 183.2720, 293.0827, -146.9336, 178204
     100500, 183.4482, 292.9875, -147.0190, 178231
     100500, 183.5231, 292.9322, -146.8745, 178259
     100500, 183.7936, 292.6145, -146.4052, 178288
     100500, 184.1637, 292.5056, -147.2771, 178314
     100500, 184.3754, 292.3825, -147.1308, 178340
     100500, 184.4680, 292.2696, -147.0130, 178366
     100515, 184.5381, 292.2352, -146.9667, 178392
     100703, 184.9536, 291.9823, -147.6250, 178418
     100703, 185.1827, 291.9512, -147.5695, 178445
     100703, 185.1483, 291.8017, -147.4244, 178470
     100703, 185.6126, 291.6915, -150.1859, 178505
     100890, 185.5514, 291.6266, -151.7713, 178531
     100890, 185.8253, 291.5098, -153.6037, 178582
     100890, 186.3351, 291.3289, -155.4075, 178634
     101015, 186.8064, 291.1099, -157.1864, 178684
     101015, 187.0590, 291.1069, -158.1466, 178709
     101015, 187.2991, 290.9580, -159.0886, 178737
     101015, 187.4174, 290.8915, -158.8772, 178763
     101015, 187.7712, 290.7394, -160.9736, 178788
     101015, 187.9439, 290.7731, -161.7968, 178814
     101015, 188.1970, 290.6996, -162.6238, 178838
     101015, 188.3366, 290.6243, -162.4304, 178863
     101015, 188.7675, 290.5003, -165.4041, 178888
     101203, 188.9409, 290.5135, -165.9813, 178914
     101218, 189.0179, 290.4806, -165.7793, 178945
     101218, 189.4722, 290.3936, -167.3363, 178971
     101406, 189.8195, 290.5137, -168.7005, 178997
     101406, 190.0582, 290.2819, -170.0932, 179024
     101406, 190.1706, 290.2838, -170.4548, 179049
     101406, 190.6250, 290.2583, -172.0295, 179075
     101406, 190.8153, 290.1689, -171.3716, 179101
     101406, 191.1439, 290.1555, -172.0776, 179126
     101406, 191.3527, 290.1446, -172.2155, 179153
     101609, 192.3785, 289.9932, -177.2128, 179250
     101609, 192.4204, 290.2209, -178.1336, 179277
     101609, 192.7152, 290.0131, -178.6963, 179303
     101609, 193.0413, 290.2075, 178.5119, 179328
     101609, 193.1020, 290.0958, 178.7320, 179354
     101609, 193.5922, 290.0105, 176.5903, 179379
     101812, 193.6664, 290.0872, 176.2555, 179408
     101812, 194.0155, 290.2025, 174.9510, 179435
     101812, 194.3145, 290.2054, 173.7776, 179463
     101812, 194.5403, 290.3819, 172.6024, 179488
     101812, 194.7542, 290.2668, 171.5648, 179514
     101812, 194.8243, 290.2842, 172.5126, 179540
     101812, 195.3988, 290.3472, 167.8136, 179565
     102015, 195.4871, 290.4061, 168.0324, 179591
     102015, 195.5807, 290.4660, 168.2824, 179625
     102015, 195.8933, 290.4710, 167.5157, 179653
     102015, 196.1853, 290.5976, 167.5030, 179679
     102015, 196.5878, 290.6165, 166.6747, 179705
     102015, 196.7057, 290.6580, 168.2201, 179731
     102015, 196.9407, 290.6307, 167.5191, 179782
     102218, 197.5693, 290.7773, 166.7500, 179833
     102218, 197.7380, 290.7915, 167.0854, 179876
     102218, 198.1361, 290.9088, 167.7307, 179901
     102218, 198.6224, 291.1008, 165.5148, 179953
     102218, 199.0616, 291.1591, 165.4655, 179979
     102312, 199.2444, 291.2675, 165.5643, 180004
     102312, 199.6141, 291.2292, 165.6935, 180029
     102312, 199.7470, 291.2570, 165.7668, 180054
     102312, 199.8844, 291.2755, 166.1205, 180080
     102312, 200.2635, 291.3937, 166.1428, 180106
     102312, 200.4152, 291.4633, 166.4622, 180133
     102312, 200.5072, 291.4545, 167.5345, 180158
     102312, 200.7049, 291.4973, 168.0844, 180185
     102312, 200.9208, 291.4674, 167.2044, 180210
     102515, 201.0725, 291.5816, 168.0572, 180235
     102515, 201.4704, 291.6128, 167.9046, 180260
     102515, 201.5796, 291.6008, 167.9229, 180287
     102718, 201.9523, 291.6928, 167.8913, 180325
     102718, 202.2749, 291.8120, 168.0736, 180352
     102718, 202.6006, 291.9619, 165.7888, 180378
     102718, 202.6959, 291.8306, 167.1793, 180403
     102718, 202.9663, 291.7866, 167.6115, 180429
     102718, 203.1018, 291.9538, 168.0444, 180454
     102718, 203.4318, 291.8776, 168.2590, 180481
     102921, 203.7740, 291.8654, 168.1726, 180533
     102921, 204.2039, 292.1776, 166.7308, 180575
     102921, 204.3227, 292.1163, 168.1713, 180602
     102921, 204.6182, 292.1838, 166.7761, 180628
     102921, 204.8992, 292.1450, 167.5454, 180654
     102921, 205.1863, 292.3055, 166.0068, 180680
     103125, 205.4036, 292.3484, 166.5010, 180706
     103125, 205.5805, 292.3448, 167.0953, 180733
     103125, 205.8175, 292.3459, 166.4760, 180758
     103125, 206.0352, 292.3998, 167.0760, 180784
     103125, 206.2473, 292.4687, 166.9975, 180827
     103125, 206.5791, 292.4245, 166.9656, 180854
     103125, 206.7960, 292.5175, 167.3922, 180880
     103312, 206.8933, 292.5206, 167.5948, 180907
     103312, 207.3277, 292.7108, 166.9235, 180934
     103312, 207.3950, 292.7521, 167.4099, 180962
     103312, 207.6565, 292.7304, 167.9974, 180989
     103328, 207.9068, 292.6893, 167.4840, 181015
     103328, 208.1019, 292.7223, 167.6835, 181047
     103328, 208.4716, 292.8367, 166.5918, 181075
     103421, 208.7197, 292.8802, 167.0607, 181102
     103421, 209.0687, 293.0165, 165.3407, 181128
     103421, 209.2158, 293.0197, 165.1667, 181156
     103421, 209.4849, 293.2470, 165.8154, 181182
     103421, 209.7138, 293.2633, 165.5178, 181209
     103421, 210.2314, 293.2751, 165.2390, 181262
     103421, 210.5202, 293.3796, 165.1236, 181291
     103625, 210.6835, 293.4403, 165.3109, 181317
     103625, 210.8025, 293.4139, 166.1442, 181342
     103625, 211.1292, 293.5359, 166.1533, 181368
     103625, 211.3153, 293.5159, 166.0552, 181394
     103828, 211.6365, 293.6376, 165.6482, 181421
     103828, 211.7721, 293.6157, 165.7513, 181448
     103828, 211.8515, 293.6271, 166.0043, 181473
     103828, 212.4352, 293.8575, 163.8882, 181506
     103828, 212.5326, 293.9280, 164.0934, 181532
     103828, 212.8471, 293.9771, 163.8632, 181557
     103828, 213.0132, 293.9462, 164.0469, 181583
     104015, 213.3668, 294.0486, 163.4399, 181610
     104015, 213.5190, 294.1078, 163.5575, 181637
     104015, 213.6908, 294.0579, 163.1201, 181664
     104015, 214.0851, 294.2317, 162.5471, 181690
     104015, 214.2987, 294.2388, 162.7008, 181723
     104015, 214.4638, 294.3089, 163.4827, 181749
     104015, 214.5405, 294.2985, 163.6640, 181774
     104015, 215.0553, 294.4873, 162.1069, 181799
     104125, 215.1971, 294.5495, 162.1813, 181825
     104125, 215.5044, 294.5841, 162.1054, 181852
     104125, 215.6125, 294.6145, 162.1480, 181878
     104125, 215.7505, 294.6094, 162.2789, 181904
     104125, 216.1893, 294.8069, 162.1874, 181929
     104125, 216.3392, 294.7745, 162.5868, 181958
     104125, 216.5586, 294.8470, 162.8166, 181984
     104328, 216.6971, 294.9386, 163.1022, 182011
     104328, 216.9417, 295.0355, 162.0160, 182037
     104328, 217.1941, 295.0867, 162.4951, 182064
     104328, 217.3727, 295.0607, 162.4133, 182090
     104328, 217.6401, 295.1670, 162.5667, 182115
     104531, 217.9565, 295.2770, 160.9881, 182142
     104531, 218.0729, 295.3795, 161.8090, 182186
     104531, 218.5724, 295.4204, 161.8299, 182212
     104531, 219.0332, 295.5830, 161.8231, 182264
     104531, 219.2123, 295.6247, 161.9561, 182290
     104734, 219.3913, 295.6019, 161.9326, 182316
     104734, 219.7158, 295.6186, 161.9112, 182343
     104734, 219.8501, 295.7113, 162.2809, 182370
     104734, 219.9863, 295.7974, 161.8964, 182396
     104734, 220.2960, 295.9365, 162.1173, 182439
     104734, 220.8320, 296.0858, 161.4031, 182465
     104734, 221.0074, 296.1213, 161.8134, 182492
     104937, 221.1309, 296.1659, 161.9727, 182519
     104937, 221.3908, 296.1796, 162.4589, 182546
     104937, 221.7995, 296.4202, 161.1964, 182571
     104937, 221.8921, 296.4315, 161.5014, 182597
     104937, 222.0925, 296.4917, 161.7484, 182623
     104937, 222.2560, 296.5305, 161.7622, 182652
     104937, 222.6912, 296.6156, 161.9799, 182679
     105140, 222.8148, 296.6732, 162.0178, 182706
     105140, 222.9258, 296.7505, 162.4064, 182732
     105140, 223.2162, 296.8601, 162.1760, 182759
     105140, 223.4397, 296.8855, 162.4700, 182785
     105140, 223.8413, 297.0547, 161.4891, 182812
     105140, 223.9424, 297.0817, 161.7325, 182837
     105140, 224.0905, 297.1309, 161.9910, 182888
     105328, 224.7201, 297.2510, 160.5144, 182914
     105328, 224.7206, 297.2541, 162.3728, 182940
     105328, 225.0664, 297.4667, 161.8334, 182967
     105328, 225.2252, 297.4747, 161.7536, 182993
     105328, 225.5453, 297.5879, 161.3344, 183020
     105328, 225.7973, 297.6469, 160.4406, 183047
     105328, 226.0320, 297.7324, 160.6669, 183073
     105328, 226.1598, 297.7670, 160.7925, 183098
     105328, 226.4125, 297.8779, 159.0497, 183126
     105531, 226.8252, 297.9894, 159.2000, 183152
     105531, 226.8787, 298.0774, 159.0105, 183179
     105531, 227.1553, 298.0967, 159.1909, 183205
     105531, 227.2759, 298.1427, 159.2193, 183232
     105531, 227.5204, 298.3034, 158.4519, 183259
     105531, 227.8827, 298.4977, 157.5313, 183285
     105734, 228.0504, 298.5110, 157.0003, 183311
     105734, 228.1809, 298.5700, 157.0372, 183337
     105734, 228.5274, 298.5951, 156.5082, 183369
     105734, 228.8395, 298.7658, 156.2385, 183395
     105734, 228.9153, 298.8379, 156.5580, 183424
     105734, 229.2595, 299.0595, 154.6146, 183450
     105734, 229.3979, 299.0843, 154.5585, 183477
     105734, 229.6267, 299.1330, 154.8291, 183503
     105937, 229.8894, 299.2746, 154.7128, 183528
     105937, 230.0748, 299.4092, 153.8317, 183554
     105937, 230.4095, 299.5744, 152.7416, 183600
     105937, 230.6356, 299.7081, 153.3205, 183628
     105937, 231.0071, 299.7640, 152.8232, 183655
     105937, 231.2056, 299.9075, 152.1403, 183683
     106140, 231.3761, 300.0720, 152.3281, 183708
     106140, 231.7465, 300.3325, 151.1006, 183735
     106140, 231.8482, 300.3635, 151.0763, 183764
     106140, 232.0472, 300.4656, 151.2788, 183791
     106140, 232.1797, 300.5833, 151.2853, 183818
     106140, 232.5473, 300.6883, 151.5841, 183856
     106140, 232.9230, 300.9459, 149.6954, 183883
     106343, 233.0158, 301.0051, 149.8473, 183910
     106343, 233.2446, 301.1373, 149.4158, 183936
     106343, 233.3783, 301.1939, 149.4016, 183967
     106343, 233.7337, 301.4991, 148.0367, 183994
     106343, 234.0535, 301.6434, 147.7958, 184047
     106343, 234.3595, 301.8685, 147.4339, 184079
     106343, 234.6015, 302.0314, 147.3860, 184106
     106546, 234.8661, 302.2362, 145.7425, 184132
     106546, 234.9559, 302.3228, 146.0631, 184158
     106546, 235.1418, 302.4659, 145.9450, 184185
     106546, 235.2466, 302.5098, 145.9391, 184211
     106546, 235.8350, 302.8380, 144.3312, 184263
     106546, 235.9228, 302.9121, 144.3564, 184289
     106640, 236.1981, 303.0500, 143.9059, 184320
     106640, 236.3179, 303.1357, 143.9035, 184347
     106640, 236.5635, 303.3959, 142.7206, 184375
     106640, 236.7549, 303.4361, 142.7203, 184402
     106640, 237.0370, 303.6206, 142.2595, 184430
     106640, 237.1488, 303.6903, 142.5655, 184458
     106640, 237.3990, 303.9472, 143.1623, 184485
     106640, 237.5384, 304.0696, 143.4365, 184511
     106843, 237.7507, 304.2197, 143.8927, 184560
     106843, 237.9861, 304.2826, 144.2356, 184587
     106843, 238.3657, 304.6767, 143.6365, 184611
     107046, 238.5945, 304.7508, 143.6455, 184638
     107046, 238.7150, 304.8260, 143.7101, 184666
     107046, 238.8532, 304.9324, 144.4110, 184692
     107046, 238.9635, 305.0254, 144.6607, 184719
     107046, 239.3388, 305.3279, 145.0096, 184746
     107046, 239.4449, 305.4739, 145.1796, 184772
     107046, 239.6172, 305.4837, 145.4683, 184810
     107250, 239.7437, 305.5546, 145.7292, 184835
     107250, 240.0625, 305.7884, 146.2181, 184862
     107250, 240.2417, 305.8154, 146.9954, 184887
     107250, 240.5309, 306.1693, 146.4358, 184914
     107250, 240.6406, 306.2616, 146.7125, 184940
     107250, 240.8108, 306.3571, 146.4067, 184970
     107250, 241.1101, 306.4593, 146.9296, 184996
     107343, 241.2358, 306.5528, 147.0984, 185031
     107343, 241.5138, 306.7035, 147.6190, 185058
     107343, 241.7715, 306.9800, 147.5698, 185086
     107343, 242.2453, 307.1735, 147.6434, 185137
     107343, 242.4597, 307.3971, 147.0642, 185163
     107343, 242.5963, 307.4590, 146.9296, 185189
     107343, 242.7624, 307.5578, 147.0962, 185216
     107546, 242.8775, 307.5703, 147.5208, 185248
     107546, 243.2479, 307.7729, 147.1211, 185274
     107546, 243.3896, 307.8970, 147.4007, 185300
     107750, 243.6848, 308.2102, 146.0112, 185328
     107750, 243.8203, 308.2483, 146.1276, 185354
     107750, 243.9372, 308.3502, 146.6081, 185381
     107750, 244.2642, 308.4732, 146.9329, 185406
     107750, 244.3688, 308.5735, 146.9649, 185433
     107750, 244.5827, 308.7132, 147.4271, 185460
     107750, 244.7078, 308.7963, 147.5591, 185505
     107937, 245.2411, 309.1053, 147.2791, 185532
     107937, 245.3837, 309.1941, 147.5903, 185558
     107937, 245.5447, 309.3532, 146.7673, 185585
     107937, 245.7890, 309.4961, 146.5909, 185611
     107937, 246.0448, 309.5459, 146.6503, 185638
     107937, 246.2549, 309.7056, 147.1270, 185663
     107937, 246.3796, 309.7547, 147.0954, 185689
     108046, 246.4837, 309.9049, 147.4820, 185723
     108046, 246.8573, 310.1768, 146.0067, 185749
     108046, 247.0868, 310.3641, 146.5214, 185777
     108046, 247.3406, 310.3973, 146.6532, 185803
     108046, 247.4123, 310.4822, 147.0503, 185830
     108046, 247.6633, 310.6182, 147.1254, 185857
     108046, 247.8175, 310.6973, 146.8222, 185885
     108046, 248.1454, 310.7773, 146.9736, 185913
     108250, 248.2299, 310.8448, 147.1900, 185942
     108250, 248.5209, 311.1712, 146.5270, 185976
     108250, 248.8735, 311.4022, 146.4321, 186003
     108437, 249.0635, 311.4402, 146.4946, 186030
     108437, 249.1643, 311.4899, 146.4878, 186056
     108437, 249.3561, 311.6373, 146.7721, 186082
     108437, 249.5769, 311.7418, 146.5953, 186108
     108437, 249.9213, 312.0536, 145.6047, 186134
     108437, 249.9367, 312.1204, 145.7019, 186160
     108437, 250.0497, 312.3060, 145.7625, 186206
     108546, 250.5207, 312.5567, 146.3508, 186233
     108546, 250.7310, 312.6408, 145.8543, 186258
     108546, 250.9222, 312.7688, 145.6894, 186284
     108546, 251.0680, 312.9141, 145.0008, 186312
     108546, 251.1547, 313.0009, 145.1838, 186337
     108546, 251.5124, 313.1438, 145.0704, 186364
     108546, 251.6080, 313.3085, 145.3746, 186390
     108546, 251.9115, 313.5013, 145.5295, 186415
     108750, 252.0271, 313.6058, 145.5558, 186459
     108750, 252.2437, 313.8452, 144.8034, 186483
     108750, 252.6537, 313.9990, 144.5539, 186509
     108953, 252.7290, 314.0487, 144.9796, 186535
     108953, 252.8386, 314.1525, 144.7864, 186562
     108953, 253.1249, 314.4324, 144.6079, 186588
     108953, 253.2727, 314.4930, 144.2384, 186614
     108953, 253.6302, 314.7392, 143.4816, 186638
     108953, 253.7767, 314.8387, 144.0121, 186694
     108953, 254.1710, 315.0478, 143.8488, 186719
     109156, 254.2929, 315.1636, 143.8816, 186746
     109156, 254.3628, 315.2319, 144.4007, 186771
     109156, 254.5046, 315.3966, 144.5282, 186798
     109156, 254.7258, 315.4990, 144.7463, 186822
     109156, 255.0344, 315.7502, 143.8288, 186849
     109156, 255.0798, 315.7534, 144.9886, 186880
     109156, 255.3572, 315.9749, 144.2865, 186907
     109156, 255.4941, 316.0553, 144.4815, 186933
     109250, 255.8606, 316.2426, 144.3325, 186960
     109250, 255.9661, 316.2873, 144.4646, 186986
     109250, 256.0741, 316.5078, 144.5886, 187012
     109265, 256.4346, 316.7406, 143.3184, 187038
     109265, 256.5243, 316.8525, 143.5029, 187064
     109265, 256.8476, 316.9965, 143.7205, 187099
     109265, 256.9816, 317.0916, 143.7406, 187126
     109453, 257.2660, 317.2844, 143.4124, 187152
     109453, 257.3082, 317.3310, 143.7063, 187179
     109453, 257.5304, 317.5618, 142.9571, 187205
     109453, 257.7994, 317.7539, 143.2039, 187232
     109656, 257.9126, 317.8602, 143.6955, 187258
     109656, 258.2072, 318.0548, 143.1229, 187285
     109656, 258.2978, 318.1078, 143.2977, 187311
     109656, 258.5759, 318.3938, 142.1706, 187392
     109656, 259.1111, 318.8382, 142.7202, 187418
     109843, 259.2440, 318.9127, 142.6823, 187445
     109843, 259.4623, 319.0974, 143.3729, 187470
     109843, 259.6718, 319.3032, 142.0288, 187498
     109843, 260.0602, 319.4888, 141.9104, 187524
     109843, 260.1888, 319.5599, 141.8523, 187551
     109843, 260.2733, 319.6499, 142.1648, 187578
     109843, 260.4372, 319.8738, 142.3748, 187604
     109968, 260.5560, 319.9940, 142.3707, 187632
     109968, 260.8708, 320.2813, 141.5250, 187657
     109968, 260.9857, 320.3893, 141.6701, 187683
     109968, 261.2446, 320.5035, 142.1758, 187710
     109968, 261.3727, 320.6108, 142.1889, 187736
     109968, 261.4729, 320.7150, 142.3455, 187762
     109968, 261.9218, 321.1177, 141.9622, 187789
     109968, 262.1370, 321.2003, 142.8327, 187816
     110156, 262.3155, 321.3358, 143.3754, 187844
     110171, 262.3973, 321.4894, 142.8640, 187870
     110171, 262.5011, 321.6565, 143.0757, 187897
     110171, 262.7858, 321.7969, 143.2680, 187924
     110359, 262.8978, 321.8778, 143.6716, 187951
     110359, 263.2368, 322.0947, 143.8204, 187977
     110359, 263.3155, 322.1743, 144.1265, 188004
     110359, 263.5457, 322.3345, 144.4654, 188030
     110359, 263.7774, 322.4966, 144.6860, 188080
     110359, 264.1827, 322.7470, 145.1400, 188107
     110359, 264.2445, 322.7865, 145.6796, 188132
     110562, 264.5021, 322.9507, 144.9144, 188159
     110562, 264.7236, 323.0521, 145.4571, 188186
     110562, 264.8840, 323.2829, 145.3615, 188211
     110562, 265.0699, 323.4007, 145.7504, 188237
     110562, 265.1670, 323.4788, 145.9415, 188263
     110562, 265.3576, 323.5228, 146.3059, 188289
     110562, 265.6591, 323.6794, 146.8150, 188333
     110562, 265.8466, 323.8202, 147.1963, 188359
     110765, 266.2194, 324.0772, 147.5506, 188385
     110765, 266.3681, 324.1316, 147.8399, 188411
     110765, 266.5277, 324.3273, 147.1442, 188440
     110765, 266.7981, 324.4479, 147.0415, 188466
     110765, 266.9140, 324.4806, 148.0056, 188493
     110765, 267.1630, 324.6661, 148.1740, 188520
     110968, 267.3035, 324.7854, 148.6569, 188557
     110968, 267.6760, 324.9384, 149.1730, 188583
     110968, 267.7756, 324.9885, 149.4571, 188609
     110968, 267.9903, 325.1451, 150.0583, 188634
     110968, 268.1093, 325.2153, 150.1557, 188660
     110968, 268.4180, 325.5193, 150.7236, 188685
     110968, 268.6662, 325.5432, 150.9569, 188712
     110968, 268.8011, 325.6191, 151.2814, 188737
     111171, 269.1291, 325.6835, 151.8529, 188764
     111171, 269.2590, 325.8141, 151.8277, 188795
     111171, 269.4750, 325.9197, 152.4294, 188819
     111171, 269.5869, 326.0773, 153.0410, 188846
     111171, 269.6949, 326.1048, 152.8456, 188872
     111171, 270.3399, 326.3665, 153.1380, 188926
     111375, 270.5934, 326.5453, 152.9914, 188954
     111375, 270.6383, 326.6004, 154.1253, 188981
     111375, 271.3471, 326.9590, 153.5499, 189056
     111375, 271.5638, 327.0572, 153.7052, 189082
     111375, 271.7092, 327.1030, 154.0537, 189109
     111375, 271.9488, 327.1651, 153.7818, 189136
     111578, 272.1964, 327.2489, 154.2122, 189161
     111578, 272.3934, 327.3363, 153.8907, 189187
     111578, 272.6329, 327.5844, 154.6293, 189212
     111578, 272.8402, 327.5836, 154.8990, 189238
     111578, 273.0525, 327.7235, 153.7888, 189265
     111578, 273.3605, 327.8948, 154.0657, 189295
     111578, 273.5071, 327.9904, 154.3122, 189322
     111765, 273.8278, 328.0315, 154.4695, 189349
     111765, 273.9508, 328.1564, 154.6728, 189375
     111765, 274.2260, 328.2363, 154.6295, 189403
     111765, 274.3801, 328.3168, 154.4212, 189429
     111765, 274.7513, 328.4348, 155.2658, 189458
     111765, 274.8778, 328.5250, 155.1787, 189489
     111765, 275.1822, 328.6401, 155.1351, 189516
     111875, 275.2820, 328.7911, 155.1612, 189543
     111875, 275.7366, 328.9334, 154.6584, 189571
     111875, 275.8541, 328.9804, 154.7771, 189598
     111875, 275.9867, 329.0652, 154.8175, 189624
     111875, 276.2777, 329.1498, 154.9602, 189649
     111875, 276.4098, 329.2248, 155.0614, 189676
     111875, 276.7389, 329.2812, 155.2203, 189710
     111875, 276.8245, 329.3149, 155.4812, 189735
     112078, 277.2004, 329.4761, 155.2286, 189762
     112078, 277.3914, 329.6713, 154.8810, 189787
     112078, 277.7035, 329.8783, 154.4413, 189815
     112078, 277.9034, 329.8913, 154.5597, 189841
     112078, 278.0182, 329.9621, 154.6416, 189868
     112281, 278.3238, 330.0792, 154.9097, 189894
     112281, 278.5199, 330.1645, 154.9200, 189920
     112281, 278.8799, 330.2605, 154.9748, 189951
     112281, 278.9701, 330.3188, 155.4675, 189977
     112281, 279.4745, 330.6400, 154.9360, 190032
     112468, 279.7245, 330.6700, 155.5830, 190060
     112468, 279.8366, 330.7082, 156.1198, 190087
     112468, 280.2802, 330.9702, 154.1822, 190114
     112484, 280.5095, 330.9691, 154.4920, 190140
     112484, 280.6362, 331.0510, 154.6535, 190181
     112484, 280.9279, 331.2222, 155.2804, 190209
     112484, 281.0474, 331.2641, 155.6837, 190236
     112671, 281.2425, 331.3447, 155.3852, 190263
     112671, 281.5484, 331.4501, 154.8917, 190288
     112671, 281.7048, 331.5411, 155.7313, 190314
     112671, 282.2039, 331.7972, 153.9905, 190340
     112671, 282.2520, 331.8133, 155.0204, 190366
     112671, 282.3584, 331.9301, 154.1070, 190394
     112671, 282.6775, 331.9876, 154.7218, 190431
     112703, 282.9622, 332.0911, 154.8709, 190459
     112703, 283.1423, 332.1977, 154.8318, 190486
     112703, 283.3921, 332.3332, 154.9804, 190513
     112703, 283.5666, 332.4745, 155.0752, 190539
     112703, 283.8351, 332.5234, 155.5383, 190566
     112703, 284.0271, 332.5535, 155.3862, 190591
     112703, 284.2441, 332.7577, 154.9241, 190618
     112703, 284.5890, 332.8456, 155.5789, 190648
     112703, 284.8349, 332.9865, 154.4427, 190675
     113078, 285.0035, 333.0906, 155.0987, 190701
     113078, 285.1127, 333.1424, 155.2188, 190728
     113078, 285.4005, 333.2476, 155.3062, 190754
     113078, 285.8781, 333.4610, 155.6208, 190806
     113078, 286.0910, 333.5561, 155.6220, 190832
     113078, 286.2662, 333.6822, 155.0160, 190868
     113281, 286.4050, 333.7484, 155.6261, 190894
     113281, 286.9337, 333.9852, 155.2855, 190920
     113281, 287.0816, 334.0633, 155.4166, 190946
     113281, 287.2594, 334.1539, 155.3013, 190973
     113281, 287.4998, 334.1383, 155.5500, 191000
     113281, 287.5885, 334.1850, 155.5066, 191027
     113468, 287.8715, 334.3622, 155.8208, 191053
     113468, 288.0682, 334.4126, 155.6177, 191079
     113468, 288.1835, 334.5580, 156.1143, 191127
     113468, 288.6577, 334.7536, 156.8248, 191154
     113468, 288.7758, 334.7636, 157.5234, 191179
     113468, 289.0299, 334.8930, 158.0244, 191206
     113468, 289.2779, 334.9951, 158.3006, 191232
     113578, 289.6149, 335.0996, 158.1910, 191258
     113578, 289.7924, 335.2728, 158.4891, 191284
     113578, 289.9287, 335.2400, 158.8762, 191310
     113578, 290.2085, 335.3372, 159.3940, 191336
     113578, 290.3210, 335.4007, 159.7356, 191363
     113578, 290.9479, 335.6756, 159.8789, 191417
     113781, 291.6459, 335.8794, 159.7591, 191494
     113781, 292.0053, 336.1077, 161.6729, 191545
     113984, 292.1508, 336.0691, 162.3167, 191578
     113984, 292.8445, 336.3651, 161.6376, 191631
     113984, 293.0257, 336.4038, 162.1604, 191658
     113984, 293.0927, 336.3764, 163.5178, 191684
     113984, 293.4453, 336.4578, 164.4707, 191710
     113984, 293.6572, 336.5493, 164.5453, 191736
     114171, 293.7953, 336.5870, 164.8359, 191761
     114171, 294.3168, 336.7602, 163.7882, 191788
     114171, 294.2810, 336.7267, 165.5734, 191830
     114171, 294.5595, 336.7310, 166.3114, 191855
     114171, 294.9394, 336.6736, 166.9736, 191882
     114171, 295.1756, 336.7969, 167.1551, 191908
     114187, 295.4711, 336.8713, 166.8865, 191935
     114281, 295.5606, 336.9606, 167.3712, 191961
     114281, 295.7499, 336.8597, 167.4058, 191987
     114281, 296.4352, 337.1846, 165.2458, 192012
     114281, 296.5199, 337.1488, 165.2672, 192047
     114281, 296.6340, 337.1854, 164.9213, 192073
     114281, 296.6623, 337.1922, 165.2004, 192098
     114281, 297.1350, 337.2564, 165.0587, 192124
     114281, 297.3467, 337.3000, 164.3206, 192150
     114484, 297.4113, 337.2671, 164.4118, 192176
     114484, 297.8773, 337.6059, 162.5344, 192203
     114484, 297.9220, 337.5130, 162.7983, 192229
     114484, 298.2508, 337.6701, 162.6514, 192256
     114687, 298.5160, 337.6322, 162.7497, 192293
     114687, 298.7884, 337.7398, 162.2131, 192319
     114687, 298.9170, 337.8652, 161.6932, 192344
     114687, 299.4534, 338.0373, 160.1219, 192395
     114687, 299.5476, 338.0226, 160.0378, 192423
     114687, 299.9904, 338.1013, 160.0603, 192449
     114687, 300.0712, 338.1318, 160.1017, 192476
     114890, 300.3245, 338.2559, 160.0457, 192509
     114890, 301.1558, 338.5507, 157.8427, 192562
     114890, 301.3141, 338.6248, 157.8794, 192589
     114890, 301.5240, 338.7312, 157.6090, 192616
     114890, 301.6466, 338.7905, 157.2946, 192642
     114890, 301.8749, 338.8451, 157.2887, 192669
     115093, 301.9766, 338.9064, 157.3223, 192696
     115093, 302.0639, 338.9734, 157.2502, 192723
     115093, 302.8257, 339.2567, 155.4621, 192785
     115093, 303.0210, 339.3349, 155.1739, 192812
     115093, 303.2996, 339.4996, 154.5223, 192838
     115093, 303.3829, 339.5379, 154.7331, 192864
     115281, 303.6373, 339.7201, 153.4916, 192890
     115281, 304.0229, 339.8184, 153.0851, 192917
     115281, 304.1586, 339.8743, 153.0516, 192943
     115281, 304.3560, 339.9867, 152.6772, 192987
     115281, 304.8160, 340.3417, 151.6672, 193014
     115281, 304.9487, 340.4219, 151.5666, 193040
     115390, 305.1283, 340.5146, 151.5308, 193066
     115390, 305.3076, 340.5740, 151.0550, 193093
     115390, 305.6581, 340.6800, 150.8794, 193119
     115390, 305.9573, 340.9021, 149.9078, 193170
     115390, 306.2362, 341.0446, 149.4253, 193200
     115390, 306.3552, 341.1227, 149.2747, 193227
     115390, 306.6284, 341.2801, 149.2461, 193252
     115593, 306.9200, 341.3124, 148.8061, 193279
     115593, 307.2452, 341.5862, 147.6183, 193305
     115593, 307.3607, 341.6543, 147.7327, 193332
     115593, 307.4584, 341.7057, 147.6881, 193359
     115796, 307.7274, 341.8718, 147.4530, 193386
     115796, 307.8595, 342.1075, 146.8322, 193412
     115796, 308.1226, 342.3064, 146.1017, 193441
     115796, 308.2908, 342.3966, 145.4292, 193468
     115796, 308.6395, 342.5292, 146.0046, 193496
     115796, 308.7656, 342.6131, 146.0276, 193522
     115796, 308.9361, 342.6946, 145.5145, 193549
     115890, 309.1622, 342.8201, 145.3018, 193575
     115890, 309.3037, 342.9738, 144.7853, 193603
     115890, 309.6740, 343.1554, 144.8605, 193629
     115890, 309.7475, 343.2009, 144.9772, 193658
     115890, 310.0481, 343.3686, 144.3493, 193684
     115890, 310.1861, 343.6010, 144.7198, 193710
     115890, 310.4311, 343.8100, 143.6323, 193737
     115890, 310.5491, 343.8706, 143.4889, 193764
     116093, 310.6753, 343.9903, 143.4697, 193791
     116093, 310.9540, 344.1917, 142.5981, 193817
     116093, 311.1932, 344.2476, 142.6101, 193842
     116093, 311.4185, 344.4999, 141.5599, 193868
     116203, 311.5428, 344.5808, 141.6644, 193902
     116203, 311.8284, 344.8622, 140.2425, 193928
     116203, 311.9304, 344.9329, 140.1602, 193954
     116203, 312.0314, 345.0125, 140.4398, 193981
     116203, 312.2616, 345.3348, 139.8885, 194007
     116203, 312.3608, 345.3869, 139.9398, 194034
     116203, 312.7585, 345.6959, 138.5345, 194061
     116203, 312.8879, 345.7710, 138.7046, 194088
     116406, 313.1335, 345.9669, 139.6606, 194115
     116406, 313.2186, 346.0489, 140.0449, 194153
     116593, 313.5809, 346.3645, 140.4211, 194206
     116593, 313.8840, 346.6161, 140.8915, 194232
     116593, 314.0033, 346.6894, 141.0045, 194259
     116593, 314.7023, 347.3302, 140.9393, 194341
     116796, 314.7821, 347.4091, 141.4993, 194394
     116796, 315.2602, 347.6485, 141.9765, 194419
     116796, 315.3316, 347.8324, 142.3343, 194445
     116796, 315.5281, 347.9466, 143.0846, 194472
     116796, 315.6466, 348.0185, 143.1968, 194498
     116796, 315.7688, 348.1182, 143.1953, 194524
     116796, 316.1504, 348.2586, 143.3787, 194550
     117000, 316.2165, 348.3235, 143.5395, 194576
     117000, 316.4695, 348.6607, 143.2664, 194603
     117000, 316.6355, 348.6977, 143.6991, 194641
     117000, 316.9264, 348.8852, 144.2625, 194667
     117000, 317.0933, 348.9507, 144.1225, 194693
     117000, 317.2395, 349.0695, 144.4095, 194720
     117000, 317.3459, 349.1515, 144.8360, 194748
     117109, 317.7069, 349.4405, 145.2520, 194773
     117109, 317.8251, 349.4924, 145.6862, 194799
     117109, 318.0292, 349.6322, 146.2027, 194824
     117109, 318.2714, 349.6947, 146.3843, 194851
     117109, 318.8390, 350.2314, 146.1944, 194920
     117109, 318.9454, 350.3444, 146.3516, 194946
     117109, 319.0471, 350.3908, 146.8854, 194972
     117109, 319.3278, 350.4737, 147.5635, 194999
     117296, 319.4627, 350.5858, 147.9807, 195024
     117296, 319.6573, 350.6749, 147.9254, 195051
     117296, 319.9788, 350.9297, 148.7801, 195075
     117406, 320.1295, 351.0005, 148.8641, 195108
     117406, 320.3809, 351.1693, 149.4073, 195134
     117406, 320.4678, 351.2001, 149.7465, 195160
     117406, 320.9292, 351.4600, 151.3264, 195214
     117406, 321.3188, 351.6565, 151.9041, 195241
     117406, 321.4199, 351.7148, 151.7768, 195269
     117406, 321.8529, 352.0624, 150.0395, 195294
     117593, 322.0115, 352.1453, 150.0902, 195321
     117593, 322.0943, 352.2067, 149.9263, 195351
     117703, 322.2400, 352.2756, 150.0419, 195377
     117703, 322.3490, 352.2931, 149.9841, 195403
     117703, 323.1245, 352.8164, 148.2169, 195456
     117703, 323.3420, 352.9632, 148.1894, 195482
     117703, 323.4149, 353.0058, 148.2857, 195509
     117703, 323.5114, 353.0708, 148.2243, 195535
     117703, 323.8025, 353.2880, 147.4969, 195562
     117906, 324.0341, 353.4538, 146.9370, 195593
     117906, 324.4010, 353.6190, 146.9793, 195619
     117906, 324.5427, 353.6999, 146.5312, 195646
     117906, 324.6134, 353.7292, 146.4080, 195672
     118109, 324.8280, 353.8730, 145.5292, 195699
     118109, 325.0037, 354.0735, 145.3311, 195725
     118109, 325.3110, 354.3565, 144.8388, 195752
     118109, 325.3746, 354.4050, 145.0871, 195781
     118109, 326.0897, 354.8730, 143.8896, 195841
     118109, 326.2008, 354.9373, 143.9896, 195868
     118312, 326.2904, 355.0268, 143.9343, 195895
     118312, 326.5310, 355.2054, 144.3949, 195921
     118312, 326.9186, 355.4083, 144.1417, 195975
     118312, 327.1031, 355.4983, 144.3203, 196001
     118312, 327.2516, 355.7663, 143.5826, 196026
     118312, 327.4846, 355.9315, 143.8547, 196053
     118312, 327.6078, 355.9677, 143.6372, 196080
     118312, 327.8970, 356.0961, 143.8949, 196106
     118515, 328.0418, 356.1905, 143.9087, 196134
     118515, 328.2794, 356.3698, 143.9761, 196160
     118515, 328.4012, 356.5263, 143.0507, 196186
     118515, 328.4832, 356.5613, 143.2795, 196212
     118515, 328.9221, 356.9157, 142.9829, 196238
     118515, 328.9910, 356.9553, 143.1590, 196269
     118718, 329.2797, 357.1757, 142.9229, 196296
     118718, 329.3663, 357.2288, 143.1614, 196321
     118718, 329.7287, 357.5747, 142.7113, 196374
     118718, 329.9700, 357.6337, 142.6782, 196400
     118718, 330.2415, 357.9581, 142.9059, 196426
     118718, 330.3465, 358.0101, 142.7859, 196452
     118718, 330.6884, 358.3415, 141.5883, 196501
     118906, 330.8637, 358.4287, 142.5281, 196527
     118906, 331.1686, 358.5921, 143.1218, 196555
     118921, 331.2708, 358.7693, 143.3040, 196580
     118921, 331.3452, 358.8741, 143.9049, 196606
     118921, 331.7056, 359.0089, 144.3080, 196631
     118921, 331.7723, 359.0703, 144.2866, 196659
     119109, 332.0340, 359.3855, 144.4416, 196685
     119109, 332.1523, 359.4483, 144.6077, 196711
     119109, 332.3210, 359.5206, 144.7666, 196757
     119109, 332.9082, 359.9097, 144.8354, 196811
     119109, 332.9987, 359.9338, 146.3310, 196837
     119109, 333.3043, 360.2223, 145.7948, 196864
     119109, 333.4566, 360.2139, 146.7342, 196891
     119218, 333.7384, 360.4886, 146.5596, 196918
     119218, 333.8107, 360.5147, 146.8119, 196944
     119218, 334.1115, 360.6095, 147.2388, 196977
     119218, 334.3452, 360.8784, 148.2283, 197003
     119218, 334.4477, 360.9451, 148.5137, 197029
     119218, 334.8412, 361.1207, 149.5749, 197082
     119406, 335.0078, 361.1845, 149.5021, 197109
     119406, 335.1462, 361.2545, 149.7380, 197134
     119406, 335.4049, 361.4266, 150.3157, 197161
     119406, 335.5602, 361.5848, 150.4322, 197201
     119515, 335.8757, 361.6834, 151.0596, 197229
     119515, 336.1329, 361.8580, 150.9929, 197255
     119515, 336.3234, 361.8762, 151.4959, 197282
     119515, 336.7057, 362.1265, 150.9732, 197307
     119515, 336.8257, 362.2383, 151.2845, 197333
     119515, 336.9104, 362.3482, 151.8383, 197358
     119515, 337.2741, 362.4331, 152.1130, 197384
     119718, 337.3494, 362.4794, 152.4834, 197411
     119921, 338.0807, 362.7951, 153.3876, 197510
     119921, 338.3245, 362.8991, 153.8343, 197537
     119921, 338.4971, 363.0249, 154.2327, 197563
     119921, 338.8138, 363.1329, 154.8605, 197591
     119921, 339.1544, 363.2762, 155.5747, 197642
     119921, 339.3260, 363.4261, 155.7854, 197671
     120125, 339.9429, 363.6154, 155.4308, 197722
     120125, 340.6096, 363.9114, 154.6215, 197800
     120125, 340.7327, 364.0365, 154.7552, 197826
     120125, 341.1843, 364.2057, 155.1168, 197878
     120328, 341.7551, 364.4422, 156.2368, 197947
     120328, 341.9622, 364.5146, 155.7329, 197974
     120328, 342.3089, 364.7443, 155.6821, 198000
     120328, 342.5532, 364.7894, 156.1770, 198028
     120328, 342.6115, 364.8102, 156.5392, 198055
     120328, 342.8529, 364.9406, 157.1147, 198083
     120328, 342.9749, 364.9507, 157.3954, 198110
     120515, 343.2924, 365.0643, 158.2446, 198158
     120515, 343.5985, 365.1848, 158.1114, 198184
     120531, 343.8707, 365.3225, 158.7025, 198211
     120531, 344.2167, 365.4093, 157.6064, 198237
     120718, 344.9903, 365.7290, 157.7045, 198343
     120718, 345.1173, 365.8228, 157.5503, 198369
     120718, 345.8204, 366.0575, 155.8247, 198433
     120718, 346.2186, 366.2602, 155.8133, 198487
     120921, 346.3435, 366.3417, 155.5153, 198515
     120921, 346.4985, 366.4086, 155.0564, 198540
     120921, 346.8423, 366.5161, 155.1588, 198568
     120921, 346.9744, 366.5217, 155.1292, 198594
     120921, 347.2925, 366.7398, 153.6018, 198625
     120921, 347.4204, 366.8808, 153.5676, 198652
     120921, 347.7556, 366.9893, 153.3029, 198678
     121031, 347.8665, 367.0330, 153.3776, 198705
     121031, 348.3948, 367.2743, 151.5118, 198758
     121031, 348.5867, 367.4469, 151.4041, 198784
     121031, 348.8096, 367.6130, 151.5000, 198810
     121031, 348.9742, 367.6778, 151.2590, 198836
     121031, 349.2225, 367.8255, 150.6313, 198868
     121031, 349.4277, 367.9632, 149.5838, 198895
     121234, 349.7432, 368.1075, 149.7367, 198921
     121234, 350.0815, 368.3146, 148.6804, 198974
     121421, 350.2946, 368.4262, 148.9585, 199000
     121421, 350.4714, 368.5773, 147.9396, 199025
     121421, 350.7383, 368.7652, 147.7930, 199052
     121421, 350.8924, 368.8371, 147.2379, 199080
     121421, 351.2648, 369.1142, 147.2436, 199107
     121421, 351.4266, 369.1792, 147.1807, 199133
     121421, 351.7941, 369.4991, 146.1732, 199185
     121421, 351.9016, 369.5585, 146.1540, 199211
     121625, 352.0612, 369.6409, 146.1189, 199237
     121625, 352.5617, 370.0427, 144.5510, 199308
     121625, 353.0284, 370.2712, 143.9982, 199334
     121625, 353.1060, 370.4662, 143.8281, 199362
     121625, 353.4216, 370.7368, 142.7619, 199387
     121828, 353.5241, 370.6859, 142.7593, 199414
     121828, 353.6939, 370.9147, 142.7626, 199439
     121828, 353.9122, 371.0961, 142.5792, 199466
     121828, 354.0855, 371.3267, 141.3613, 199492
     121828, 354.1988, 371.3823, 141.2094, 199519
     121828, 354.5240, 371.5218, 140.8164, 199558
     121828, 354.8510, 371.8413, 139.7619, 199585
     121828, 354.9726, 371.9217, 139.7924, 199610
     121937, 355.2038, 372.1113, 138.8570, 199636
     121937, 355.2805, 372.1800, 138.5564, 199662
     121937, 355.5357, 372.5899, 137.6578, 199688
     121937, 355.6713, 372.6908, 137.6147, 199714
     121937, 355.8263, 372.8107, 137.0309, 199740
     121937, 356.0271, 373.0070, 136.6992, 199773
     121937, 356.4797, 373.3629, 137.2082, 199825
     122125, 356.6011, 373.4562, 137.2856, 199853
     122125, 356.8202, 373.6038, 137.3928, 199878
     122125, 356.9679, 373.7607, 137.5134, 199904
     122234, 357.0604, 373.8609, 138.0405, 199930
     122234, 357.2996, 374.0084, 138.5091, 199957
     122234, 357.3785, 374.1310, 138.7714, 199984
     122234, 357.5315, 374.2697, 139.4030, 200016
     122234, 357.7336, 374.4356, 139.7685, 200041
     122234, 358.1422, 374.8437, 138.9249, 200092
     122437, 358.2901, 374.9710, 139.3038, 200118
     122437, 358.4919, 375.1287, 139.5594, 200144
     122437, 358.6115, 375.2800, 140.1830, 200171
     122437, 358.8286, 375.4409, 140.6788, 200198
     122640, 358.9684, 375.5787, 140.8089, 200228
     122640, 359.3182, 375.7021, 140.9014, 200255
     122640, 359.3468, 375.7545, 141.3938, 200281
     122640, 359.8155, 376.2467, 140.8568, 200334
     122640, 359.9386, 376.3294, 141.3562, 200361
     122640, 360.1236, 376.4984, 141.7009, 200387
     122640, 360.3013, 376.5404, 142.1999, 200414
     122828, 360.6142, 376.8504, 142.5138, 200458
     122828, 360.8603, 377.0325, 142.8518, 200484
     122828, 361.1006, 377.1074, 143.1728, 200510
     122828, 361.3132, 377.2796, 143.5808, 200536
     122828, 361.5096, 377.4841, 143.0033, 200562
     122937, 361.9878, 377.8413, 143.6639, 200639
     122937, 362.1559, 377.9743, 144.1107, 200666
     122937, 362.3587, 378.0501, 144.4555, 200693
     122937, 362.4489, 378.2152, 145.2255, 200719
     122937, 362.7710, 378.4234, 145.9358, 200747
     122937, 362.8299, 378.4643, 145.8934, 200773
     122937, 363.0965, 378.6247, 146.1715, 200799
     123125, 363.2594, 378.6489, 146.6741, 200826
     123125, 363.4511, 378.7434, 146.9239, 200851
     123125, 363.7016, 378.8948, 147.4743, 200878
     123234, 363.7834, 379.0795, 147.5466, 200910
     123234, 364.0577, 379.1461, 148.3006, 200936
     123234, 364.2337, 379.2964, 148.1360, 200962
     123234, 364.5898, 379.5327, 147.5837, 200989
     123234, 364.6712, 379.5728, 147.6946, 201015
     123234, 364.9772, 379.8092, 148.0558, 201041
     123234, 365.1049, 379.7908, 147.6918, 201067
     123234, 365.2647, 379.9854, 148.0124, 201091
     123437, 365.5620, 380.1438, 147.8169, 201118
     123437, 365.7251, 380.1867, 147.9602, 201162
     123437, 365.8919, 380.3410, 147.7236, 201188
     123546, 366.2891, 380.5119, 147.5055, 201213
     123546, 366.4152, 380.5554, 147.5146, 201240
     123546, 366.8548, 380.8662, 148.1127, 201318
     123546, 367.2265, 381.1185, 148.4140, 201343
     123546, 367.3616, 381.2002, 148.1226, 201379
     123546, 367.7241, 381.4862, 147.7160, 201404
     123734, 367.8463, 381.5407, 147.5284, 201431
     123734, 368.1752, 381.6507, 147.9349, 201457
     123750, 368.2236, 381.7031, 148.1663, 201484
     123750, 368.5420, 381.9725, 147.9899, 201510
     123937, 368.7643, 382.1326, 148.5138, 201564
     123937, 369.0671, 382.3349, 147.9813, 201599
     123937, 369.4375, 382.4668, 147.1393, 201628
     123937, 369.5459, 382.5696, 147.3104, 201654
     123937, 369.8594, 382.7061, 147.1030, 201682
     123937, 369.9696, 382.9441, 147.1283, 201709
     123937, 370.3212, 383.0631, 146.7780, 201737
     124125, 370.4374, 383.1275, 146.8325, 201763
     124125, 370.6366, 383.3111, 146.0072, 201790
     124125, 370.8739, 383.4714, 146.3073, 201817
     124125, 371.0041, 383.5503, 146.2581, 201861
     124125, 371.4828, 383.7284, 146.4051, 201889
     124125, 371.6780, 383.9283, 145.4231, 201915
     124250, 371.7087, 383.8992, 146.6794, 201942
     124250, 371.9684, 384.2800, 145.7569, 201969
     124250, 372.1274, 384.3440, 145.7139, 201995
     124250, 372.3464, 384.5076, 145.8227, 202021
     124250, 372.5877, 384.5483, 145.5589, 202046
     124250, 372.7623, 384.6818, 145.9592, 202073
     124250, 372.8566, 384.7378, 146.0216, 202100
     124453, 372.9815, 384.8733, 145.6702, 202127
     124453, 373.3135, 385.1077, 144.6667, 202153
     124453, 373.4391, 385.3043, 145.0002, 202180
     124453, 373.6973, 385.4425, 141.2883, 202232
     124640, 373.7529, 385.4813, 140.5979, 202259
     124640, 374.0798, 385.7774, 137.9988, 202315
     124640, 374.3946, 386.1515, 136.3002, 202342
     124640, 374.4920, 386.2811, 135.6121, 202369
     124640, 374.6823, 386.4612, 134.6429, 202396
     124843, 374.8576, 386.6318, 132.9200, 202422
     124843, 374.9738, 386.7584, 132.4541, 202447
     124843, 375.1886, 387.0156, 131.2797, 202474
     124843, 375.1591, 387.2063, 129.7654, 202499
     124843, 375.3853, 387.4118, 128.6552, 202526
     124843, 375.4588, 387.6390, 127.3765, 202608
     125046, 375.8279, 388.1798, 124.2726, 202635
     125046, 375.9963, 388.5224, 122.1863, 202662
     125046, 376.1375, 388.6875, 121.1443, 202688
     125046, 376.2230, 388.8872, 120.6731, 202714
     125046, 376.2467, 389.0965, 119.4240, 202740
     125046, 376.3933, 389.2509, 117.8075, 202765
     125046, 376.5639, 389.6634, 116.3682, 202791
     125046, 376.5825, 389.7458, 115.4978, 202833
     125156, 376.6577, 390.0754, 114.1299, 202860
     125156, 376.7743, 390.4319, 112.5213, 202885
     125156, 376.8562, 390.6792, 110.9144, 202911
     125156, 376.8970, 390.8585, 110.3762, 202938
     125156, 376.8873, 390.9361, 109.9172, 202964
     125156, 377.0495, 391.2662, 107.5123, 202990
     125156, 377.2168, 391.5792, 106.7804, 203016
     125343, 377.1971, 391.7834, 105.7612, 203041
     125343, 377.3210, 392.0248, 103.8672, 203082
     125359, 377.3179, 392.4973, 101.4973, 203109
     125546, 377.2855, 392.6834, 100.3735, 203135
     125546, 377.3081, 392.8145, 100.2387, 203162
     125546, 377.5995, 393.5917, 95.2628, 203240
     125546, 377.5061, 393.8151, 95.1082, 203266
     125546, 377.3557, 393.9658, 94.0425, 203291
     125656, 377.1989, 394.9403, 88.4465, 203364
     125656, 377.1961, 395.3382, 85.4953, 203388
     125656, 377.3613, 395.4853, 85.1021, 203414
     125656, 377.3427, 395.7558, 82.5918, 203438
     125656, 377.0517, 396.2106, 79.1309, 203490
     125656, 377.0782, 396.3645, 78.1966, 203515
     125656, 376.9932, 396.7828, 75.1723, 203546
     125859, 377.0347, 396.9750, 74.2506, 203572
     125859, 376.8864, 397.3325, 72.0945, 203598
     125859, 376.7153, 397.4422, 70.4365, 203624
     126062, 376.6169, 397.8004, 68.3085, 203651
     126062, 376.4743, 398.0185, 66.7979, 203678
     126062, 376.5218, 398.3034, 66.9944, 203704
     126062, 376.2630, 398.6773, 67.4836, 203730
     126062, 376.3039, 398.7859, 66.9453, 203757
     126062, 376.1680, 399.0948, 66.6808, 203791
     126062, 376.1149, 399.2041, 66.4943, 203817
     126250, 375.9257, 399.6164, 64.5299, 203843
     126250, 375.9102, 399.7577, 64.0921, 203869
     126250, 375.8122, 400.0403, 63.3210, 203894
     126250, 375.6151, 400.2386, 61.9010, 203920
     126250, 375.5907, 400.2918, 62.7330, 203945
     126250, 375.4241, 400.6786, 61.4767, 203971
     126250, 375.3361, 400.8545, 61.9152, 204002
     126250, 375.2197, 401.0801, 62.5379, 204027
     126453, 375.1938, 401.1775, 62.8981, 204055
     126453, 375.1124, 401.2730, 63.1664, 204082
     126453, 375.0884, 401.5078, 64.9540, 204110
     126453, 375.0910, 401.5204, 65.0531, 204136
     126453, 375.0298, 401.5218, 65.1686, 204163
     126453, 375.0164, 401.5316, 65.1208, 204189
     126453, 374.9572, 401.4939, 65.3367, 204231
     126562, 374.8900, 401.5484, 64.7751, 204259
     126562, 374.7801, 401.5823, 64.8888, 204285
     126562, 374.7696, 401.5785, 64.9415, 204312
     126562, 374.7615, 401.5733, 64.9455, 204339
     126562, 374.7384, 401.5648, 65.0190, 204366
     126562, 374.7119, 401.5667, 65.1677, 204392
     126562, 374.7026, 401.5470, 65.2600, 204419
     126562, 374.7023, 401.5436, 65.3483, 204444
     126750, 374.6850, 401.5339, 65.3384, 204488
     126750, 374.6243, 401.5439, 65.4998, 204516
     126859, 374.6005, 401.5281, 65.5932, 204542
     126859, 374.6123, 401.5240, 65.8165, 204569
     126859, 374.6095, 401.5198, 65.8134, 204594
     126859, 374.5618, 401.4328, 66.6601, 204619
     126859, 374.6611, 401.3073, 69.2083, 204645
     126859, 374.6283, 401.3419, 69.7949, 204671
     126859, 374.5760, 401.3602, 70.4107, 204699
     126859, 374.5300, 401.3493, 70.6539, 204726
     127062, 374.5280, 401.3597, 70.8431, 204753
     127062, 374.5442, 401.3726, 70.6629, 204779
     127062, 374.5207, 401.3767, 70.8119, 204806
     127156, 374.5217, 401.3815, 70.7364, 204832
     127156, 374.3820, 401.5328, 68.7771, 204858
     127156, 374.4988, 401.3731, 70.8273, 204885
     127156, 374.4780, 401.3801, 70.8669, 204912
     127156, 374.4606, 401.3767, 70.9398, 204946
     127156, 374.4441, 401.3751, 71.0217, 204973
     127156, 374.3856, 401.4233, 70.9366, 204999
     127156, 374.4576, 401.4904, 71.2424, 205026
     127156, 374.4335, 401.3752, 71.2673, 205053
     127359, 374.3911, 401.3815, 70.9505, 205080
     127359, 374.4139, 401.3575, 71.3007, 205107
     127359, 374.4449, 401.5280, 70.9772, 205134
     127468, 374.3501, 401.3861, 71.3971, 205162
     127468, 374.3392, 401.4041, 71.2148, 205195
     127468, 374.3254, 401.4038, 71.1951, 205223
     127468, 374.3211, 401.4232, 71.0043, 205250
     127468, 374.3268, 401.4118, 71.1595, 205276
     127468, 374.3096, 401.4307, 71.0611, 205304
     127468, 374.3273, 401.4082, 71.1329, 205330
     127656, 374.3188, 401.4183, 70.9726, 205358
     127765, 374.3280, 401.3919, 71.0817, 205447
     127765, 374.3310, 401.4093, 71.0707, 205473
     127765, 374.3141, 401.3978, 71.0738, 205499
     127765, 374.3314, 401.4044, 70.9613, 205526
     127765, 374.3180, 401.3980, 71.0555, 205553
     127765, 374.2964, 401.4113, 71.0179, 205579
     127765, 374.3105, 401.4149, 71.1231, 205606
     127765, 374.3206, 401.4161, 71.1263, 205631
     127968, 374.3233, 401.4006, 71.0695, 205661
     127968, 374.3109, 401.3834, 71.0988, 205688
     127968, 374.3021, 401.4141, 71.1055, 205715
     128171, 374.2887, 401.3913, 71.2878, 205741
     128171, 374.3072, 401.3780, 71.2093, 205769
     128171, 374.2994, 401.3859, 71.1623, 205796
     128171, 374.3603, 401.4472, 71.3324, 205823
     128171, 374.2969, 401.3855, 71.3442, 205850
     128171, 374.3014, 401.3886, 71.2632, 205901
     128171, 374.3100, 401.3837, 71.1749, 205928
     128359, 374.3065, 401.3765, 71.1861, 205955
     128359, 374.3004, 401.3843, 71.0931, 205982
     128359, 374.3183, 401.3922, 71.1518, 206009
     128359, 374.3053, 401.3976, 71.0701, 206036
     128359, 374.2829, 401.3610, 71.2625, 206066
     128359, 374.2936, 401.3673, 71.3287, 206092
     128359, 374.2924, 401.3681, 71.2261, 206118
     128468, 374.3049, 401.3894, 71.1667, 206149
     128468, 374.3009, 401.3863, 71.1197, 206176
     128468, 374.3019, 401.3863, 71.1436, 206202
     128468, 374.3122, 401.3732, 71.1061, 206228
     128468, 374.3009, 401.3768, 71.0878, 206255
     128468, 374.2970, 401.3527, 71.2433, 206281
     128468, 374.3654, 401.3213, 71.1640, 206308
     128468, 374.3032, 401.3658, 71.0909, 206334
     128468, 374.3505, 401.3356, 71.1170, 206365
     128671, 374.2856, 401.3622, 71.1136, 206392
     128671, 374.3350, 401.3124, 71.0887, 206420
     128765, 374.2640, 401.3610, 70.9882, 206447
     128765, 374.2575, 401.3501, 71.0899, 206474
     128765, 374.2520, 401.3515, 71.0165, 206502
     128765, 374.2273, 401.3542, 70.7485, 206529
     128765, 374.2434, 401.3547, 70.9337, 206555
     128765, 374.2127, 401.3629, 70.7677, 206581
     128765, 374.2115, 401.3550, 70.6436, 206611
     128765, 374.2171, 401.3566, 70.8346, 206637
     128968, 374.2251, 401.3643, 70.5518, 206665
     128968, 374.1169, 401.4583, 69.1401, 206690
     128968, 374.1887, 401.3434, 70.4641, 206718
     129078, 374.2048, 401.3713, 70.3120, 206745
     129078, 374.0809, 401.4322, 68.9254, 206800
     129078, 374.0611, 401.4437, 68.8397, 206829
     129078, 374.0631, 401.4473, 68.9237, 206857
     129078, 374.0534, 401.4096, 69.0396, 206882
     129078, 374.0148, 401.4203, 68.8974, 206909
     129078, 374.0244, 401.4546, 68.7162, 206935
     129265, 373.9970, 401.4306, 68.8522, 206963
     129265, 373.9809, 401.4147, 69.0286, 206991
     129265, 373.9643, 401.4343, 68.7781, 207018
     129375, 373.9607, 401.4201, 69.0705, 207054
     129375, 373.9372, 401.4304, 68.9747, 207081
     129375, 373.9139, 401.4123, 69.1057, 207108
     129375, 373.9257, 401.4327, 68.9931, 207135
     129375, 373.9009, 401.4260, 69.0785, 207162
     129375, 373.8810, 401.4362, 69.1159, 207188
     129375, 373.8908, 401.4360, 69.1475, 207214
     129375, 373.8807, 401.4577, 69.0435, 207241
     129578, 373.8693, 401.4342, 69.1650, 207268
     129578, 373.8526, 401.4062, 69.8127, 207310
     129578, 373.9856, 401.3811, 72.7686, 207335
     129781, 373.9239, 401.3611, 73.7000, 207362
     129781, 373.8596, 401.4101, 74.7988, 207388
     129781, 373.7328, 401.4517, 75.0254, 207415
     129781, 373.7546, 401.4821, 74.8564, 207441
     129781, 373.6622, 401.6115, 72.9428, 207466
     129781, 373.7561, 401.4597, 75.0025, 207492
     129781, 373.8440, 401.4268, 75.0195, 207563
     129984, 373.7469, 401.4663, 75.3091, 207592
     129984, 373.7632, 401.4836, 75.5067, 207618
     129984, 373.7742, 401.4632, 75.8052, 207645
     129984, 373.7931, 401.4677, 76.2251, 207700
     130187, 373.8321, 401.2626, 79.7754, 207813
     130187, 373.9010, 401.3005, 79.8832, 207839
     130187, 373.9455, 401.3545, 80.4385, 207866
     130187, 373.9357, 401.3583, 80.6287, 207891
     130187, 373.8967, 401.3302, 80.8636, 207917
     130187, 373.8550, 401.5391, 78.5925, 207943
     130375, 373.8739, 401.3741, 81.0966, 207970
     130375, 373.9298, 401.3510, 81.0709, 207996
     130375, 373.9142, 401.3472, 81.1666, 208026
     130375, 373.9253, 401.3559, 81.0667, 208079
     130375, 373.9204, 401.3484, 80.8582, 208106
     130375, 373.9336, 401.3382, 80.9633, 208133
     130484, 373.9399, 401.3565, 80.9823, 208160
     130484, 373.9485, 401.3407, 81.0429, 208186
     130484, 373.9391, 401.3608, 81.0369, 208213
     130484, 373.9361, 401.3494, 81.1397, 208239
     130484, 373.9341, 401.3529, 81.0344, 208271
     130484, 373.9541, 401.3702, 81.0266, 208297
     130484, 373.9278, 401.3605, 81.0277, 208324
     130484, 373.9404, 401.3498, 81.1760, 208349
     130671, 373.9707, 401.3652, 81.1175, 208375
     130671, 373.9095, 401.3437, 81.0548, 208401
     130671, 373.9294, 401.3648, 80.7869, 208428
     130781, 373.9096, 401.3241, 81.2821, 208454
     130781, 373.9347, 401.3507, 81.0771, 208486
     130781, 373.9437, 401.3547, 81.1000, 208512
     130781, 373.9434, 401.3542, 81.0851, 208537
     130781, 374.1543, 401.2027, 82.6204, 208563
     130781, 373.9390, 401.3566, 80.9616, 208589
     130781, 373.9291, 401.3634, 80.9698, 208617
     130781, 373.9180, 401.3759, 80.7148, 208643
     130984, 373.9387, 401.3741, 80.9408, 208669
     130984, 373.9348, 401.3551, 81.0218, 208739
     131187, 373.9223, 401.3530, 81.0394, 208766
     131187, 373.9392, 401.3421, 80.9950, 208792
     131187, 373.9075, 401.3393, 81.1382, 208819
     131187, 373.9403, 401.3873, 80.7034, 208845
     131187, 373.9268, 401.3324, 81.2715, 208870
     131187, 373.9108, 401.3399, 81.2359, 208902
     131187, 373.9303, 401.3471, 81.0276, 208928
     131187, 373.9467, 401.3502, 81.0110, 208955
     131390, 373.9338, 401.3546, 80.8002, 208982
     131390, 373.9359, 401.3541, 80.9069, 209007
     131390, 373.9355, 401.3613, 80.8113, 209035
     131390, 373.9120, 401.3388, 81.0199, 209060
     131390, 373.9249, 401.3253, 81.0592, 209087
     131390, 373.9382, 401.3404, 80.8406, 209142
     131390, 373.9483, 401.3175, 80.9408, 209168
     131593, 373.9559, 401.3244, 80.7900, 209194
     131593, 373.9587, 401.3488, 80.8807, 209221
     131593, 374.0564, 401.2425, 80.6437, 209247
     131593, 373.9690, 401.3335, 80.7946, 209278
     131593, 373.9565, 401.3177, 80.8894, 209303
     131593, 373.9598, 401.3194, 80.9601, 209332
     131781, 373.9703, 401.3368, 80.8083, 209359
     131781, 373.9555, 401.3373, 80.7596, 209386
     131796, 373.9786, 401.3271, 80.9386, 209438
     131796, 373.9471, 401.3283, 80.8584, 209466
     131796, 373.9415, 401.3001, 81.0740, 209493
     131796, 373.9320, 401.3142, 81.1122, 209534
     131984, 373.9541, 401.3178, 81.1395, 209560
     131984, 373.9022, 401.3059, 81.1613, 209587
     131984, 373.9112, 401.3095, 80.9765, 209613
     131984, 373.8927, 401.3059, 81.1108, 209641
     131984, 373.8876, 401.3069, 81.2795, 209667
     131984, 373.8856, 401.3107, 81.0350, 209694
     131984, 373.8704, 401.3152, 81.0755, 209721
     131984, 373.8763, 401.2964, 81.2825, 209747
     132187, 373.8426, 401.2827, 81.4026, 209782
     132187, 373.8558, 401.2926, 81.4570, 209810
     132187, 373.8585, 401.2962, 81.4560, 209837
     132187, 373.8348, 401.2778, 81.5150, 209864
     132187, 373.8390, 401.3013, 81.5167, 209891
     132187, 373.8255, 401.2714, 81.6376, 209918
     132187, 373.7213, 401.3689, 81.7163, 209944
     132390, 373.7189, 401.3678, 81.7120, 209970
     132390, 373.7313, 401.3921, 81.5551, 209997
     132390, 373.7342, 401.3714, 81.6028, 210033
     132390, 373.7746, 401.3664, 81.6599, 210060
     132390, 373.8642, 401.3016, 81.6867, 210086
     132390, 373.8499, 401.3119, 81.6154, 210113
     132593, 373.7902, 401.2891, 81.6881, 210167
     132593, 373.7266, 401.3678, 81.6888, 210193
     132593, 373.7080, 401.3445, 81.7301, 210219
     132593, 373.7026, 401.3515, 81.6350, 210263
     132593, 373.7561, 401.3786, 81.7773, 210289
     132593, 373.7868, 401.2873, 82.4370, 210315
     132593, 373.7503, 401.3620, 81.9013, 210342
     132796, 373.7088, 401.3828, 81.7046, 210369
     132796, 373.7623, 401.3677, 81.7325, 210396
     132796, 373.7266, 401.3586, 81.7538, 210422
     132796, 373.8181, 401.2862, 81.6228, 210449
     132796, 373.8528, 401.3105, 81.5866, 210476
     132796, 373.8609, 401.2977, 81.6946, 210523
     132796, 373.8299, 401.3047, 81.6219, 210550
     132984, 373.6584, 401.5858, 79.0296, 210577
     132984, 373.8506, 401.2769, 81.6654, 210604
     132984, 373.8380, 401.2936, 81.6967, 210633
     132984, 373.6595, 401.4001, 81.5497, 210660
     132984, 373.8088, 401.2950, 81.6225, 210688
     132984, 373.7227, 401.3524, 81.6083, 210714
     132984, 373.6482, 401.4117, 81.5127, 210741
     133093, 373.9200, 401.3364, 81.3839, 210775
     133093, 373.6662, 401.4053, 81.5892, 210802
     133093, 373.6776, 401.3814, 81.5975, 210829
     133093, 373.7297, 401.3810, 81.6750, 210855
     133093, 373.7667, 401.3753, 81.7311, 210882
     133093, 373.8093, 401.2550, 81.7593, 210909
     133093, 373.7682, 401.3732, 81.5868, 210936
     133093, 373.7204, 401.3634, 81.7018, 210962
     133093, 373.8107, 401.2800, 81.6775, 210991
     133296, 373.8602, 401.3168, 81.3792, 211028
     133296, 373.8375, 401.2794, 81.6362, 211054
     133484, 373.8214, 401.2801, 81.6224, 211080
     133484, 373.8121, 401.3027, 81.3922, 211106
     133484, 373.8305, 401.2928, 81.5482, 211159
     133484, 373.7617, 401.3612, 81.5720, 211186
     133484, 373.8337, 401.2920, 81.5664, 211212
     133484, 373.7384, 401.3542, 81.6882, 211245
     133593, 373.8267, 401.3068, 81.5565, 211273
     133593, 373.7314, 401.4873, 79.1630, 211300
     133593, 373.8654, 401.2875, 81.7192, 211325
     133593, 373.7353, 401.3661, 81.6276, 211354
     133593, 373.7510, 401.3657, 81.4648, 211379
     133593, 373.6856, 401.3780, 81.6448, 211405
     133593, 373.8276, 401.2920, 81.5810, 211430
     133609, 373.7919, 401.3565, 81.6131, 211458
     133796, 373.7548, 401.3439, 81.6473, 211495
     133796, 373.7508, 401.3562, 81.4517, 211521
     133796, 373.8436, 401.2781, 81.5942, 211548
     134000, 373.8616, 401.2924, 81.5824, 211576
     134000, 373.7632, 401.3593, 81.5401, 211602
     134000, 373.7841, 401.3739, 81.4851, 211628
     134000, 373.7829, 401.3512, 81.6519, 211655
     134000, 373.7624, 401.3770, 81.5404, 211708
     134000, 373.8326, 401.2897, 81.5765, 211744
     134000, 373.8957, 401.3060, 81.6030, 211771
     134203, 373.8085, 401.4004, 81.2358, 211800
     134203, 373.8572, 401.3202, 81.4174, 211828
     134203, 373.8788, 401.3195, 81.3534, 211856
     134203, 373.8704, 401.3206, 81.3591, 211884
     134203, 373.8976, 401.3101, 81.4376, 211911
     134203, 373.8760, 401.3141, 81.3546, 211937
     134203, 373.8886, 401.3143, 81.4413, 211963
     134406, 373.9009, 401.3250, 81.1913, 211999
     134406, 373.9103, 401.3352, 81.0250, 212026
     134406, 373.8960, 401.3102, 81.3496, 212053
     134406, 373.9132, 401.3208, 81.2870, 212078
     134406, 373.9042, 401.3269, 81.1195, 212106
     134406, 373.9081, 401.3230, 81.1512, 212132
     134406, 373.9204, 401.3288, 81.1207, 212159
     134609, 373.9093, 401.3350, 81.0078, 212185
     134609, 373.8964, 401.3097, 81.0628, 212223
     134609, 373.9224, 401.3304, 80.9632, 212250
     134609, 373.8790, 401.3050, 81.0724, 212278
     134609, 373.8860, 401.2821, 81.4148, 212305
     134609, 373.8969, 401.2995, 81.1768, 212385
     134812, 373.7395, 401.2800, 81.8655, 212412
     134812, 373.8679, 401.2747, 81.3060, 212438
     134812, 373.8860, 401.3089, 81.1062, 212483
     134812, 373.8466, 401.2702, 81.5853, 212510
     134812, 373.8347, 401.2087, 82.0644, 212535
     134812, 373.6899, 401.5426, 79.0213, 212562
     135015, 373.7671, 401.3355, 81.5184, 212615
     135015, 373.7670, 401.3686, 81.2263, 212640
     135015, 373.7041, 401.2957, 81.8394, 212665
     135015, 373.7401, 401.3410, 81.5719, 212691
     135015, 373.7349, 401.3342, 81.6519, 212733
     135015, 373.7913, 401.3582, 81.5649, 212760
     135203, 373.7320, 401.3349, 81.6338, 212785
     135203, 373.7407, 401.3322, 81.5706, 212812
     135203, 373.7257, 401.3367, 81.6630, 212838
     135203, 373.7821, 401.3582, 81.7030, 212865
     135203, 373.7494, 401.3517, 81.6724, 212892
     135203, 373.7932, 401.2829, 82.4070, 212919
     135203, 373.7732, 401.3622, 81.6449, 212947
     135312, 373.7382, 401.3591, 81.7063, 212986
     135312, 373.7417, 401.3551, 81.7509, 213012
     135312, 373.6693, 401.3354, 81.6818, 213037
     135312, 373.7210, 401.3668, 81.8720, 213064
     135312, 373.7590, 401.2982, 81.8441, 213116
     135312, 373.7188, 401.2798, 82.2754, 213142
     135312, 373.7191, 401.3695, 81.9121, 213169
     135515, 373.7472, 401.3141, 82.2686, 213237
     135515, 373.7236, 401.2933, 82.4284, 213263
     135703, 373.7665, 401.3237, 82.3398, 213289
     135703, 373.6341, 401.3244, 82.4770, 213339
     135703, 373.7390, 401.3154, 82.3489, 213365
     135703, 373.7189, 401.3181, 82.3517, 213391
     135703, 373.7339, 401.3258, 82.2465, 213418
     135703, 373.6311, 401.3384, 82.3485, 213444
     135812, 373.6081, 401.3648, 81.7878, 213484
     135812, 373.7039, 401.3198, 82.2758, 213512
     135812, 373.6526, 401.3494, 82.0214, 213539
     135812, 373.6856, 401.3256, 82.5803, 213566
     135812, 373.7587, 401.4466, 81.5511, 213592
     135812, 373.7052, 401.3035, 82.3162, 213618
     135812, 373.6908, 401.3627, 81.9532, 213670
     135812, 373.7147, 401.3989, 81.7336, 213698
     136015, 373.6923, 401.3439, 82.2955, 213737
     136015, 373.6940, 401.3654, 81.7906, 213763
     136218, 373.7679, 401.3305, 82.2693, 213788
     136218, 373.7576, 401.3358, 82.1777, 213841
     136218, 373.7704, 401.3250, 82.3190, 213867
     136218, 373.6731, 401.3689, 81.7433, 213918
     136218, 373.6280, 401.3660, 81.7051, 213944
     136421, 373.6241, 401.3970, 81.7763, 213988
     136421, 373.7159, 401.3624, 81.8202, 214040
     136421, 373.7228, 401.2692, 82.3383, 214067
     136421, 373.7748, 401.3195, 82.2466, 214120
     136421, 373.7207, 401.3628, 81.7222, 214145
     136609, 373.7276, 401.3890, 81.6113, 214197
     136609, 373.7217, 401.3617, 81.8838, 214268
     136625, 373.7261, 401.3238, 82.1250, 214294
     136625, 373.6620, 401.3496, 81.8612, 214321
     136625, 373.7664, 401.3328, 82.4409, 214347
     136812, 373.6305, 401.4087, 81.7979, 214424
     136812, 373.8150, 401.3606, 82.2377, 214450
     136812, 373.7724, 401.3304, 82.1974, 214530
     136812, 373.6062, 401.3696, 81.7990, 214584
     137015, 373.7129, 401.3579, 81.7271, 214611
     137015, 373.7317, 401.2983, 82.4147, 214637
     137015, 373.6714, 401.3375, 82.3830, 214665
     137015, 373.7130, 401.2915, 82.2667, 214693
     137015, 373.6780, 401.3455, 81.9023, 214719
     137015, 373.7729, 401.3130, 82.3475, 214746
     137015, 373.7147, 401.2720, 82.5306, 214779
     137015, 373.7104, 401.2829, 82.2622, 214807
     137218, 373.7459, 401.3125, 82.2669, 214861
     137218, 373.7530, 401.2915, 82.4515, 214888
     137218, 373.7324, 401.3116, 82.2348, 214942
     137218, 373.5661, 401.5212, 79.4285, 215005
     137421, 373.6642, 401.3411, 81.7817, 215059
     137421, 373.6577, 401.3352, 81.7766, 215088
     137421, 373.6593, 401.3435, 81.7529, 215116
     137625, 373.7252, 401.3411, 81.8960, 215222
     137625, 373.7730, 401.3042, 82.2654, 215270
     137625, 373.6743, 401.3296, 81.7014, 215295
     137625, 373.6098, 401.5311, 79.2468, 215321
     137625, 373.7067, 401.3701, 81.4215, 215348
     137625, 373.7175, 401.2624, 82.2172, 215401
     137828, 373.7270, 401.2784, 82.2166, 215427
     137828, 373.7204, 401.2786, 82.2135, 215453
     137828, 373.7720, 401.2939, 82.3060, 215480
     137828, 373.7467, 401.2636, 82.5400, 215543
     137828, 373.7601, 401.2926, 82.2185, 215570
     137828, 373.7480, 401.3125, 81.7543, 215596
     138031, 373.8896, 401.2640, 82.1199, 215622
     138031, 373.6652, 401.3512, 81.6718, 215649
     138031, 373.8228, 401.2435, 82.3958, 215675
     138031, 373.6958, 401.3493, 81.7084, 215770
     138031, 373.7664, 401.3018, 81.7178, 215796
     138218, 373.7225, 401.3596, 81.5963, 215821
     138218, 373.7602, 401.4001, 81.5252, 215847
     138234, 373.7550, 401.3268, 82.3058, 215873
     138234, 373.8209, 401.2875, 81.5428, 215900
     138234, 373.7686, 401.3726, 81.6048, 215925
     138234, 373.7821, 401.3876, 81.5555, 215952
     138234, 373.8997, 401.2032, 82.2340, 215984
     138421, 373.9299, 401.2322, 82.1111, 216010
     138421, 373.8692, 401.3052, 81.4587, 216043
     138421, 373.8747, 401.3000, 81.5099, 216070
     138421, 373.8181, 401.2948, 81.6158, 216097
     138421, 373.8814, 401.3079, 81.5581, 216124
     138421, 373.8619, 401.3061, 81.5494, 216152
     138421, 373.9003, 401.2261, 82.0792, 216178
     138625, 373.8044, 401.2794, 81.5600, 216205
     138625, 373.7230, 401.3778, 81.3947, 216233
     138625, 373.9159, 401.2279, 82.2360, 216260
     138625, 373.7134, 401.3556, 81.6667, 216312
     138625, 373.8254, 401.2791, 81.6839, 216338
     138625, 373.7519, 401.3868, 81.4440, 216391
     138828, 373.7340, 401.3560, 81.8102, 216453
     138828, 373.6782, 401.3456, 81.5915, 216531
     138828, 373.7188, 401.3559, 81.7424, 216558
     138828, 373.7531, 401.3726, 81.5861, 216585
     139031, 373.7130, 401.3331, 81.7544, 216612
     139031, 373.7461, 401.2629, 82.2836, 216640
     139031, 373.6925, 401.3329, 81.6981, 216667
     139031, 373.7424, 401.2586, 82.4608, 216701
     139031, 373.7703, 401.2770, 82.3354, 216728
     139031, 373.7185, 401.3545, 81.7915, 216755
     139234, 373.7651, 401.2910, 82.3529, 216808
     139234, 373.7501, 401.2928, 82.2944, 216837
     139234, 373.7571, 401.3016, 82.3153, 216864
     139234, 373.6921, 401.2593, 82.5072, 216892
     139234, 373.7254, 401.2938, 82.4502, 216955
     139437, 373.6980, 401.3010, 82.4328, 217063
     139437, 373.7105, 401.3142, 82.2913, 217093
     139437, 373.6383, 401.3226, 82.6109, 217119
     139437, 373.7131, 401.3077, 82.4446, 217146
     139437, 373.6223, 401.3478, 82.5868, 217193
     139640, 373.5823, 401.3005, 82.4816, 217247
     139640, 373.7459, 401.3683, 82.1793, 217273
     139640, 373.6790, 401.3081, 82.5758, 217301
     139640, 373.6003, 401.3464, 82.5128, 217355
     139640, 373.5704, 401.3615, 81.7474, 217381
     139828, 373.6101, 401.3777, 81.7704, 217456
     139843, 373.5315, 401.4243, 81.6857, 217509
     139843, 373.5805, 401.3492, 81.7832, 217564
     139843, 373.6290, 401.3962, 81.7093, 217597
     140031, 373.7071, 401.3408, 82.2947, 217626
     140031, 373.6506, 401.2904, 82.4777, 217657
     140031, 373.6607, 401.2907, 82.4495, 217711
     140234, 373.6995, 401.3197, 82.4533, 217816
     140234, 373.6356, 401.3803, 81.5981, 217843
     140234, 373.6982, 401.2949, 82.3594, 217869
     140234, 373.6445, 401.3869, 81.6000, 217904
     140234, 373.6329, 401.3834, 81.4624, 217931
     140234, 373.7113, 401.3234, 82.1307, 217983
     140234, 373.7402, 401.3465, 82.2397, 218009
     140437, 373.6888, 401.3063, 82.3779, 218035
     140437, 373.6189, 401.3512, 81.7818, 218062
     140437, 373.6487, 401.2483, 82.9456, 218088
     140437, 373.6248, 401.3887, 81.6673, 218122
     140437, 373.6770, 401.2978, 82.4899, 218176
     140640, 373.5790, 401.3422, 81.7868, 218231
     140640, 373.6871, 401.3116, 82.3875, 218259
     140640, 373.6411, 401.2819, 82.3773, 218285
     140640, 373.5897, 401.3527, 81.6204, 218312
     140640, 373.6307, 401.3827, 81.6248, 218339
     140640, 373.6522, 401.2703, 82.4470, 218387
     140843, 373.7440, 401.3617, 82.1028, 218414
     140843, 373.6007, 401.3146, 82.2603, 218443
     140843, 373.7016, 401.2956, 82.3323, 218469
     140843, 373.6674, 401.2952, 82.3231, 218496
     140843, 373.6325, 401.3681, 81.7332, 218523
     140843, 373.7537, 401.3475, 82.0635, 218551
     140843, 373.7134, 401.3153, 82.3703, 218606
     141046, 373.6848, 401.2906, 82.4269, 218639
     141046, 373.6751, 401.2964, 82.4007, 218665
     141046, 373.6917, 401.3235, 82.2936, 218691
     141046, 373.5893, 401.3085, 82.3596, 218717
     141046, 373.5696, 401.3371, 81.6626, 218748
     141046, 373.6414, 401.3351, 82.2883, 218773
     141046, 373.6336, 401.2711, 82.3163, 218801
     141250, 373.7378, 401.3228, 82.2002, 218864
     141250, 373.6949, 401.3082, 82.1553, 218891
     141250, 373.5966, 401.3012, 82.2495, 218943
     141250, 373.6902, 401.2988, 82.3053, 218970
     141250, 373.6905, 401.2854, 82.3909, 218997
     141437, 373.6805, 401.2793, 82.3874, 219024
     141437, 373.6993, 401.2775, 82.4722, 219051
     141437, 373.6555, 401.2625, 82.3366, 219078
     141453, 373.7021, 401.2892, 82.2694, 219136
     141453, 373.7156, 401.2835, 82.3260, 219189
     141640, 373.7083, 401.2963, 82.2439, 219240
     141640, 373.6602, 401.2679, 82.2209, 219267
     141640, 373.7068, 401.2800, 82.2480, 219293
     141640, 373.7153, 401.2824, 82.2508, 219335
     141640, 373.7139, 401.2736, 82.3385, 219363
     141640, 373.7336, 401.2583, 82.3128, 219389
     141640, 373.7243, 401.2878, 82.1411, 219415
     141640, 373.7355, 401.2874, 82.1379, 219441
     141843, 373.7352, 401.1812, 82.3421, 219468
     141843, 373.6684, 401.2671, 82.0182, 219495
     141843, 373.7193, 401.2759, 82.2723, 219521
     141843, 373.6981, 401.2634, 82.1072, 219548
     141843, 373.6861, 401.2643, 82.1566, 219584
     141843, 373.6920, 401.2604, 82.1657, 219611
     142046, 373.7085, 401.2645, 82.2605, 219636
     142046, 373.6570, 401.3322, 81.3927, 219662
     142046, 373.7195, 401.2878, 82.2067, 219687
     142046, 373.7128, 401.2705, 82.3287, 219714
     142046, 373.7226, 401.2782, 82.2264, 219740
     142046, 373.7202, 401.2751, 82.2515, 219799
     142046, 373.7021, 401.2768, 82.1770, 219825
     142250, 373.6964, 401.2578, 82.4052, 219852
     142250, 373.6500, 401.2524, 82.3053, 219907
     142250, 373.6201, 401.2394, 82.3783, 219960
     142250, 373.6662, 401.2814, 82.4594, 219987
     142250, 373.5322, 401.3023, 82.3407, 220042
     142453, 373.6469, 401.3038, 82.2394, 220068
     142453, 373.6049, 401.2559, 82.5005, 220097
     142453, 373.6081, 401.2689, 82.4641, 220124
     142453, 373.6354, 401.3017, 82.3756, 220151
     142453, 373.6391, 401.3159, 82.4282, 220177
     142453, 373.5890, 401.2772, 82.5837, 220205
     142453, 373.6322, 401.3120, 82.3567, 220231
     142656, 373.6308, 401.3046, 82.4813, 220276
     142656, 373.6280, 401.3014, 82.4638, 220304
     142656, 373.5669, 401.3451, 82.3566, 220330
     142656, 373.6371, 401.3296, 82.4190, 220358
     142656, 373.6230, 401.3164, 82.3860, 220384
     142859, 373.5657, 401.3866, 81.8334, 220439
     142859, 373.4929, 401.3547, 81.8392, 220465
     142859, 373.5800, 401.3100, 82.3804, 220491
     142859, 373.5759, 401.2903, 82.4762, 220538
     142859, 373.4634, 401.5229, 79.6965, 220590
     142859, 373.5172, 401.3512, 81.8627, 220617
     143046, 373.6019, 401.2932, 82.4998, 220645
     143046, 373.6037, 401.4103, 81.7271, 220672
     143062, 373.6554, 401.3220, 82.4841, 220698
     143062, 373.6068, 401.2974, 82.5697, 220726
     143062, 373.6838, 401.2536, 82.5088, 220752
     143062, 373.5354, 401.3307, 82.4933, 220792
     143062, 373.5966, 401.3673, 82.4548, 220817
     143250, 373.5962, 401.3807, 82.3975, 220870
     143250, 373.5739, 401.3722, 82.4660, 220896
     143250, 373.6002, 401.3071, 82.4966, 220922
     143250, 373.6521, 401.3292, 82.4772, 220949
     143250, 373.6518, 401.3330, 82.5215, 221014
     143250, 373.5452, 401.3247, 82.4750, 221042
     143453, 373.5452, 401.3840, 81.7494, 221068
     143453, 373.5473, 401.3510, 82.5147, 221096
     143453, 373.5470, 401.3298, 82.5001, 221122
     143453, 373.5462, 401.3567, 81.7837, 221200
     143453, 373.5576, 401.3325, 82.3197, 221225
     143656, 373.5584, 401.3116, 82.5409, 221258
     143656, 373.6145, 401.3118, 82.2240, 221285
     143656, 373.6689, 401.3192, 82.3938, 221340
     143656, 373.6136, 401.3145, 82.2903, 221368
     143656, 373.5509, 401.3660, 81.6879, 221394
     143656, 373.4893, 401.3926, 81.6744, 221421
     143859, 373.6202, 401.3616, 82.4059, 221448
     143859, 373.5798, 401.3843, 81.6731, 221489
     143859, 373.5917, 401.3347, 82.4999, 221516
     143859, 373.6730, 401.3395, 82.3526, 221543
     143859, 373.5433, 401.3035, 82.5408, 221569
     143859, 373.6485, 401.3278, 82.3513, 221595
     143859, 373.6135, 401.2786, 82.3740, 221622
     143859, 373.5476, 401.3445, 81.7302, 221649
     144062, 373.6627, 401.2932, 82.5016, 221675
     144062, 373.6111, 401.2704, 82.5114, 221702
     144062, 373.6748, 401.2905, 82.4523, 221745
     144062, 373.5468, 401.3146, 81.7526, 221772
     144062, 373.6746, 401.2725, 82.4984, 221798
     144062, 373.6191, 401.3666, 81.6195, 221824
     144265, 373.6597, 401.2845, 82.5252, 221851
     144265, 373.6069, 401.2591, 82.4600, 221878
     144265, 373.6115, 401.2534, 82.4704, 221904
     144265, 373.6542, 401.2815, 82.4259, 221930
     144265, 373.6012, 401.3705, 81.8161, 221969
     144265, 373.6432, 401.2832, 82.4691, 221997
     144265, 373.6591, 401.3030, 82.4602, 222024
     144265, 373.6085, 401.2743, 82.3582, 222053
     144468, 373.6617, 401.2908, 82.4995, 222080
     144468, 373.6148, 401.2237, 82.8888, 222107
     144468, 373.6058, 401.2674, 82.3287, 222133
     144468, 373.6776, 401.2965, 82.3425, 222162
     144468, 373.6326, 401.2351, 82.5287, 222189
     144468, 373.6662, 401.2774, 82.3866, 222222
     144656, 373.6916, 401.2813, 82.2090, 222249
     144656, 373.7078, 401.2759, 82.3157, 222276
     144656, 373.6959, 401.2743, 82.2930, 222303
     144656, 373.7005, 401.2736, 82.2601, 222330
     144671, 373.7016, 401.2893, 82.1166, 222358
     144671, 373.6728, 401.2543, 82.3165, 222384
     144671, 373.6977, 401.2613, 82.2999, 222411
     144671, 373.6923, 401.2499, 82.3881, 222449
     144859, 373.5743, 401.3110, 81.6642, 222477
     144859, 373.6800, 401.2782, 82.2859, 222505
     144859, 373.6347, 401.2610, 82.1509, 222531
     144859, 373.6644, 401.2626, 82.3512, 222558
     144859, 373.6526, 401.2499, 82.5288, 222584
     144859, 373.6140, 401.2439, 82.3193, 222611
     145062, 373.6064, 401.2311, 82.4157, 222688
     145062, 373.6377, 401.2663, 82.3372, 222715
     145062, 373.6421, 401.2690, 82.3380, 222743
     145062, 373.5075, 401.3121, 81.6959, 222770
     145062, 373.5424, 401.2453, 82.3067, 222826
     145062, 373.6099, 401.2831, 82.3308, 222854
     145265, 373.4803, 401.2713, 82.4288, 222881
     145265, 373.5988, 401.2709, 82.4898, 222909
     145265, 373.5339, 401.2432, 82.4695, 222950
     145265, 373.5147, 401.2442, 82.4626, 222978
     145265, 373.5809, 401.2896, 82.5030, 223006
     145265, 373.5282, 401.2520, 82.4731, 223035
     145468, 373.5079, 401.2552, 82.2865, 223064
     145468, 373.5155, 401.2378, 82.4290, 223090
     145468, 373.4971, 401.2405, 82.4280, 223119
     145468, 373.4875, 401.2450, 82.3904, 223147
     145468, 373.4798, 401.2589, 82.5159, 223175
     145468, 373.5775, 401.1673, 83.6596, 223213
     145671, 373.3683, 401.2181, 86.4794, 223240
     145671, 373.4926, 401.2786, 87.1529, 223295
     145671, 373.3934, 401.1849, 87.4304, 223379
     145671, 373.5104, 401.2508, 87.2856, 223407
     145671, 373.4274, 401.1726, 88.1466, 223449
     145875, 373.5114, 401.2450, 87.4188, 223477
     145875, 373.3793, 401.3619, 86.1545, 223506
     145875, 373.4873, 401.2729, 87.2108, 223563
     145875, 373.4937, 401.2333, 87.4319, 223590
     145875, 373.4113, 401.2281, 87.2752, 223618
     146078, 373.5729, 401.1995, 87.2602, 223675
     146078, 373.5277, 401.2730, 87.2480, 223713
     146078, 373.5236, 401.2657, 87.2596, 223741
     146078, 373.3912, 401.1944, 87.3093, 223768
     146078, 373.5278, 401.2420, 87.2762, 223795
     146078, 373.3530, 401.3573, 86.0239, 223851
     146265, 373.5467, 401.2574, 87.2341, 223904
     146281, 373.5276, 401.2405, 87.3535, 223964
     146281, 373.5207, 401.2775, 87.1456, 223991
     146468, 373.3460, 401.1267, 88.0317, 224153
     146468, 373.4162, 401.1976, 87.1985, 224209
     146468, 373.5268, 401.2637, 87.3128, 224235
     146671, 373.5486, 401.2473, 87.1840, 224262
     146671, 373.5481, 401.2457, 87.2331, 224343
     146671, 373.4610, 401.1711, 87.8667, 224369
     146671, 373.5253, 401.2707, 86.9619, 224455
     146875, 373.4481, 401.1556, 88.0436, 224481
     146875, 373.5472, 401.2553, 87.0788, 224507
     146875, 373.3468, 401.1140, 87.9345, 224617
     147078, 373.4623, 401.1820, 87.9943, 224671
     147078, 373.5275, 401.2425, 87.2119, 224732
     147078, 373.4254, 401.1970, 87.3052, 224759
     147078, 373.5219, 401.2790, 87.1842, 224785
     147078, 373.5988, 401.1877, 87.1525, 224839
